#
# A fatal error has been detected by the Java Runtime Environment:
#
#  EXCEPTION_ACCESS_VIOLATION (0xc0000005) at pc=0x00007fffb7bcb800, pid=8388, tid=8504
#
# JRE version: Java(TM) SE Runtime Environment 18.9 (11.0.9+7) (build 11.0.9+7-LTS)
# Java VM: Java HotSpot(TM) 64-Bit Server VM 18.9 (11.0.9+7-LTS, mixed mode, tiered, compressed oops, g1 gc, windows-amd64)
# Problematic frame:
# C  [ig9icd64.dll+0x2b800]
#
# No core dump will be written. Minidumps are not enabled by default on client versions of Windows
#
# If you would like to submit a bug report, please visit:
#   https://bugreport.java.com/bugreport/crash.jsp
# The crash happened outside the Java Virtual Machine in native code.
# See problematic frame for where to report the bug.
#

---------------  S U M M A R Y ------------

Command Line: -Dfile.encoding=Cp1252 core.Cy4Engine

Host: Intel(R) Core(TM) i5-8250U CPU @ 1.60GHz, 8 cores, 15G,  Windows 10 , 64 bit Build 18362 (10.0.18362.1110)
Time: Mon Dec 14 19:43:13 2020 GMT Standard Time elapsed time: 1.055755 seconds (0d 0h 0m 1s)

---------------  T H R E A D  ---------------

Current thread (0x000002355495b800):  JavaThread "main" [_thread_in_native, id=8504, stack(0x00000051ed200000,0x00000051ed300000)]

Stack: [0x00000051ed200000,0x00000051ed300000],  sp=0x00000051ed2f8448,  free space=993k
Native frames: (J=compiled Java code, j=interpreted, Vv=VM code, C=native code)
C  [ig9icd64.dll+0x2b800]

Java frames: (J=compiled Java code, j=interpreted, Vv=VM code)
j  org.lwjgl.opengl.GL20.glCompileShader(I)V+0
j  core.shaders.Shader.addProgram(Ljava/lang/String;I)V+50
j  core.shaders.Shader.addVertexShader(Ljava/lang/String;)V+4
j  modules.terrain.TerrainShader.<init>()V+10
j  modules.terrain.TerrainShader.getInstance()Lmodules/terrain/TerrainShader;+10
j  modules.terrain.TerrainNode.<init>(Lcore/buffers/PatchVBO;Lmodules/terrain/TerrainConfig;Lcore/math/Vec2f;ILcore/math/Vec2f;)V+213
j  modules.terrain.TerrainQuadTree.<init>(Lmodules/terrain/TerrainConfig;)V+73
j  modules.terrain.Terrain.init(Ljava/lang/String;)V+28
j  core.kernel.RenderingEngine.init()V+13
j  core.kernel.CoreEngine.init()V+7
j  core.kernel.Game.init()V+4
j  core.Cy4Engine.main([Ljava/lang/String;)V+24
v  ~StubRoutines::call_stub

siginfo: EXCEPTION_ACCESS_VIOLATION (0xc0000005), reading address 0x0000000000000010


Register to memory mapping:

RIP=0x00007fffb7bcb800 ig9icd64.dll
RAX=0x0000000000000003 is an unknown value
RBX=0x00000000fffffd76 is an unknown value
RCX=0x0 is NULL
RDX=0x00000051ed2f8ba8 is pointing into the stack for thread: 0x000002355495b800
RSP=0x00000051ed2f8448 is pointing into the stack for thread: 0x000002355495b800
RBP=0x00000051ed2f8590 is pointing into the stack for thread: 0x000002355495b800
RSI=0x000002357988e050 points into unknown readable memory: 50 63 41 79 35 02 00 00
RDI=0x00000051ed2f8ba8 is pointing into the stack for thread: 0x000002355495b800
R8 =0x0 is NULL
R9 =0x00007fffb7ba0000 ig9icd64.dll
R10=0x0000000000002710 is an unknown value
R11=0x00000051ed2f8470 is pointing into the stack for thread: 0x000002355495b800
R12=0x0000000000000002 is an unknown value
R13=0x000002357988e050 points into unknown readable memory: 50 63 41 79 35 02 00 00
R14=0x00000051ed2fe638 is pointing into the stack for thread: 0x000002355495b800
R15=0x00000000000002ce is an unknown value


Registers:
RAX=0x0000000000000003, RBX=0x00000000fffffd76, RCX=0x0000000000000000, RDX=0x00000051ed2f8ba8
RSP=0x00000051ed2f8448, RBP=0x00000051ed2f8590, RSI=0x000002357988e050, RDI=0x00000051ed2f8ba8
R8 =0x0000000000000000, R9 =0x00007fffb7ba0000, R10=0x0000000000002710, R11=0x00000051ed2f8470
R12=0x0000000000000002, R13=0x000002357988e050, R14=0x00000051ed2fe638, R15=0x00000000000002ce
RIP=0x00007fffb7bcb800, EFLAGS=0x0000000000010206

Top of Stack: (sp=0x00000051ed2f8448)
0x00000051ed2f8448:   00007fffb7d4e4cd 00000000fffffd76
0x00000051ed2f8458:   00007fffb7d52308 0000023504bc6a18
0x00000051ed2f8468:   00000051ed2f8590 00000000000002cd
0x00000051ed2f8478:   00000051ed2fe638 00000051ed2f8e00
0x00000051ed2f8488:   00007fffb7d731de 00000000fffffd76
0x00000051ed2f8498:   000000000000059c 00000051ed2f8590
0x00000051ed2f84a8:   000000000000059a 0000023504bc65f0
0x00000051ed2f84b8:   00000051ed2f91c0 00000051ed2f9001
0x00000051ed2f84c8:   0000023504bc60d8 0000000000000012
0x00000051ed2f84d8:   0000023504bc5a98 0000023504bc3a78
0x00000051ed2f84e8:   0000000000000000 0000000000000000
0x00000051ed2f84f8:   0000000000000000 0000000000000000
0x00000051ed2f8508:   0000000000000000 0000000000000000
0x00000051ed2f8518:   0000000000000000 0000000000000000
0x00000051ed2f8528:   0000000000000000 0000000000000000
0x00000051ed2f8538:   0000000000000000 0000000000000000 

Instructions: (pc=0x00007fffb7bcb800)
0x00007fffb7bcb7e0:   01 8b 42 04 83 f8 ff 75 05 ff c0 89 42 04 c3 cc
0x00007fffb7bcb7f0:   48 8b 41 08 8b d2 48 8b 84 d0 b8 01 00 00 c3 cc
0x00007fffb7bcb800:   48 8b 41 10 c3 cc cc cc cc cc cc cc cc cc cc cc
0x00007fffb7bcb810:   48 8b 41 08 48 05 88 00 00 00 c3 cc cc cc cc cc 


Stack slot to memory mapping:
stack at sp + 0 slots: 0x00007fffb7d4e4cd ig9icd64.dll
stack at sp + 1 slots: 0x00000000fffffd76 is an unknown value
stack at sp + 2 slots: 0x00007fffb7d52308 ig9icd64.dll
stack at sp + 3 slots: 0x0000023504bc6a18 points into unknown readable memory: 40 17 6c b8 ff 7f 00 00
stack at sp + 4 slots: 0x00000051ed2f8590 is pointing into the stack for thread: 0x000002355495b800
stack at sp + 5 slots: 0x00000000000002cd is an unknown value
stack at sp + 6 slots: 0x00000051ed2fe638 is pointing into the stack for thread: 0x000002355495b800
stack at sp + 7 slots: 0x00000051ed2f8e00 is pointing into the stack for thread: 0x000002355495b800


---------------  P R O C E S S  ---------------

Threads class SMR info:
_java_thread_list=0x00000235797bae20, length=11, elements={
0x000002355495b800, 0x000002357839a800, 0x00000235783a3800, 0x0000023578cac000,
0x0000023578cae000, 0x0000023578cb1000, 0x0000023578c64800, 0x0000023578cb7000,
0x0000023578e16800, 0x0000023578e29000, 0x000002357988f800
}

Java Threads: ( => current thread )
=>0x000002355495b800 JavaThread "main" [_thread_in_native, id=8504, stack(0x00000051ed200000,0x00000051ed300000)]
  0x000002357839a800 JavaThread "Reference Handler" daemon [_thread_blocked, id=4896, stack(0x00000051ed900000,0x00000051eda00000)]
  0x00000235783a3800 JavaThread "Finalizer" daemon [_thread_blocked, id=8888, stack(0x00000051eda00000,0x00000051edb00000)]
  0x0000023578cac000 JavaThread "Signal Dispatcher" daemon [_thread_blocked, id=8360, stack(0x00000051edb00000,0x00000051edc00000)]
  0x0000023578cae000 JavaThread "Attach Listener" daemon [_thread_blocked, id=4936, stack(0x00000051edc00000,0x00000051edd00000)]
  0x0000023578cb1000 JavaThread "C2 CompilerThread0" daemon [_thread_blocked, id=7176, stack(0x00000051edd00000,0x00000051ede00000)]
  0x0000023578c64800 JavaThread "C1 CompilerThread0" daemon [_thread_blocked, id=6480, stack(0x00000051ede00000,0x00000051edf00000)]
  0x0000023578cb7000 JavaThread "Sweeper thread" daemon [_thread_blocked, id=812, stack(0x00000051edf00000,0x00000051ee000000)]
  0x0000023578e16800 JavaThread "Service Thread" daemon [_thread_blocked, id=12276, stack(0x00000051ee000000,0x00000051ee100000)]
  0x0000023578e29000 JavaThread "Common-Cleaner" daemon [_thread_blocked, id=15160, stack(0x00000051ee200000,0x00000051ee300000)]
  0x000002357988f800 JavaThread "C2 CompilerThread1" daemon [_thread_blocked, id=12560, stack(0x00000051eea00000,0x00000051eeb00000)]

Other Threads:
  0x0000023578397000 VMThread "VM Thread" [stack: 0x00000051ed800000,0x00000051ed900000] [id=4912]
  0x0000023578e28000 WatcherThread [stack: 0x00000051ee100000,0x00000051ee200000] [id=4900]
  0x0000023554971000 GCTaskThread "GC Thread#0" [stack: 0x00000051ed300000,0x00000051ed400000] [id=9492]
  0x00000235549ce800 ConcurrentGCThread "G1 Main Marker" [stack: 0x00000051ed400000,0x00000051ed500000] [id=8400]
  0x00000235549d2000 ConcurrentGCThread "G1 Conc#0" [stack: 0x00000051ed500000,0x00000051ed600000] [id=6976]
  0x0000023578276800 ConcurrentGCThread "G1 Refine#0" [stack: 0x00000051ed600000,0x00000051ed700000] [id=9496]
  0x000002357827a800 ConcurrentGCThread "G1 Young RemSet Sampling" [stack: 0x00000051ed700000,0x00000051ed800000] [id=4924]

Threads with active compile tasks:

VM state:not at safepoint (normal execution)

VM Mutex/Monitor currently owned by a thread: None

Heap address: 0x0000000701c00000, size: 4068 MB, Compressed Oops mode: Zero based, Oop shift amount: 3
Narrow klass base: 0x0000000800000000, Narrow klass shift: 0
Compressed class space size: 1073741824 Address: 0x0000000800000000

Heap:
 garbage-first heap   total 262144K, used 9216K [0x0000000701c00000, 0x0000000800000000)
  region size 1024K, 11 young (11264K), 0 survivors (0K)
 Metaspace       used 11303K, capacity 11447K, committed 11776K, reserved 1060864K
  class space    used 873K, capacity 927K, committed 1024K, reserved 1048576K
Heap Regions: E=young(eden), S=young(survivor), O=old, HS=humongous(starts), HC=humongous(continues), CS=collection set, F=free, A=archive, TAMS=top-at-mark-start (previous, next)
|   0|0x0000000701c00000, 0x0000000701c00000, 0x0000000701d00000|  0%| F|  |TAMS 0x0000000701c00000, 0x0000000701c00000| Untracked 
|   1|0x0000000701d00000, 0x0000000701d00000, 0x0000000701e00000|  0%| F|  |TAMS 0x0000000701d00000, 0x0000000701d00000| Untracked 
|   2|0x0000000701e00000, 0x0000000701e00000, 0x0000000701f00000|  0%| F|  |TAMS 0x0000000701e00000, 0x0000000701e00000| Untracked 
|   3|0x0000000701f00000, 0x0000000701f00000, 0x0000000702000000|  0%| F|  |TAMS 0x0000000701f00000, 0x0000000701f00000| Untracked 
|   4|0x0000000702000000, 0x0000000702000000, 0x0000000702100000|  0%| F|  |TAMS 0x0000000702000000, 0x0000000702000000| Untracked 
|   5|0x0000000702100000, 0x0000000702100000, 0x0000000702200000|  0%| F|  |TAMS 0x0000000702100000, 0x0000000702100000| Untracked 
|   6|0x0000000702200000, 0x0000000702200000, 0x0000000702300000|  0%| F|  |TAMS 0x0000000702200000, 0x0000000702200000| Untracked 
|   7|0x0000000702300000, 0x0000000702300000, 0x0000000702400000|  0%| F|  |TAMS 0x0000000702300000, 0x0000000702300000| Untracked 
|   8|0x0000000702400000, 0x0000000702400000, 0x0000000702500000|  0%| F|  |TAMS 0x0000000702400000, 0x0000000702400000| Untracked 
|   9|0x0000000702500000, 0x0000000702500000, 0x0000000702600000|  0%| F|  |TAMS 0x0000000702500000, 0x0000000702500000| Untracked 
|  10|0x0000000702600000, 0x0000000702600000, 0x0000000702700000|  0%| F|  |TAMS 0x0000000702600000, 0x0000000702600000| Untracked 
|  11|0x0000000702700000, 0x0000000702700000, 0x0000000702800000|  0%| F|  |TAMS 0x0000000702700000, 0x0000000702700000| Untracked 
|  12|0x0000000702800000, 0x0000000702800000, 0x0000000702900000|  0%| F|  |TAMS 0x0000000702800000, 0x0000000702800000| Untracked 
|  13|0x0000000702900000, 0x0000000702900000, 0x0000000702a00000|  0%| F|  |TAMS 0x0000000702900000, 0x0000000702900000| Untracked 
|  14|0x0000000702a00000, 0x0000000702a00000, 0x0000000702b00000|  0%| F|  |TAMS 0x0000000702a00000, 0x0000000702a00000| Untracked 
|  15|0x0000000702b00000, 0x0000000702b00000, 0x0000000702c00000|  0%| F|  |TAMS 0x0000000702b00000, 0x0000000702b00000| Untracked 
|  16|0x0000000702c00000, 0x0000000702c00000, 0x0000000702d00000|  0%| F|  |TAMS 0x0000000702c00000, 0x0000000702c00000| Untracked 
|  17|0x0000000702d00000, 0x0000000702d00000, 0x0000000702e00000|  0%| F|  |TAMS 0x0000000702d00000, 0x0000000702d00000| Untracked 
|  18|0x0000000702e00000, 0x0000000702e00000, 0x0000000702f00000|  0%| F|  |TAMS 0x0000000702e00000, 0x0000000702e00000| Untracked 
|  19|0x0000000702f00000, 0x0000000702f00000, 0x0000000703000000|  0%| F|  |TAMS 0x0000000702f00000, 0x0000000702f00000| Untracked 
|  20|0x0000000703000000, 0x0000000703000000, 0x0000000703100000|  0%| F|  |TAMS 0x0000000703000000, 0x0000000703000000| Untracked 
|  21|0x0000000703100000, 0x0000000703100000, 0x0000000703200000|  0%| F|  |TAMS 0x0000000703100000, 0x0000000703100000| Untracked 
|  22|0x0000000703200000, 0x0000000703200000, 0x0000000703300000|  0%| F|  |TAMS 0x0000000703200000, 0x0000000703200000| Untracked 
|  23|0x0000000703300000, 0x0000000703300000, 0x0000000703400000|  0%| F|  |TAMS 0x0000000703300000, 0x0000000703300000| Untracked 
|  24|0x0000000703400000, 0x0000000703400000, 0x0000000703500000|  0%| F|  |TAMS 0x0000000703400000, 0x0000000703400000| Untracked 
|  25|0x0000000703500000, 0x0000000703500000, 0x0000000703600000|  0%| F|  |TAMS 0x0000000703500000, 0x0000000703500000| Untracked 
|  26|0x0000000703600000, 0x0000000703600000, 0x0000000703700000|  0%| F|  |TAMS 0x0000000703600000, 0x0000000703600000| Untracked 
|  27|0x0000000703700000, 0x0000000703700000, 0x0000000703800000|  0%| F|  |TAMS 0x0000000703700000, 0x0000000703700000| Untracked 
|  28|0x0000000703800000, 0x0000000703800000, 0x0000000703900000|  0%| F|  |TAMS 0x0000000703800000, 0x0000000703800000| Untracked 
|  29|0x0000000703900000, 0x0000000703900000, 0x0000000703a00000|  0%| F|  |TAMS 0x0000000703900000, 0x0000000703900000| Untracked 
|  30|0x0000000703a00000, 0x0000000703a00000, 0x0000000703b00000|  0%| F|  |TAMS 0x0000000703a00000, 0x0000000703a00000| Untracked 
|  31|0x0000000703b00000, 0x0000000703b00000, 0x0000000703c00000|  0%| F|  |TAMS 0x0000000703b00000, 0x0000000703b00000| Untracked 
|  32|0x0000000703c00000, 0x0000000703c00000, 0x0000000703d00000|  0%| F|  |TAMS 0x0000000703c00000, 0x0000000703c00000| Untracked 
|  33|0x0000000703d00000, 0x0000000703d00000, 0x0000000703e00000|  0%| F|  |TAMS 0x0000000703d00000, 0x0000000703d00000| Untracked 
|  34|0x0000000703e00000, 0x0000000703e00000, 0x0000000703f00000|  0%| F|  |TAMS 0x0000000703e00000, 0x0000000703e00000| Untracked 
|  35|0x0000000703f00000, 0x0000000703f00000, 0x0000000704000000|  0%| F|  |TAMS 0x0000000703f00000, 0x0000000703f00000| Untracked 
|  36|0x0000000704000000, 0x0000000704000000, 0x0000000704100000|  0%| F|  |TAMS 0x0000000704000000, 0x0000000704000000| Untracked 
|  37|0x0000000704100000, 0x0000000704100000, 0x0000000704200000|  0%| F|  |TAMS 0x0000000704100000, 0x0000000704100000| Untracked 
|  38|0x0000000704200000, 0x0000000704200000, 0x0000000704300000|  0%| F|  |TAMS 0x0000000704200000, 0x0000000704200000| Untracked 
|  39|0x0000000704300000, 0x0000000704300000, 0x0000000704400000|  0%| F|  |TAMS 0x0000000704300000, 0x0000000704300000| Untracked 
|  40|0x0000000704400000, 0x0000000704400000, 0x0000000704500000|  0%| F|  |TAMS 0x0000000704400000, 0x0000000704400000| Untracked 
|  41|0x0000000704500000, 0x0000000704500000, 0x0000000704600000|  0%| F|  |TAMS 0x0000000704500000, 0x0000000704500000| Untracked 
|  42|0x0000000704600000, 0x0000000704600000, 0x0000000704700000|  0%| F|  |TAMS 0x0000000704600000, 0x0000000704600000| Untracked 
|  43|0x0000000704700000, 0x0000000704700000, 0x0000000704800000|  0%| F|  |TAMS 0x0000000704700000, 0x0000000704700000| Untracked 
|  44|0x0000000704800000, 0x0000000704800000, 0x0000000704900000|  0%| F|  |TAMS 0x0000000704800000, 0x0000000704800000| Untracked 
|  45|0x0000000704900000, 0x0000000704900000, 0x0000000704a00000|  0%| F|  |TAMS 0x0000000704900000, 0x0000000704900000| Untracked 
|  46|0x0000000704a00000, 0x0000000704a00000, 0x0000000704b00000|  0%| F|  |TAMS 0x0000000704a00000, 0x0000000704a00000| Untracked 
|  47|0x0000000704b00000, 0x0000000704b00000, 0x0000000704c00000|  0%| F|  |TAMS 0x0000000704b00000, 0x0000000704b00000| Untracked 
|  48|0x0000000704c00000, 0x0000000704c00000, 0x0000000704d00000|  0%| F|  |TAMS 0x0000000704c00000, 0x0000000704c00000| Untracked 
|  49|0x0000000704d00000, 0x0000000704d00000, 0x0000000704e00000|  0%| F|  |TAMS 0x0000000704d00000, 0x0000000704d00000| Untracked 
|  50|0x0000000704e00000, 0x0000000704e00000, 0x0000000704f00000|  0%| F|  |TAMS 0x0000000704e00000, 0x0000000704e00000| Untracked 
|  51|0x0000000704f00000, 0x0000000704f00000, 0x0000000705000000|  0%| F|  |TAMS 0x0000000704f00000, 0x0000000704f00000| Untracked 
|  52|0x0000000705000000, 0x0000000705000000, 0x0000000705100000|  0%| F|  |TAMS 0x0000000705000000, 0x0000000705000000| Untracked 
|  53|0x0000000705100000, 0x0000000705100000, 0x0000000705200000|  0%| F|  |TAMS 0x0000000705100000, 0x0000000705100000| Untracked 
|  54|0x0000000705200000, 0x0000000705200000, 0x0000000705300000|  0%| F|  |TAMS 0x0000000705200000, 0x0000000705200000| Untracked 
|  55|0x0000000705300000, 0x0000000705300000, 0x0000000705400000|  0%| F|  |TAMS 0x0000000705300000, 0x0000000705300000| Untracked 
|  56|0x0000000705400000, 0x0000000705400000, 0x0000000705500000|  0%| F|  |TAMS 0x0000000705400000, 0x0000000705400000| Untracked 
|  57|0x0000000705500000, 0x0000000705500000, 0x0000000705600000|  0%| F|  |TAMS 0x0000000705500000, 0x0000000705500000| Untracked 
|  58|0x0000000705600000, 0x0000000705600000, 0x0000000705700000|  0%| F|  |TAMS 0x0000000705600000, 0x0000000705600000| Untracked 
|  59|0x0000000705700000, 0x0000000705700000, 0x0000000705800000|  0%| F|  |TAMS 0x0000000705700000, 0x0000000705700000| Untracked 
|  60|0x0000000705800000, 0x0000000705800000, 0x0000000705900000|  0%| F|  |TAMS 0x0000000705800000, 0x0000000705800000| Untracked 
|  61|0x0000000705900000, 0x0000000705900000, 0x0000000705a00000|  0%| F|  |TAMS 0x0000000705900000, 0x0000000705900000| Untracked 
|  62|0x0000000705a00000, 0x0000000705a00000, 0x0000000705b00000|  0%| F|  |TAMS 0x0000000705a00000, 0x0000000705a00000| Untracked 
|  63|0x0000000705b00000, 0x0000000705b00000, 0x0000000705c00000|  0%| F|  |TAMS 0x0000000705b00000, 0x0000000705b00000| Untracked 
|  64|0x0000000705c00000, 0x0000000705c00000, 0x0000000705d00000|  0%| F|  |TAMS 0x0000000705c00000, 0x0000000705c00000| Untracked 
|  65|0x0000000705d00000, 0x0000000705d00000, 0x0000000705e00000|  0%| F|  |TAMS 0x0000000705d00000, 0x0000000705d00000| Untracked 
|  66|0x0000000705e00000, 0x0000000705e00000, 0x0000000705f00000|  0%| F|  |TAMS 0x0000000705e00000, 0x0000000705e00000| Untracked 
|  67|0x0000000705f00000, 0x0000000705f00000, 0x0000000706000000|  0%| F|  |TAMS 0x0000000705f00000, 0x0000000705f00000| Untracked 
|  68|0x0000000706000000, 0x0000000706000000, 0x0000000706100000|  0%| F|  |TAMS 0x0000000706000000, 0x0000000706000000| Untracked 
|  69|0x0000000706100000, 0x0000000706100000, 0x0000000706200000|  0%| F|  |TAMS 0x0000000706100000, 0x0000000706100000| Untracked 
|  70|0x0000000706200000, 0x0000000706200000, 0x0000000706300000|  0%| F|  |TAMS 0x0000000706200000, 0x0000000706200000| Untracked 
|  71|0x0000000706300000, 0x0000000706300000, 0x0000000706400000|  0%| F|  |TAMS 0x0000000706300000, 0x0000000706300000| Untracked 
|  72|0x0000000706400000, 0x0000000706400000, 0x0000000706500000|  0%| F|  |TAMS 0x0000000706400000, 0x0000000706400000| Untracked 
|  73|0x0000000706500000, 0x0000000706500000, 0x0000000706600000|  0%| F|  |TAMS 0x0000000706500000, 0x0000000706500000| Untracked 
|  74|0x0000000706600000, 0x0000000706600000, 0x0000000706700000|  0%| F|  |TAMS 0x0000000706600000, 0x0000000706600000| Untracked 
|  75|0x0000000706700000, 0x0000000706700000, 0x0000000706800000|  0%| F|  |TAMS 0x0000000706700000, 0x0000000706700000| Untracked 
|  76|0x0000000706800000, 0x0000000706800000, 0x0000000706900000|  0%| F|  |TAMS 0x0000000706800000, 0x0000000706800000| Untracked 
|  77|0x0000000706900000, 0x0000000706900000, 0x0000000706a00000|  0%| F|  |TAMS 0x0000000706900000, 0x0000000706900000| Untracked 
|  78|0x0000000706a00000, 0x0000000706a00000, 0x0000000706b00000|  0%| F|  |TAMS 0x0000000706a00000, 0x0000000706a00000| Untracked 
|  79|0x0000000706b00000, 0x0000000706b00000, 0x0000000706c00000|  0%| F|  |TAMS 0x0000000706b00000, 0x0000000706b00000| Untracked 
|  80|0x0000000706c00000, 0x0000000706c00000, 0x0000000706d00000|  0%| F|  |TAMS 0x0000000706c00000, 0x0000000706c00000| Untracked 
|  81|0x0000000706d00000, 0x0000000706d00000, 0x0000000706e00000|  0%| F|  |TAMS 0x0000000706d00000, 0x0000000706d00000| Untracked 
|  82|0x0000000706e00000, 0x0000000706e00000, 0x0000000706f00000|  0%| F|  |TAMS 0x0000000706e00000, 0x0000000706e00000| Untracked 
|  83|0x0000000706f00000, 0x0000000706f00000, 0x0000000707000000|  0%| F|  |TAMS 0x0000000706f00000, 0x0000000706f00000| Untracked 
|  84|0x0000000707000000, 0x0000000707000000, 0x0000000707100000|  0%| F|  |TAMS 0x0000000707000000, 0x0000000707000000| Untracked 
|  85|0x0000000707100000, 0x0000000707100000, 0x0000000707200000|  0%| F|  |TAMS 0x0000000707100000, 0x0000000707100000| Untracked 
|  86|0x0000000707200000, 0x0000000707200000, 0x0000000707300000|  0%| F|  |TAMS 0x0000000707200000, 0x0000000707200000| Untracked 
|  87|0x0000000707300000, 0x0000000707300000, 0x0000000707400000|  0%| F|  |TAMS 0x0000000707300000, 0x0000000707300000| Untracked 
|  88|0x0000000707400000, 0x0000000707400000, 0x0000000707500000|  0%| F|  |TAMS 0x0000000707400000, 0x0000000707400000| Untracked 
|  89|0x0000000707500000, 0x0000000707500000, 0x0000000707600000|  0%| F|  |TAMS 0x0000000707500000, 0x0000000707500000| Untracked 
|  90|0x0000000707600000, 0x0000000707600000, 0x0000000707700000|  0%| F|  |TAMS 0x0000000707600000, 0x0000000707600000| Untracked 
|  91|0x0000000707700000, 0x0000000707700000, 0x0000000707800000|  0%| F|  |TAMS 0x0000000707700000, 0x0000000707700000| Untracked 
|  92|0x0000000707800000, 0x0000000707800000, 0x0000000707900000|  0%| F|  |TAMS 0x0000000707800000, 0x0000000707800000| Untracked 
|  93|0x0000000707900000, 0x0000000707900000, 0x0000000707a00000|  0%| F|  |TAMS 0x0000000707900000, 0x0000000707900000| Untracked 
|  94|0x0000000707a00000, 0x0000000707a00000, 0x0000000707b00000|  0%| F|  |TAMS 0x0000000707a00000, 0x0000000707a00000| Untracked 
|  95|0x0000000707b00000, 0x0000000707b00000, 0x0000000707c00000|  0%| F|  |TAMS 0x0000000707b00000, 0x0000000707b00000| Untracked 
|  96|0x0000000707c00000, 0x0000000707c00000, 0x0000000707d00000|  0%| F|  |TAMS 0x0000000707c00000, 0x0000000707c00000| Untracked 
|  97|0x0000000707d00000, 0x0000000707d00000, 0x0000000707e00000|  0%| F|  |TAMS 0x0000000707d00000, 0x0000000707d00000| Untracked 
|  98|0x0000000707e00000, 0x0000000707e00000, 0x0000000707f00000|  0%| F|  |TAMS 0x0000000707e00000, 0x0000000707e00000| Untracked 
|  99|0x0000000707f00000, 0x0000000707f00000, 0x0000000708000000|  0%| F|  |TAMS 0x0000000707f00000, 0x0000000707f00000| Untracked 
| 100|0x0000000708000000, 0x0000000708000000, 0x0000000708100000|  0%| F|  |TAMS 0x0000000708000000, 0x0000000708000000| Untracked 
| 101|0x0000000708100000, 0x0000000708100000, 0x0000000708200000|  0%| F|  |TAMS 0x0000000708100000, 0x0000000708100000| Untracked 
| 102|0x0000000708200000, 0x0000000708200000, 0x0000000708300000|  0%| F|  |TAMS 0x0000000708200000, 0x0000000708200000| Untracked 
| 103|0x0000000708300000, 0x0000000708300000, 0x0000000708400000|  0%| F|  |TAMS 0x0000000708300000, 0x0000000708300000| Untracked 
| 104|0x0000000708400000, 0x0000000708400000, 0x0000000708500000|  0%| F|  |TAMS 0x0000000708400000, 0x0000000708400000| Untracked 
| 105|0x0000000708500000, 0x0000000708500000, 0x0000000708600000|  0%| F|  |TAMS 0x0000000708500000, 0x0000000708500000| Untracked 
| 106|0x0000000708600000, 0x0000000708600000, 0x0000000708700000|  0%| F|  |TAMS 0x0000000708600000, 0x0000000708600000| Untracked 
| 107|0x0000000708700000, 0x0000000708700000, 0x0000000708800000|  0%| F|  |TAMS 0x0000000708700000, 0x0000000708700000| Untracked 
| 108|0x0000000708800000, 0x0000000708800000, 0x0000000708900000|  0%| F|  |TAMS 0x0000000708800000, 0x0000000708800000| Untracked 
| 109|0x0000000708900000, 0x0000000708900000, 0x0000000708a00000|  0%| F|  |TAMS 0x0000000708900000, 0x0000000708900000| Untracked 
| 110|0x0000000708a00000, 0x0000000708a00000, 0x0000000708b00000|  0%| F|  |TAMS 0x0000000708a00000, 0x0000000708a00000| Untracked 
| 111|0x0000000708b00000, 0x0000000708b00000, 0x0000000708c00000|  0%| F|  |TAMS 0x0000000708b00000, 0x0000000708b00000| Untracked 
| 112|0x0000000708c00000, 0x0000000708c00000, 0x0000000708d00000|  0%| F|  |TAMS 0x0000000708c00000, 0x0000000708c00000| Untracked 
| 113|0x0000000708d00000, 0x0000000708d00000, 0x0000000708e00000|  0%| F|  |TAMS 0x0000000708d00000, 0x0000000708d00000| Untracked 
| 114|0x0000000708e00000, 0x0000000708e00000, 0x0000000708f00000|  0%| F|  |TAMS 0x0000000708e00000, 0x0000000708e00000| Untracked 
| 115|0x0000000708f00000, 0x0000000708f00000, 0x0000000709000000|  0%| F|  |TAMS 0x0000000708f00000, 0x0000000708f00000| Untracked 
| 116|0x0000000709000000, 0x0000000709000000, 0x0000000709100000|  0%| F|  |TAMS 0x0000000709000000, 0x0000000709000000| Untracked 
| 117|0x0000000709100000, 0x0000000709100000, 0x0000000709200000|  0%| F|  |TAMS 0x0000000709100000, 0x0000000709100000| Untracked 
| 118|0x0000000709200000, 0x0000000709200000, 0x0000000709300000|  0%| F|  |TAMS 0x0000000709200000, 0x0000000709200000| Untracked 
| 119|0x0000000709300000, 0x0000000709300000, 0x0000000709400000|  0%| F|  |TAMS 0x0000000709300000, 0x0000000709300000| Untracked 
| 120|0x0000000709400000, 0x0000000709400000, 0x0000000709500000|  0%| F|  |TAMS 0x0000000709400000, 0x0000000709400000| Untracked 
| 121|0x0000000709500000, 0x0000000709500000, 0x0000000709600000|  0%| F|  |TAMS 0x0000000709500000, 0x0000000709500000| Untracked 
| 122|0x0000000709600000, 0x0000000709600000, 0x0000000709700000|  0%| F|  |TAMS 0x0000000709600000, 0x0000000709600000| Untracked 
| 123|0x0000000709700000, 0x0000000709700000, 0x0000000709800000|  0%| F|  |TAMS 0x0000000709700000, 0x0000000709700000| Untracked 
| 124|0x0000000709800000, 0x0000000709800000, 0x0000000709900000|  0%| F|  |TAMS 0x0000000709800000, 0x0000000709800000| Untracked 
| 125|0x0000000709900000, 0x0000000709900000, 0x0000000709a00000|  0%| F|  |TAMS 0x0000000709900000, 0x0000000709900000| Untracked 
| 126|0x0000000709a00000, 0x0000000709a00000, 0x0000000709b00000|  0%| F|  |TAMS 0x0000000709a00000, 0x0000000709a00000| Untracked 
| 127|0x0000000709b00000, 0x0000000709b00000, 0x0000000709c00000|  0%| F|  |TAMS 0x0000000709b00000, 0x0000000709b00000| Untracked 
| 128|0x0000000709c00000, 0x0000000709c00000, 0x0000000709d00000|  0%| F|  |TAMS 0x0000000709c00000, 0x0000000709c00000| Untracked 
| 129|0x0000000709d00000, 0x0000000709d00000, 0x0000000709e00000|  0%| F|  |TAMS 0x0000000709d00000, 0x0000000709d00000| Untracked 
| 130|0x0000000709e00000, 0x0000000709e00000, 0x0000000709f00000|  0%| F|  |TAMS 0x0000000709e00000, 0x0000000709e00000| Untracked 
| 131|0x0000000709f00000, 0x0000000709f00000, 0x000000070a000000|  0%| F|  |TAMS 0x0000000709f00000, 0x0000000709f00000| Untracked 
| 132|0x000000070a000000, 0x000000070a000000, 0x000000070a100000|  0%| F|  |TAMS 0x000000070a000000, 0x000000070a000000| Untracked 
| 133|0x000000070a100000, 0x000000070a100000, 0x000000070a200000|  0%| F|  |TAMS 0x000000070a100000, 0x000000070a100000| Untracked 
| 134|0x000000070a200000, 0x000000070a200000, 0x000000070a300000|  0%| F|  |TAMS 0x000000070a200000, 0x000000070a200000| Untracked 
| 135|0x000000070a300000, 0x000000070a300000, 0x000000070a400000|  0%| F|  |TAMS 0x000000070a300000, 0x000000070a300000| Untracked 
| 136|0x000000070a400000, 0x000000070a400000, 0x000000070a500000|  0%| F|  |TAMS 0x000000070a400000, 0x000000070a400000| Untracked 
| 137|0x000000070a500000, 0x000000070a500000, 0x000000070a600000|  0%| F|  |TAMS 0x000000070a500000, 0x000000070a500000| Untracked 
| 138|0x000000070a600000, 0x000000070a600000, 0x000000070a700000|  0%| F|  |TAMS 0x000000070a600000, 0x000000070a600000| Untracked 
| 139|0x000000070a700000, 0x000000070a700000, 0x000000070a800000|  0%| F|  |TAMS 0x000000070a700000, 0x000000070a700000| Untracked 
| 140|0x000000070a800000, 0x000000070a800000, 0x000000070a900000|  0%| F|  |TAMS 0x000000070a800000, 0x000000070a800000| Untracked 
| 141|0x000000070a900000, 0x000000070a900000, 0x000000070aa00000|  0%| F|  |TAMS 0x000000070a900000, 0x000000070a900000| Untracked 
| 142|0x000000070aa00000, 0x000000070aa00000, 0x000000070ab00000|  0%| F|  |TAMS 0x000000070aa00000, 0x000000070aa00000| Untracked 
| 143|0x000000070ab00000, 0x000000070ab00000, 0x000000070ac00000|  0%| F|  |TAMS 0x000000070ab00000, 0x000000070ab00000| Untracked 
| 144|0x000000070ac00000, 0x000000070ac00000, 0x000000070ad00000|  0%| F|  |TAMS 0x000000070ac00000, 0x000000070ac00000| Untracked 
| 145|0x000000070ad00000, 0x000000070ad00000, 0x000000070ae00000|  0%| F|  |TAMS 0x000000070ad00000, 0x000000070ad00000| Untracked 
| 146|0x000000070ae00000, 0x000000070ae00000, 0x000000070af00000|  0%| F|  |TAMS 0x000000070ae00000, 0x000000070ae00000| Untracked 
| 147|0x000000070af00000, 0x000000070af00000, 0x000000070b000000|  0%| F|  |TAMS 0x000000070af00000, 0x000000070af00000| Untracked 
| 148|0x000000070b000000, 0x000000070b000000, 0x000000070b100000|  0%| F|  |TAMS 0x000000070b000000, 0x000000070b000000| Untracked 
| 149|0x000000070b100000, 0x000000070b100000, 0x000000070b200000|  0%| F|  |TAMS 0x000000070b100000, 0x000000070b100000| Untracked 
| 150|0x000000070b200000, 0x000000070b200000, 0x000000070b300000|  0%| F|  |TAMS 0x000000070b200000, 0x000000070b200000| Untracked 
| 151|0x000000070b300000, 0x000000070b300000, 0x000000070b400000|  0%| F|  |TAMS 0x000000070b300000, 0x000000070b300000| Untracked 
| 152|0x000000070b400000, 0x000000070b400000, 0x000000070b500000|  0%| F|  |TAMS 0x000000070b400000, 0x000000070b400000| Untracked 
| 153|0x000000070b500000, 0x000000070b500000, 0x000000070b600000|  0%| F|  |TAMS 0x000000070b500000, 0x000000070b500000| Untracked 
| 154|0x000000070b600000, 0x000000070b600000, 0x000000070b700000|  0%| F|  |TAMS 0x000000070b600000, 0x000000070b600000| Untracked 
| 155|0x000000070b700000, 0x000000070b700000, 0x000000070b800000|  0%| F|  |TAMS 0x000000070b700000, 0x000000070b700000| Untracked 
| 156|0x000000070b800000, 0x000000070b800000, 0x000000070b900000|  0%| F|  |TAMS 0x000000070b800000, 0x000000070b800000| Untracked 
| 157|0x000000070b900000, 0x000000070b900000, 0x000000070ba00000|  0%| F|  |TAMS 0x000000070b900000, 0x000000070b900000| Untracked 
| 158|0x000000070ba00000, 0x000000070ba00000, 0x000000070bb00000|  0%| F|  |TAMS 0x000000070ba00000, 0x000000070ba00000| Untracked 
| 159|0x000000070bb00000, 0x000000070bb00000, 0x000000070bc00000|  0%| F|  |TAMS 0x000000070bb00000, 0x000000070bb00000| Untracked 
| 160|0x000000070bc00000, 0x000000070bc00000, 0x000000070bd00000|  0%| F|  |TAMS 0x000000070bc00000, 0x000000070bc00000| Untracked 
| 161|0x000000070bd00000, 0x000000070bd00000, 0x000000070be00000|  0%| F|  |TAMS 0x000000070bd00000, 0x000000070bd00000| Untracked 
| 162|0x000000070be00000, 0x000000070be00000, 0x000000070bf00000|  0%| F|  |TAMS 0x000000070be00000, 0x000000070be00000| Untracked 
| 163|0x000000070bf00000, 0x000000070bf00000, 0x000000070c000000|  0%| F|  |TAMS 0x000000070bf00000, 0x000000070bf00000| Untracked 
| 164|0x000000070c000000, 0x000000070c000000, 0x000000070c100000|  0%| F|  |TAMS 0x000000070c000000, 0x000000070c000000| Untracked 
| 165|0x000000070c100000, 0x000000070c100000, 0x000000070c200000|  0%| F|  |TAMS 0x000000070c100000, 0x000000070c100000| Untracked 
| 166|0x000000070c200000, 0x000000070c200000, 0x000000070c300000|  0%| F|  |TAMS 0x000000070c200000, 0x000000070c200000| Untracked 
| 167|0x000000070c300000, 0x000000070c300000, 0x000000070c400000|  0%| F|  |TAMS 0x000000070c300000, 0x000000070c300000| Untracked 
| 168|0x000000070c400000, 0x000000070c400000, 0x000000070c500000|  0%| F|  |TAMS 0x000000070c400000, 0x000000070c400000| Untracked 
| 169|0x000000070c500000, 0x000000070c500000, 0x000000070c600000|  0%| F|  |TAMS 0x000000070c500000, 0x000000070c500000| Untracked 
| 170|0x000000070c600000, 0x000000070c600000, 0x000000070c700000|  0%| F|  |TAMS 0x000000070c600000, 0x000000070c600000| Untracked 
| 171|0x000000070c700000, 0x000000070c700000, 0x000000070c800000|  0%| F|  |TAMS 0x000000070c700000, 0x000000070c700000| Untracked 
| 172|0x000000070c800000, 0x000000070c800000, 0x000000070c900000|  0%| F|  |TAMS 0x000000070c800000, 0x000000070c800000| Untracked 
| 173|0x000000070c900000, 0x000000070c900000, 0x000000070ca00000|  0%| F|  |TAMS 0x000000070c900000, 0x000000070c900000| Untracked 
| 174|0x000000070ca00000, 0x000000070ca00000, 0x000000070cb00000|  0%| F|  |TAMS 0x000000070ca00000, 0x000000070ca00000| Untracked 
| 175|0x000000070cb00000, 0x000000070cb00000, 0x000000070cc00000|  0%| F|  |TAMS 0x000000070cb00000, 0x000000070cb00000| Untracked 
| 176|0x000000070cc00000, 0x000000070cc00000, 0x000000070cd00000|  0%| F|  |TAMS 0x000000070cc00000, 0x000000070cc00000| Untracked 
| 177|0x000000070cd00000, 0x000000070cd00000, 0x000000070ce00000|  0%| F|  |TAMS 0x000000070cd00000, 0x000000070cd00000| Untracked 
| 178|0x000000070ce00000, 0x000000070ce00000, 0x000000070cf00000|  0%| F|  |TAMS 0x000000070ce00000, 0x000000070ce00000| Untracked 
| 179|0x000000070cf00000, 0x000000070cf00000, 0x000000070d000000|  0%| F|  |TAMS 0x000000070cf00000, 0x000000070cf00000| Untracked 
| 180|0x000000070d000000, 0x000000070d000000, 0x000000070d100000|  0%| F|  |TAMS 0x000000070d000000, 0x000000070d000000| Untracked 
| 181|0x000000070d100000, 0x000000070d100000, 0x000000070d200000|  0%| F|  |TAMS 0x000000070d100000, 0x000000070d100000| Untracked 
| 182|0x000000070d200000, 0x000000070d200000, 0x000000070d300000|  0%| F|  |TAMS 0x000000070d200000, 0x000000070d200000| Untracked 
| 183|0x000000070d300000, 0x000000070d300000, 0x000000070d400000|  0%| F|  |TAMS 0x000000070d300000, 0x000000070d300000| Untracked 
| 184|0x000000070d400000, 0x000000070d400000, 0x000000070d500000|  0%| F|  |TAMS 0x000000070d400000, 0x000000070d400000| Untracked 
| 185|0x000000070d500000, 0x000000070d500000, 0x000000070d600000|  0%| F|  |TAMS 0x000000070d500000, 0x000000070d500000| Untracked 
| 186|0x000000070d600000, 0x000000070d600000, 0x000000070d700000|  0%| F|  |TAMS 0x000000070d600000, 0x000000070d600000| Untracked 
| 187|0x000000070d700000, 0x000000070d700000, 0x000000070d800000|  0%| F|  |TAMS 0x000000070d700000, 0x000000070d700000| Untracked 
| 188|0x000000070d800000, 0x000000070d800000, 0x000000070d900000|  0%| F|  |TAMS 0x000000070d800000, 0x000000070d800000| Untracked 
| 189|0x000000070d900000, 0x000000070d900000, 0x000000070da00000|  0%| F|  |TAMS 0x000000070d900000, 0x000000070d900000| Untracked 
| 190|0x000000070da00000, 0x000000070da00000, 0x000000070db00000|  0%| F|  |TAMS 0x000000070da00000, 0x000000070da00000| Untracked 
| 191|0x000000070db00000, 0x000000070db00000, 0x000000070dc00000|  0%| F|  |TAMS 0x000000070db00000, 0x000000070db00000| Untracked 
| 192|0x000000070dc00000, 0x000000070dc00000, 0x000000070dd00000|  0%| F|  |TAMS 0x000000070dc00000, 0x000000070dc00000| Untracked 
| 193|0x000000070dd00000, 0x000000070dd00000, 0x000000070de00000|  0%| F|  |TAMS 0x000000070dd00000, 0x000000070dd00000| Untracked 
| 194|0x000000070de00000, 0x000000070de00000, 0x000000070df00000|  0%| F|  |TAMS 0x000000070de00000, 0x000000070de00000| Untracked 
| 195|0x000000070df00000, 0x000000070df00000, 0x000000070e000000|  0%| F|  |TAMS 0x000000070df00000, 0x000000070df00000| Untracked 
| 196|0x000000070e000000, 0x000000070e000000, 0x000000070e100000|  0%| F|  |TAMS 0x000000070e000000, 0x000000070e000000| Untracked 
| 197|0x000000070e100000, 0x000000070e100000, 0x000000070e200000|  0%| F|  |TAMS 0x000000070e100000, 0x000000070e100000| Untracked 
| 198|0x000000070e200000, 0x000000070e200000, 0x000000070e300000|  0%| F|  |TAMS 0x000000070e200000, 0x000000070e200000| Untracked 
| 199|0x000000070e300000, 0x000000070e300000, 0x000000070e400000|  0%| F|  |TAMS 0x000000070e300000, 0x000000070e300000| Untracked 
| 200|0x000000070e400000, 0x000000070e400000, 0x000000070e500000|  0%| F|  |TAMS 0x000000070e400000, 0x000000070e400000| Untracked 
| 201|0x000000070e500000, 0x000000070e500000, 0x000000070e600000|  0%| F|  |TAMS 0x000000070e500000, 0x000000070e500000| Untracked 
| 202|0x000000070e600000, 0x000000070e600000, 0x000000070e700000|  0%| F|  |TAMS 0x000000070e600000, 0x000000070e600000| Untracked 
| 203|0x000000070e700000, 0x000000070e700000, 0x000000070e800000|  0%| F|  |TAMS 0x000000070e700000, 0x000000070e700000| Untracked 
| 204|0x000000070e800000, 0x000000070e800000, 0x000000070e900000|  0%| F|  |TAMS 0x000000070e800000, 0x000000070e800000| Untracked 
| 205|0x000000070e900000, 0x000000070e900000, 0x000000070ea00000|  0%| F|  |TAMS 0x000000070e900000, 0x000000070e900000| Untracked 
| 206|0x000000070ea00000, 0x000000070ea00000, 0x000000070eb00000|  0%| F|  |TAMS 0x000000070ea00000, 0x000000070ea00000| Untracked 
| 207|0x000000070eb00000, 0x000000070eb00000, 0x000000070ec00000|  0%| F|  |TAMS 0x000000070eb00000, 0x000000070eb00000| Untracked 
| 208|0x000000070ec00000, 0x000000070ec00000, 0x000000070ed00000|  0%| F|  |TAMS 0x000000070ec00000, 0x000000070ec00000| Untracked 
| 209|0x000000070ed00000, 0x000000070ed00000, 0x000000070ee00000|  0%| F|  |TAMS 0x000000070ed00000, 0x000000070ed00000| Untracked 
| 210|0x000000070ee00000, 0x000000070ee00000, 0x000000070ef00000|  0%| F|  |TAMS 0x000000070ee00000, 0x000000070ee00000| Untracked 
| 211|0x000000070ef00000, 0x000000070ef00000, 0x000000070f000000|  0%| F|  |TAMS 0x000000070ef00000, 0x000000070ef00000| Untracked 
| 212|0x000000070f000000, 0x000000070f000000, 0x000000070f100000|  0%| F|  |TAMS 0x000000070f000000, 0x000000070f000000| Untracked 
| 213|0x000000070f100000, 0x000000070f100000, 0x000000070f200000|  0%| F|  |TAMS 0x000000070f100000, 0x000000070f100000| Untracked 
| 214|0x000000070f200000, 0x000000070f200000, 0x000000070f300000|  0%| F|  |TAMS 0x000000070f200000, 0x000000070f200000| Untracked 
| 215|0x000000070f300000, 0x000000070f300000, 0x000000070f400000|  0%| F|  |TAMS 0x000000070f300000, 0x000000070f300000| Untracked 
| 216|0x000000070f400000, 0x000000070f400000, 0x000000070f500000|  0%| F|  |TAMS 0x000000070f400000, 0x000000070f400000| Untracked 
| 217|0x000000070f500000, 0x000000070f500000, 0x000000070f600000|  0%| F|  |TAMS 0x000000070f500000, 0x000000070f500000| Untracked 
| 218|0x000000070f600000, 0x000000070f600000, 0x000000070f700000|  0%| F|  |TAMS 0x000000070f600000, 0x000000070f600000| Untracked 
| 219|0x000000070f700000, 0x000000070f700000, 0x000000070f800000|  0%| F|  |TAMS 0x000000070f700000, 0x000000070f700000| Untracked 
| 220|0x000000070f800000, 0x000000070f800000, 0x000000070f900000|  0%| F|  |TAMS 0x000000070f800000, 0x000000070f800000| Untracked 
| 221|0x000000070f900000, 0x000000070f900000, 0x000000070fa00000|  0%| F|  |TAMS 0x000000070f900000, 0x000000070f900000| Untracked 
| 222|0x000000070fa00000, 0x000000070fa00000, 0x000000070fb00000|  0%| F|  |TAMS 0x000000070fa00000, 0x000000070fa00000| Untracked 
| 223|0x000000070fb00000, 0x000000070fb00000, 0x000000070fc00000|  0%| F|  |TAMS 0x000000070fb00000, 0x000000070fb00000| Untracked 
| 224|0x000000070fc00000, 0x000000070fc00000, 0x000000070fd00000|  0%| F|  |TAMS 0x000000070fc00000, 0x000000070fc00000| Untracked 
| 225|0x000000070fd00000, 0x000000070fd00000, 0x000000070fe00000|  0%| F|  |TAMS 0x000000070fd00000, 0x000000070fd00000| Untracked 
| 226|0x000000070fe00000, 0x000000070fe00000, 0x000000070ff00000|  0%| F|  |TAMS 0x000000070fe00000, 0x000000070fe00000| Untracked 
| 227|0x000000070ff00000, 0x000000070ff00000, 0x0000000710000000|  0%| F|  |TAMS 0x000000070ff00000, 0x000000070ff00000| Untracked 
| 228|0x0000000710000000, 0x0000000710000000, 0x0000000710100000|  0%| F|  |TAMS 0x0000000710000000, 0x0000000710000000| Untracked 
| 229|0x0000000710100000, 0x0000000710100000, 0x0000000710200000|  0%| F|  |TAMS 0x0000000710100000, 0x0000000710100000| Untracked 
| 230|0x0000000710200000, 0x0000000710200000, 0x0000000710300000|  0%| F|  |TAMS 0x0000000710200000, 0x0000000710200000| Untracked 
| 231|0x0000000710300000, 0x0000000710300000, 0x0000000710400000|  0%| F|  |TAMS 0x0000000710300000, 0x0000000710300000| Untracked 
| 232|0x0000000710400000, 0x0000000710400000, 0x0000000710500000|  0%| F|  |TAMS 0x0000000710400000, 0x0000000710400000| Untracked 
| 233|0x0000000710500000, 0x0000000710500000, 0x0000000710600000|  0%| F|  |TAMS 0x0000000710500000, 0x0000000710500000| Untracked 
| 234|0x0000000710600000, 0x0000000710600000, 0x0000000710700000|  0%| F|  |TAMS 0x0000000710600000, 0x0000000710600000| Untracked 
| 235|0x0000000710700000, 0x0000000710700000, 0x0000000710800000|  0%| F|  |TAMS 0x0000000710700000, 0x0000000710700000| Untracked 
| 236|0x0000000710800000, 0x0000000710800000, 0x0000000710900000|  0%| F|  |TAMS 0x0000000710800000, 0x0000000710800000| Untracked 
| 237|0x0000000710900000, 0x0000000710900000, 0x0000000710a00000|  0%| F|  |TAMS 0x0000000710900000, 0x0000000710900000| Untracked 
| 238|0x0000000710a00000, 0x0000000710a00000, 0x0000000710b00000|  0%| F|  |TAMS 0x0000000710a00000, 0x0000000710a00000| Untracked 
| 239|0x0000000710b00000, 0x0000000710b00000, 0x0000000710c00000|  0%| F|  |TAMS 0x0000000710b00000, 0x0000000710b00000| Untracked 
| 240|0x0000000710c00000, 0x0000000710c00000, 0x0000000710d00000|  0%| F|  |TAMS 0x0000000710c00000, 0x0000000710c00000| Untracked 
| 241|0x0000000710d00000, 0x0000000710d00000, 0x0000000710e00000|  0%| F|  |TAMS 0x0000000710d00000, 0x0000000710d00000| Untracked 
| 242|0x0000000710e00000, 0x0000000710e00000, 0x0000000710f00000|  0%| F|  |TAMS 0x0000000710e00000, 0x0000000710e00000| Untracked 
| 243|0x0000000710f00000, 0x0000000710f00000, 0x0000000711000000|  0%| F|  |TAMS 0x0000000710f00000, 0x0000000710f00000| Untracked 
| 244|0x0000000711000000, 0x0000000711000000, 0x0000000711100000|  0%| F|  |TAMS 0x0000000711000000, 0x0000000711000000| Untracked 
| 245|0x0000000711100000, 0x00000007111f8810, 0x0000000711200000| 97%| E|  |TAMS 0x0000000711100000, 0x0000000711100000| Complete 
| 246|0x0000000711200000, 0x0000000711300000, 0x0000000711300000|100%| E|CS|TAMS 0x0000000711200000, 0x0000000711200000| Complete 
| 247|0x0000000711300000, 0x0000000711400000, 0x0000000711400000|100%| E|CS|TAMS 0x0000000711300000, 0x0000000711300000| Complete 
| 248|0x0000000711400000, 0x0000000711500000, 0x0000000711500000|100%| E|CS|TAMS 0x0000000711400000, 0x0000000711400000| Complete 
| 249|0x0000000711500000, 0x0000000711600000, 0x0000000711600000|100%| E|CS|TAMS 0x0000000711500000, 0x0000000711500000| Complete 
| 250|0x0000000711600000, 0x0000000711700000, 0x0000000711700000|100%| E|CS|TAMS 0x0000000711600000, 0x0000000711600000| Complete 
| 251|0x0000000711700000, 0x0000000711800000, 0x0000000711800000|100%| E|  |TAMS 0x0000000711700000, 0x0000000711700000| Complete 
| 252|0x0000000711800000, 0x0000000711900000, 0x0000000711900000|100%| E|CS|TAMS 0x0000000711800000, 0x0000000711800000| Complete 
| 253|0x0000000711900000, 0x0000000711a00000, 0x0000000711a00000|100%| E|CS|TAMS 0x0000000711900000, 0x0000000711900000| Complete 
| 254|0x0000000711a00000, 0x0000000711b00000, 0x0000000711b00000|100%| E|CS|TAMS 0x0000000711a00000, 0x0000000711a00000| Complete 
| 255|0x0000000711b00000, 0x0000000711c00000, 0x0000000711c00000|100%| E|CS|TAMS 0x0000000711b00000, 0x0000000711b00000| Complete 

Card table byte_map: [0x000002356c900000,0x000002356d100000] _byte_map_base: 0x00000235690f2000

Marking Bits (Prev, Next): (CMBitMap*) 0x00000235549bde58, (CMBitMap*) 0x00000235549bde90
 Prev Bits: [0x000002356d900000, 0x0000023571890000)
 Next Bits: [0x0000023571890000, 0x0000023575820000)

Polling page: 0x0000023552910000

Metaspace:

Usage:
  Non-class:     10.27 MB capacity,    10.18 MB (>99%) used,    79.44 KB ( <1%) free+waste,    11.25 KB ( <1%) overhead. 
      Class:    927.00 KB capacity,   873.83 KB ( 94%) used,    48.86 KB (  5%) free+waste,     4.31 KB ( <1%) overhead. 
       Both:     11.18 MB capacity,    11.04 MB ( 99%) used,   128.30 KB (  1%) free+waste,    15.56 KB ( <1%) overhead. 

Virtual space:
  Non-class space:       12.00 MB reserved,      10.50 MB ( 88%) committed 
      Class space:        1.00 GB reserved,       1.00 MB ( <1%) committed 
             Both:        1.01 GB reserved,      11.50 MB (  1%) committed 

Chunk freelists:
   Non-Class:  13.00 KB
       Class:  128 bytes
        Both:  13.13 KB

CodeHeap 'non-profiled nmethods': size=120000Kb used=225Kb max_used=225Kb free=119774Kb
 bounds [0x00000235648a0000, 0x0000023564b10000, 0x000002356bdd0000]
CodeHeap 'profiled nmethods': size=120000Kb used=1365Kb max_used=1365Kb free=118634Kb
 bounds [0x000002355d370000, 0x000002355d5e0000, 0x00000235648a0000]
CodeHeap 'non-nmethods': size=5760Kb used=1392Kb max_used=1405Kb free=4368Kb
 bounds [0x000002355cdd0000, 0x000002355d040000, 0x000002355d370000]
 total_blobs=1629 nmethods=776 adapters=765
 compilation: enabled
              stopped_count=0, restarted_count=0
 full_count=0

Compilation events (10 events):
Event: 0.987 Thread 0x0000023578c64800  773       3       java.lang.invoke.LambdaForm::uncustomize (57 bytes)
Event: 0.988 Thread 0x0000023578c64800 nmethod 773 0x000002355d4c0010 code [0x000002355d4c01e0, 0x000002355d4c0550]
Event: 0.998 Thread 0x000002357988f800  774       4       sun.misc.Unsafe::putByte (9 bytes)
Event: 0.998 Thread 0x000002357988f800 nmethod 774 0x00000235648d8510 code [0x00000235648d86a0, 0x00000235648d8718]
Event: 1.017 Thread 0x0000023578c64800  775       3       sun.nio.cs.SingleByte$Encoder::encode (32 bytes)
Event: 1.017 Thread 0x0000023578c64800 nmethod 775 0x000002355d4c0690 code [0x000002355d4c0840, 0x000002355d4c0a58]
Event: 1.027 Thread 0x0000023578c64800  776       3       java.io.WinNTFileSystem::resolve (275 bytes)
Event: 1.031 Thread 0x0000023578c64800 nmethod 776 0x000002355d4c0b90 code [0x000002355d4c10c0, 0x000002355d4c3e40]
Event: 1.031 Thread 0x0000023578c64800  777       3       java.net.URL::toString (5 bytes)
Event: 1.031 Thread 0x0000023578c64800 nmethod 777 0x000002355d4c5090 code [0x000002355d4c5240, 0x000002355d4c54d0]

GC Heap History (0 events):
No events

Deoptimization events (1 events):
Event: 0.118 Thread 0x000002355495b800 Uncommon trap: reason=unstable_if action=reinterpret pc=0x00000235648a47a0 method=java.lang.String.hashCode()I @ 14 c2

Classes redefined (0 events):
No events

Internal exceptions (4 events):
Event: 0.220 Thread 0x000002355495b800 Exception <a 'java/lang/NoSuchMethodError'{0x00000007119321f0}: java.lang.invoke.DelegatingMethodHandle$Holder.delegate(Ljava/lang/Object;Ljava/lang/Object;ILjava/lang/Object;)V> (0x00000007119321f0) thrown at [./open/src/hotspot/share/interpreter/linkRes
Event: 0.222 Thread 0x000002355495b800 Exception <a 'java/lang/NoSuchMethodError'{0x00000007119397f0}: java.lang.invoke.DirectMethodHandle$Holder.invokeStaticInit(Ljava/lang/Object;Ljava/lang/Object;Ljava/lang/Object;)Ljava/lang/Object;> (0x00000007119397f0) thrown at [./open/src/hotspot/share
Event: 0.630 Thread 0x000002355495b800 Exception <a 'sun/nio/fs/WindowsException'{0x00000007117b1f20}> (0x00000007117b1f20) thrown at [./open/src/hotspot/share/prims/jni.cpp, line 611]
Event: 0.630 Thread 0x000002355495b800 Exception <a 'sun/nio/fs/WindowsException'{0x00000007117b2408}> (0x00000007117b2408) thrown at [./open/src/hotspot/share/prims/jni.cpp, line 611]

Events (10 events):
Event: 1.017 loading class core/configs/Default
Event: 1.017 loading class core/configs/Default done
Event: 1.018 loading class modules/terrain/TerrainConfig
Event: 1.018 loading class modules/terrain/TerrainConfig done
Event: 1.027 loading class modules/terrain/TerrainNode
Event: 1.027 loading class modules/terrain/TerrainNode done
Event: 1.028 loading class core/buffers/PatchVBO
Event: 1.028 loading class core/buffers/PatchVBO done
Event: 1.029 loading class modules/terrain/TerrainShader
Event: 1.029 loading class modules/terrain/TerrainShader done


Dynamic libraries:
0x00007ff76ac30000 - 0x00007ff76ac3f000 	C:\Program Files\Java\jdk-11.0.9\bin\javaw.exe
0x00007ff81af00000 - 0x00007ff81b0f0000 	C:\WINDOWS\SYSTEM32\ntdll.dll
0x00007ff8192b0000 - 0x00007ff819362000 	C:\WINDOWS\System32\KERNEL32.DLL
0x00007ff8181e0000 - 0x00007ff818485000 	C:\WINDOWS\System32\KERNELBASE.dll
0x00007ff817f10000 - 0x00007ff81800a000 	C:\WINDOWS\System32\ucrtbase.dll
0x00007ff811dd0000 - 0x00007ff811de5000 	C:\Program Files\Java\jdk-11.0.9\bin\VCRUNTIME140.dll
0x00007fffe1f10000 - 0x00007fffe1f28000 	C:\Program Files\Java\jdk-11.0.9\bin\jli.dll
0x00007ff81a810000 - 0x00007ff81a8b3000 	C:\WINDOWS\System32\ADVAPI32.dll
0x00007ff81a770000 - 0x00007ff81a80e000 	C:\WINDOWS\System32\msvcrt.dll
0x00007ff819210000 - 0x00007ff8192a7000 	C:\WINDOWS\System32\sechost.dll
0x00007ff819590000 - 0x00007ff8196b0000 	C:\WINDOWS\System32\RPCRT4.dll
0x00007ff8193f0000 - 0x00007ff819584000 	C:\WINDOWS\System32\USER32.dll
0x00007ffffce30000 - 0x00007ffffd0b4000 	C:\WINDOWS\WinSxS\amd64_microsoft.windows.common-controls_6595b64144ccf1df_6.0.18362.1256_none_9e7e379be45e40e2\COMCTL32.dll
0x00007ff818e20000 - 0x00007ff818e41000 	C:\WINDOWS\System32\win32u.dll
0x00007ff81a100000 - 0x00007ff81a436000 	C:\WINDOWS\System32\combase.dll
0x00007ff8199e0000 - 0x00007ff819a06000 	C:\WINDOWS\System32\GDI32.dll
0x00007ff818040000 - 0x00007ff8181d6000 	C:\WINDOWS\System32\gdi32full.dll
0x00007ff818ec0000 - 0x00007ff818f41000 	C:\WINDOWS\System32\bcryptPrimitives.dll
0x00007ff817e70000 - 0x00007ff817f0e000 	C:\WINDOWS\System32\msvcp_win.dll
0x00007ff812760000 - 0x00007ff81276a000 	C:\WINDOWS\SYSTEM32\VERSION.dll
0x00007ff81a740000 - 0x00007ff81a76e000 	C:\WINDOWS\System32\IMM32.DLL
0x00007fffe01a0000 - 0x00007fffe023b000 	C:\Program Files\Java\jdk-11.0.9\bin\msvcp140.dll
0x00007fffb8bb0000 - 0x00007fffb96a7000 	C:\Program Files\Java\jdk-11.0.9\bin\server\jvm.dll
0x00007ff81ae00000 - 0x00007ff81ae08000 	C:\WINDOWS\System32\PSAPI.DLL
0x00007ffffb1a0000 - 0x00007ffffb1a9000 	C:\WINDOWS\SYSTEM32\WSOCK32.dll
0x00007ff814550000 - 0x00007ff814574000 	C:\WINDOWS\SYSTEM32\WINMM.dll
0x00007ff819860000 - 0x00007ff8198cf000 	C:\WINDOWS\System32\WS2_32.dll
0x00007ff814520000 - 0x00007ff81454d000 	C:\WINDOWS\SYSTEM32\WINMMBASE.dll
0x00007ff818e50000 - 0x00007ff818e9a000 	C:\WINDOWS\System32\cfgmgr32.dll
0x00007ff817db0000 - 0x00007ff817dc1000 	C:\WINDOWS\System32\kernel.appcore.dll
0x00007ffffe7b0000 - 0x00007ffffe7c0000 	C:\Program Files\Java\jdk-11.0.9\bin\verify.dll
0x00007ff816570000 - 0x00007ff816764000 	C:\WINDOWS\SYSTEM32\DBGHELP.DLL
0x00007ff8052b0000 - 0x00007ff8052da000 	C:\WINDOWS\SYSTEM32\dbgcore.DLL
0x00007ffff7e10000 - 0x00007ffff7e38000 	C:\Program Files\Java\jdk-11.0.9\bin\java.dll
0x00007ffff8430000 - 0x00007ffff843a000 	C:\Program Files\Java\jdk-11.0.9\bin\jimage.dll
0x00007ffff7a50000 - 0x00007ffff7a66000 	C:\Program Files\Java\jdk-11.0.9\bin\zip.dll
0x00007ff819a10000 - 0x00007ff81a0f7000 	C:\WINDOWS\System32\SHELL32.dll
0x00007ff819930000 - 0x00007ff8199d9000 	C:\WINDOWS\System32\shcore.dll
0x00007ff818690000 - 0x00007ff818e11000 	C:\WINDOWS\System32\windows.storage.dll
0x00007ff817e40000 - 0x00007ff817e63000 	C:\WINDOWS\System32\profapi.dll
0x00007ff817dd0000 - 0x00007ff817e1a000 	C:\WINDOWS\System32\powrprof.dll
0x00007ff817da0000 - 0x00007ff817db0000 	C:\WINDOWS\System32\UMPDC.dll
0x00007ff8198d0000 - 0x00007ff819922000 	C:\WINDOWS\System32\shlwapi.dll
0x00007ff818ea0000 - 0x00007ff818eb7000 	C:\WINDOWS\System32\cryptsp.dll
0x00007fffeb270000 - 0x00007fffeb289000 	C:\Program Files\Java\jdk-11.0.9\bin\net.dll
0x00007ff8102d0000 - 0x00007ff8103c0000 	C:\WINDOWS\SYSTEM32\WINHTTP.dll
0x00007ff817540000 - 0x00007ff8175a7000 	C:\WINDOWS\system32\mswsock.dll
0x00007fffe5f50000 - 0x00007fffe5f62000 	C:\Program Files\Java\jdk-11.0.9\bin\nio.dll
0x00007fffb9a60000 - 0x00007fffb9ab7000 	C:\Users\tomsh\AppData\Local\Temp\lwjgltomsh\3.1.2-build-29\lwjgl.dll
0x00007fffb9a20000 - 0x00007fffb9a5d000 	C:\Users\tomsh\AppData\Local\Temp\lwjgltomsh\3.1.2-build-29\glfw.dll
0x00007ff815c20000 - 0x00007ff815cb9000 	C:\WINDOWS\system32\uxtheme.dll
0x00007fffb99d0000 - 0x00007fffb9a13000 	C:\WINDOWS\SYSTEM32\dinput8.dll
0x00007fffe1ef0000 - 0x00007fffe1f01000 	C:\WINDOWS\SYSTEM32\xinput1_4.dll
0x00007ff817b30000 - 0x00007ff817b5a000 	C:\WINDOWS\SYSTEM32\DEVOBJ.dll
0x00007ff816050000 - 0x00007ff81607d000 	C:\WINDOWS\SYSTEM32\dwmapi.dll
0x00007ff800c20000 - 0x00007ff800d3b000 	C:\WINDOWS\SYSTEM32\inputhost.dll
0x00007ff8132e0000 - 0x00007ff813433000 	C:\WINDOWS\SYSTEM32\wintypes.dll
0x00007ff815820000 - 0x00007ff8158f4000 	C:\WINDOWS\SYSTEM32\CoreMessaging.dll
0x00007ff811970000 - 0x00007ff811c9a000 	C:\WINDOWS\SYSTEM32\CoreUIComponents.dll
0x00007ff813fc0000 - 0x00007ff8140b0000 	C:\WINDOWS\SYSTEM32\PROPSYS.dll
0x00007ff81a670000 - 0x00007ff81a735000 	C:\WINDOWS\System32\OLEAUT32.dll
0x00007ff816d80000 - 0x00007ff816db1000 	C:\WINDOWS\SYSTEM32\ntmarta.dll
0x00007ff81a530000 - 0x00007ff81a665000 	C:\WINDOWS\System32\MSCTF.dll
0x00007ff816770000 - 0x00007ff81677e000 	C:\WINDOWS\SYSTEM32\HID.DLL
0x00007ff81a990000 - 0x00007ff81ae00000 	C:\WINDOWS\System32\SETUPAPI.DLL
0x00007ff818010000 - 0x00007ff818036000 	C:\WINDOWS\System32\bcrypt.dll
0x00007ff818f50000 - 0x00007ff818fac000 	C:\WINDOWS\System32\WINTRUST.dll
0x00007ff817e20000 - 0x00007ff817e32000 	C:\WINDOWS\System32\MSASN1.dll
0x00007ff818540000 - 0x00007ff818689000 	C:\WINDOWS\System32\CRYPT32.dll
0x00007fffb9990000 - 0x00007fffb99cc000 	C:\Users\tomsh\AppData\Local\Temp\lwjgltomsh\3.1.2-build-29\jemalloc.dll
0x00007ffffb250000 - 0x00007ffffb3a6000 	C:\WINDOWS\SYSTEM32\opengl32.dll
0x00007ffffbbd0000 - 0x00007ffffbbfc000 	C:\WINDOWS\SYSTEM32\GLU32.dll
0x00007ff816980000 - 0x00007ff8169a0000 	C:\WINDOWS\SYSTEM32\dxcore.dll
0x00007fffb7ba0000 - 0x00007fffb8ba5000 	C:\WINDOWS\System32\DriverStore\FileRepository\iigd_dch.inf_amd64_f48be35b3d221b44\ig9icd64.dll
0x00007ff818fb0000 - 0x00007ff819107000 	C:\WINDOWS\System32\ole32.dll
0x00007ff816a10000 - 0x00007ff816afb000 	C:\WINDOWS\system32\dxgi.dll
0x00007fffb7780000 - 0x00007fffb7b9a000 	C:\WINDOWS\System32\DriverStore\FileRepository\iigd_dch.inf_amd64_f48be35b3d221b44\igdml64.dll
0x00007ff80bfc0000 - 0x00007ff80c242000 	C:\WINDOWS\System32\DriverStore\FileRepository\iigd_dch.inf_amd64_f48be35b3d221b44\igdgmm64.dll
0x00007ff809330000 - 0x00007ff80bf0e000 	C:\WINDOWS\System32\DriverStore\FileRepository\iigd_dch.inf_amd64_f48be35b3d221b44\igc64.dll
0x00007ff802430000 - 0x00007ff8024ce000 	C:\WINDOWS\System32\TextInputFramework.dll
0x00007ff806fc0000 - 0x00007ff807267000 	C:\WINDOWS\System32\iertutil.dll
0x00007fffb9910000 - 0x00007fffb9987000 	C:\Users\tomsh\AppData\Local\Temp\lwjgltomsh\3.1.2-build-29\lwjgl_stb.dll
0x00007ff812cf0000 - 0x00007ff812d9e000 	C:\WINDOWS\SYSTEM32\mscms.dll
0x00007ff812dd0000 - 0x00007ff812de7000 	C:\WINDOWS\SYSTEM32\ColorAdapterClient.dll
0x00007ff817cc0000 - 0x00007ff817ce5000 	C:\WINDOWS\SYSTEM32\USERENV.dll
0x00007fffb7730000 - 0x00007fffb7773000 	C:\WINDOWS\SYSTEM32\icm32.dll
0x00007fffb76d0000 - 0x00007fffb772c000 	C:\Users\tomsh\AppData\Local\Temp\lwjgltomsh\3.1.2-build-29\lwjgl_opengl.dll

dbghelp: loaded successfully - version: 4.0.5 - missing functions: none
symbol engine: initialized successfully - sym options: 0x614 - pdb path: .;C:\Program Files\Java\jdk-11.0.9\bin;C:\WINDOWS\SYSTEM32;C:\WINDOWS\WinSxS\amd64_microsoft.windows.common-controls_6595b64144ccf1df_6.0.18362.1256_none_9e7e379be45e40e2;C:\Program Files\Java\jdk-11.0.9\bin\server;C:\Users\tomsh\AppData\Local\Temp\lwjgltomsh\3.1.2-build-29;C:\WINDOWS\System32\DriverStore\FileRepository\iigd_dch.inf_amd64_f48be35b3d221b44

VM Arguments:
jvm_args: -Dfile.encoding=Cp1252 
java_command: core.Cy4Engine
java_class_path (initial): D:\My-Programs\Java\Cy4Engine\Cy4Engine\target\classes;C:\Users\tomsh\.m2\repository\org\lwjgl\lwjgl\3.1.2\lwjgl-3.1.2.jar;C:\Users\tomsh\.m2\repository\org\lwjgl\lwjgl-assimp\3.1.2\lwjgl-assimp-3.1.2.jar;C:\Users\tomsh\.m2\repository\org\lwjgl\lwjgl-glfw\3.1.2\lwjgl-glfw-3.1.2.jar;C:\Users\tomsh\.m2\repository\org\lwjgl\lwjgl-jemalloc\3.1.2\lwjgl-jemalloc-3.1.2.jar;C:\Users\tomsh\.m2\repository\org\lwjgl\lwjgl-openal\3.1.2\lwjgl-openal-3.1.2.jar;C:\Users\tomsh\.m2\repository\org\lwjgl\lwjgl-opengl\3.1.2\lwjgl-opengl-3.1.2.jar;C:\Users\tomsh\.m2\repository\org\lwjgl\lwjgl-stb\3.1.2\lwjgl-stb-3.1.2.jar;C:\Users\tomsh\.m2\repository\org\lwjgl\lwjgl\3.1.2\lwjgl-3.1.2-natives-windows.jar;C:\Users\tomsh\.m2\repository\org\lwjgl\lwjgl-assimp\3.1.2\lwjgl-assimp-3.1.2-natives-windows.jar;C:\Users\tomsh\.m2\repository\org\lwjgl\lwjgl-glfw\3.1.2\lwjgl-glfw-3.1.2-natives-windows.jar;C:\Users\tomsh\.m2\repository\org\lwjgl\lwjgl-jemalloc\3.1.2\lwjgl-jemalloc-3.1.2-natives-windows.jar;C:\Users\tomsh\.m2\repository\org\lwjgl\lwjgl-openal\3.1.2\lwjgl-openal-3.1.2-natives-windows.jar;C:\Users\tomsh\.m2\repository\org\lwjgl\lwjgl-opengl\3.1.2\lwjgl-opengl-3.1.2-natives-windows.jar;C:\Users\tomsh\.m2\repository\org\lwjgl\lwjgl-stb\3.1.2\lwjgl-stb-3.1.2-natives-windows.jar
Launcher Type: SUN_STANDARD

[Global flags]
     intx CICompilerCount                          = 4                                         {product} {ergonomic}
     uint ConcGCThreads                            = 2                                         {product} {ergonomic}
     uint G1ConcRefinementThreads                  = 8                                         {product} {ergonomic}
   size_t G1HeapRegionSize                         = 1048576                                   {product} {ergonomic}
    uintx GCDrainStackTargetSize                   = 64                                        {product} {ergonomic}
   size_t InitialHeapSize                          = 268435456                                 {product} {ergonomic}
   size_t MarkStackSize                            = 4194304                                   {product} {ergonomic}
   size_t MaxHeapSize                              = 4265607168                                {product} {ergonomic}
   size_t MaxNewSize                               = 2558525440                                {product} {ergonomic}
   size_t MinHeapDeltaBytes                        = 1048576                                   {product} {ergonomic}
    uintx NonNMethodCodeHeapSize                   = 5836300                                {pd product} {ergonomic}
    uintx NonProfiledCodeHeapSize                  = 122910970                              {pd product} {ergonomic}
    uintx ProfiledCodeHeapSize                     = 122910970                              {pd product} {ergonomic}
    uintx ReservedCodeCacheSize                    = 251658240                              {pd product} {ergonomic}
     bool SegmentedCodeCache                       = true                                      {product} {ergonomic}
     bool UseCompressedClassPointers               = true                                 {lp64_product} {ergonomic}
     bool UseCompressedOops                        = true                                 {lp64_product} {ergonomic}
     bool UseG1GC                                  = true                                      {product} {ergonomic}
     bool UseLargePagesIndividualAllocation        = false                                  {pd product} {ergonomic}

Logging:
Log output configuration:
 #0: stdout all=warning uptime,level,tags
 #1: stderr all=off uptime,level,tags

Environment Variables:
JAVA_HOME=C:\Users\tomsh\AppData\Local\Programs\AdoptOpenJDK\jdk-11.0.8.10-hotspot
PATH=C:/Program Files/Java/jdk-11.0.9/bin/server;C:/Program Files/Java/jdk-11.0.9/bin;C:\Program Files\Common Files\Oracle\Java\javapath;C:\Program Files (x86)\Common Files\Oracle\Java\javapath;C:\Program Files\NVIDIA GPU Computing Toolkit\CUDA\v10.2\bin;C:\Program Files\NVIDIA GPU Computing Toolkit\CUDA\v10.2\libnvvp;C:\Python38\Scripts\;C:\Python38\;C:\ProgramData\Oracle\Java\javapath;C:\Program Files (x86)\Common Files\Intel\Shared Libraries\redist\intel64\compiler;C:\Program Files (x86)\Intel\iCLS Client\;C:\Program Files\Intel\iCLS Client\;C:\WINDOWS\system32;C:\WINDOWS;C:\WINDOWS\System32\Wbem;C:\WINDOWS\System32\WindowsPowerShell\v1.0\;C:\WINDOWS\System32\OpenSSH\;C:\Program Files (x86)\Intel\Intel(R) Management Engine Components\DAL;C:\Program Files\Intel\Intel(R) Management Engine Components\DAL;C:\Program Files (x86)\Intel\Intel(R) Management Engine Components\IPT;C:\Program Files\Intel\Intel(R) Management Engine Components\IPT;C:\Program Files\Intel\WiFi\bin\;C:\Program Files\Common Files\Intel\WirelessCommon\;C:\Android;C:\Windows\System32;C:\ffmpeg-20190826-0821bc4-win64-static\bin;C:\Program Files\Java\jdk1.8.0_231\bin;C:\webdrivers;C:\ProgramData\chocolatey\bin;C:\Program Files\Microsoft VS Code\bin;C:\Program Files\Microsoft SQL Server\130\Tools\Binn\;C:\Program Files\nodejs\;C:\Program Files\Git\cmd;C:\Program Files\mingw-w64\x86_64-8.1.0-posix-seh-rt_v6-rev0\mingw64\bin;C:\Program Files (x86)\dotnet\;C:\Program Files\dotnet\;C:\Users\tomsh\AppData\Local\Programs\AdoptOpenJDK\jdk-11.0.8.10-hotspot\bin;C:\Users\tomsh\AppData\Roaming\.minecraft\ffmpeg\bin;C:\Program Files\NVIDIA GPU Computing Toolkit\CUDA\v10.2\bin;C:\Program Files\NVIDIA GPU Computing Toolkit\CUDA\v10.2\libnvvp;C:\Program Files (x86)\Common Files\Oracle\Java\javapath;C:\Python38\Scripts\;C:\Python38\;C:\ProgramData\Oracle\Java\javapath;C:\Program Files (x86)\Common Files\Intel\Shared Libraries\redist\intel64\compiler;C:\Program Files (x86)\Intel\iCLS Client\;C:\Program Files\Intel\iCLS 
USERNAME=tomsh
OS=Windows_NT
PROCESSOR_IDENTIFIER=Intel64 Family 6 Model 142 Stepping 10, GenuineIntel



---------------  S Y S T E M  ---------------

OS: Windows 10 , 64 bit Build 18362 (10.0.18362.1110)
HyperV virtualization detected

CPU:total 8 (initial active 8) (4 cores per cpu, 2 threads per core) family 6 model 142 stepping 10, cmov, cx8, fxsr, mmx, sse, sse2, sse3, ssse3, sse4.1, sse4.2, popcnt, avx, avx2, aes, clmul, erms, 3dnowpref, lzcnt, ht, tsc, tscinvbit, bmi1, bmi2, adx, fma

Memory: 4k page, system-wide physical 16270M (11634M free)
TotalPageFile size 18702M (AvailPageFile size 13805M)
current process WorkingSet (physical memory assigned to process): 108M, peak: 108M
current process commit charge ("private bytes"): 378M, peak: 378M

vm_info: Java HotSpot(TM) 64-Bit Server VM (11.0.9+7-LTS) for windows-amd64 JRE (11.0.9+7-LTS), built on Sep 15 2020 16:47:03 by "mach5one" with MS VC++ 15.9 (VS2017)

END.
