#
# A fatal error has been detected by the Java Runtime Environment:
#
#  EXCEPTION_ACCESS_VIOLATION (0xc0000005) at pc=0x00007fff34df270a, pid=6640, tid=12296
#
# JRE version: Java(TM) SE Runtime Environment 18.9 (11.0.9+7) (build 11.0.9+7-LTS)
# Java VM: Java HotSpot(TM) 64-Bit Server VM 18.9 (11.0.9+7-LTS, mixed mode, tiered, compressed oops, g1 gc, windows-amd64)
# Problematic frame:
# V  [jvm.dll+0x13270a]
#
# No core dump will be written. Minidumps are not enabled by default on client versions of Windows
#
# If you would like to submit a bug report, please visit:
#   https://bugreport.java.com/bugreport/crash.jsp
# The crash happened outside the Java Virtual Machine in native code.
# See problematic frame for where to report the bug.
#

---------------  S U M M A R Y ------------

Command Line: -Dfile.encoding=Cp1252 editor.lwlgltest

Host: Intel(R) Core(TM) i5-8250U CPU @ 1.60GHz, 8 cores, 15G,  Windows 10 , 64 bit Build 18362 (10.0.18362.1110)
Time: Thu Dec 17 10:06:34 2020 GMT Standard Time elapsed time: 5.046071 seconds (0d 0h 0m 5s)

---------------  T H R E A D  ---------------

Current thread (0x00000171deab6800):  JavaThread "AWT-EventQueue-0" [_thread_in_native, id=12296, stack(0x00000022d9a00000,0x00000022d9b00000)]

Stack: [0x00000022d9a00000,0x00000022d9b00000],  sp=0x00000022d9afab80,  free space=1002k
Native frames: (J=compiled Java code, j=interpreted, Vv=VM code, C=native code)
V  [jvm.dll+0x13270a]
V  [jvm.dll+0x3a6c74]
C  [awt.dll+0xa4dcb]

Java frames: (J=compiled Java code, j=interpreted, Vv=VM code)
J 1358  org.lwjgl.system.JNI.callPV(JJ)V (0 bytes) @ 0x00000171c950c714 [0x00000171c950c6c0+0x0000000000000054]
j  org.lwjgl.system.jawt.JAWTFunctions.nJAWT_FreeDrawingSurface(JJ)V+13
j  org.lwjgl.system.jawt.JAWTFunctions.JAWT_FreeDrawingSurface(Lorg/lwjgl/system/jawt/JAWTDrawingSurface;J)V+5
j  org.lwjgl.opengl.awt.PlatformWin32GLCanvas.dispose()V+10
j  org.lwjgl.opengl.awt.AWTGLCanvas.removeNotify()V+8
j  java.awt.Container.removeNotify()V+47 java.desktop@11.0.9
j  javax.swing.JComponent.removeNotify()V+1 java.desktop@11.0.9
j  java.awt.Container.removeNotify()V+47 java.desktop@11.0.9
j  javax.swing.JComponent.removeNotify()V+1 java.desktop@11.0.9
j  java.awt.Container.removeNotify()V+47 java.desktop@11.0.9
j  javax.swing.JComponent.removeNotify()V+1 java.desktop@11.0.9
j  javax.swing.JRootPane.removeNotify()V+1 java.desktop@11.0.9
j  java.awt.Container.removeNotify()V+47 java.desktop@11.0.9
j  java.awt.Window.removeNotify()V+32 java.desktop@11.0.9
j  java.awt.Frame.removeNotify()V+51 java.desktop@11.0.9
j  java.awt.Window$1DisposeAction.run()V+139 java.desktop@11.0.9
j  java.awt.Window.doDispose()V+21 java.desktop@11.0.9
j  java.awt.Window.dispose()V+1 java.desktop@11.0.9
j  editor.lwlgltest$1.dispose()V+19
j  javax.swing.JFrame.processWindowEvent(Ljava/awt/event/WindowEvent;)V+57 java.desktop@11.0.9
j  java.awt.Window.processEvent(Ljava/awt/AWTEvent;)V+69 java.desktop@11.0.9
J 1337 c1 java.awt.Component.dispatchEventImpl(Ljava/awt/AWTEvent;)V java.desktop@11.0.9 (777 bytes) @ 0x00000171c21e04e4 [0x00000171c21dc420+0x00000000000040c4]
j  java.awt.Container.dispatchEventImpl(Ljava/awt/AWTEvent;)V+42 java.desktop@11.0.9
j  java.awt.Window.dispatchEventImpl(Ljava/awt/AWTEvent;)V+19 java.desktop@11.0.9
J 1324 c1 java.awt.EventQueue.dispatchEventImpl(Ljava/awt/AWTEvent;Ljava/lang/Object;)V java.desktop@11.0.9 (136 bytes) @ 0x00000171c21d360c [0x00000171c21d3120+0x00000000000004ec]
J 1323 c1 java.awt.EventQueue$4.run()Ljava/lang/Void; java.desktop@11.0.9 (60 bytes) @ 0x00000171c21d29c4 [0x00000171c21d2880+0x0000000000000144]
J 1322 c1 java.awt.EventQueue$4.run()Ljava/lang/Object; java.desktop@11.0.9 (5 bytes) @ 0x00000171c21d24c4 [0x00000171c21d2440+0x0000000000000084]
v  ~StubRoutines::call_stub
J 1251  java.security.AccessController.doPrivileged(Ljava/security/PrivilegedAction;Ljava/security/AccessControlContext;)Ljava/lang/Object; java.base@11.0.9 (0 bytes) @ 0x00000171c9507336 [0x00000171c95072c0+0x0000000000000076]
J 1350 c1 java.awt.EventQueue$5.run()Ljava/lang/Object; java.desktop@11.0.9 (5 bytes) @ 0x00000171c21eaf9c [0x00000171c21eac40+0x000000000000035c]
v  ~StubRoutines::call_stub
J 1251  java.security.AccessController.doPrivileged(Ljava/security/PrivilegedAction;Ljava/security/AccessControlContext;)Ljava/lang/Object; java.base@11.0.9 (0 bytes) @ 0x00000171c9507336 [0x00000171c95072c0+0x0000000000000076]
J 1277 c1 java.awt.EventQueue.dispatchEvent(Ljava/awt/AWTEvent;)V java.desktop@11.0.9 (80 bytes) @ 0x00000171c21bc4fc [0x00000171c21bb9a0+0x0000000000000b5c]
J 1280 c1 java.awt.EventDispatchThread.pumpOneEventForFilters(I)V java.desktop@11.0.9 (113 bytes) @ 0x00000171c21be484 [0x00000171c21bdd20+0x0000000000000764]
j  java.awt.EventDispatchThread.pumpEventsForFilter(ILjava/awt/Conditional;Ljava/awt/EventFilter;)V+35 java.desktop@11.0.9
j  java.awt.EventDispatchThread.pumpEventsForHierarchy(ILjava/awt/Conditional;Ljava/awt/Component;)V+11 java.desktop@11.0.9
j  java.awt.EventDispatchThread.pumpEvents(ILjava/awt/Conditional;)V+4 java.desktop@11.0.9
j  java.awt.EventDispatchThread.pumpEvents(Ljava/awt/Conditional;)V+3 java.desktop@11.0.9
j  java.awt.EventDispatchThread.run()V+9 java.desktop@11.0.9
v  ~StubRoutines::call_stub

siginfo: EXCEPTION_ACCESS_VIOLATION (0xc0000005), writing address 0x00000000000003b8


Register to memory mapping:

RIP=0x00007fff34df270a jvm.dll
RAX=0x000000000000dead is an unknown value
RBX=0x0 is NULL
RCX=0x0 is NULL
RDX=0x0000000000000006 is an unknown value
RSP=0x00000022d9afab80 is pointing into the stack for thread: 0x00000171deab6800
RBP=0x00000171deb44c78 is a global jni handle
RSI=0x0000000000000101 is an unknown value
RDI=0x00000171dfa4c800 points into unknown readable memory: 48 94 56 35 ff 7f 00 00
R8 =0x0000000000000004 is an unknown value
R9 =0x00007fff979c109a jawt.dll
R10=0x00007fff709e1b10 lwjgl.dll
R11=0x00000022d9afab78 is pointing into the stack for thread: 0x00000171deab6800
R12=0x0 is NULL
R13=0x00000022d9afad08 is pointing into the stack for thread: 0x00000171deab6800
R14=0x00000022d9aface0 is pointing into the stack for thread: 0x00000171deab6800
R15=0x00000171deab6800 is a thread


Registers:
RAX=0x000000000000dead, RBX=0x0000000000000000, RCX=0x0000000000000000, RDX=0x0000000000000006
RSP=0x00000022d9afab80, RBP=0x00000171deb44c78, RSI=0x0000000000000101, RDI=0x00000171dfa4c800
R8 =0x0000000000000004, R9 =0x00007fff979c109a, R10=0x00007fff709e1b10, R11=0x00000022d9afab78
R12=0x0000000000000000, R13=0x00000022d9afad08, R14=0x00000022d9aface0, R15=0x00000171deab6800
RIP=0x00007fff34df270a, EFLAGS=0x0000000000010202

Top of Stack: (sp=0x00000022d9afab80)
0x00000022d9afab80:   00000171deab6800 00000022d9aface0
0x00000022d9afab90:   00000171dfa14530 00000171dd65d8b8
0x00000022d9afaba0:   00000171dfa4c800 00007fff35066c74
0x00000022d9afabb0:   0000000000000000 00000171dfa14530
0x00000022d9afabc0:   0000b11f241a3876 00000022d9afac20
0x00000022d9afabd0:   00000171dfa14530 00007fff71694dcb
0x00000022d9afabe0:   00000171dfa14530 00000022d9afacf0
0x00000022d9afabf0:   0000000000000148 00000022d9aface0
0x00000022d9afac00:   fffffffffffffffe 00000171deab6800
0x00000022d9afac10:   0000000000000001 00007fff71694de8
0x00000022d9afac20:   00000171dfa14538 00000171dfa14538
0x00000022d9afac30:   00000022d9afae68 00000171c19ee0d2
0x00000022d9afac40:   0000000000000e47 00007fff716950a4
0x00000022d9afac50:   fffffe8e205ebac8 00000022d9afae68
0x00000022d9afac60:   00000171ddb1f040 00000171deab6800
0x00000022d9afac70:   fffffffffffffffe 00007fff352a5205 

Instructions: (pc=0x00007fff34df270a)
0x00007fff34df26ea:   00 89 bb b8 03 00 00 48 8b 5c 24 30 48 83 c4 20
0x00007fff34df26fa:   5f c3 cc cc cc cc 48 89 5c 24 08 57 48 83 ec 20
0x00007fff34df270a:   c7 81 b8 03 00 00 05 00 00 00 8b fa 80 3d 53 02
0x00007fff34df271a:   89 00 00 48 8b d9 75 09 83 3d 17 8c 90 00 01 74 


Stack slot to memory mapping:
stack at sp + 0 slots: 0x00000171deab6800 is a thread
stack at sp + 1 slots: 0x00000022d9aface0 is pointing into the stack for thread: 0x00000171deab6800
stack at sp + 2 slots: 0x00000171dfa14530 points into unknown readable memory: 60 a6 6f 71 ff 7f 00 00
stack at sp + 3 slots: 0x00000171dd65d8b8 points into unknown readable memory: 03 00 ff ff 89 71 28 29
stack at sp + 4 slots: 0x00000171dfa4c800 points into unknown readable memory: 48 94 56 35 ff 7f 00 00
stack at sp + 5 slots: 0x00007fff35066c74 jvm.dll
stack at sp + 6 slots: 0x0 is NULL
stack at sp + 7 slots: 0x00000171dfa14530 points into unknown readable memory: 60 a6 6f 71 ff 7f 00 00


---------------  P R O C E S S  ---------------

Threads class SMR info:
_java_thread_list=0x00000171dfe1e440, length=14, elements={
0x00000171dd6f8800, 0x00000171dd701800, 0x00000171de010800, 0x00000171de012800,
0x00000171de013800, 0x00000171ddfc3800, 0x00000171de019000, 0x00000171de17e000,
0x00000171de187000, 0x00000171de66f000, 0x00000171de72c800, 0x00000171de732000,
0x00000171deab6800, 0x00000171b7da0000
}

Java Threads: ( => current thread )
  0x00000171dd6f8800 JavaThread "Reference Handler" daemon [_thread_blocked, id=5192, stack(0x00000022d8b00000,0x00000022d8c00000)]
  0x00000171dd701800 JavaThread "Finalizer" daemon [_thread_blocked, id=10988, stack(0x00000022d8c00000,0x00000022d8d00000)]
  0x00000171de010800 JavaThread "Signal Dispatcher" daemon [_thread_blocked, id=5996, stack(0x00000022d8d00000,0x00000022d8e00000)]
  0x00000171de012800 JavaThread "Attach Listener" daemon [_thread_blocked, id=10956, stack(0x00000022d8e00000,0x00000022d8f00000)]
  0x00000171de013800 JavaThread "C2 CompilerThread0" daemon [_thread_blocked, id=1248, stack(0x00000022d8f00000,0x00000022d9000000)]
  0x00000171ddfc3800 JavaThread "C1 CompilerThread0" daemon [_thread_blocked, id=4488, stack(0x00000022d9000000,0x00000022d9100000)]
  0x00000171de019000 JavaThread "Sweeper thread" daemon [_thread_blocked, id=8596, stack(0x00000022d9100000,0x00000022d9200000)]
  0x00000171de17e000 JavaThread "Service Thread" daemon [_thread_blocked, id=8416, stack(0x00000022d9200000,0x00000022d9300000)]
  0x00000171de187000 JavaThread "Common-Cleaner" daemon [_thread_blocked, id=14024, stack(0x00000022d9400000,0x00000022d9500000)]
  0x00000171de66f000 JavaThread "Java2D Disposer" daemon [_thread_blocked, id=5296, stack(0x00000022d9500000,0x00000022d9600000)]
  0x00000171de72c800 JavaThread "AWT-Shutdown" [_thread_blocked, id=15080, stack(0x00000022d9600000,0x00000022d9700000)]
  0x00000171de732000 JavaThread "AWT-Windows" daemon [_thread_in_native, id=9388, stack(0x00000022d9700000,0x00000022d9800000)]
=>0x00000171deab6800 JavaThread "AWT-EventQueue-0" [_thread_in_native, id=12296, stack(0x00000022d9a00000,0x00000022d9b00000)]
  0x00000171b7da0000 JavaThread "DestroyJavaVM" [_thread_blocked, id=14420, stack(0x00000022d8400000,0x00000022d8500000)]

Other Threads:
  0x00000171dd6f6800 VMThread "VM Thread" [stack: 0x00000022d8a00000,0x00000022d8b00000] [id=3660]
  0x00000171de186000 WatcherThread [stack: 0x00000022d9300000,0x00000022d9400000] [id=1504]
  0x00000171b7db3000 GCTaskThread "GC Thread#0" [stack: 0x00000022d8500000,0x00000022d8600000] [id=10976]
  0x00000171b7e0f800 ConcurrentGCThread "G1 Main Marker" [stack: 0x00000022d8600000,0x00000022d8700000] [id=6804]
  0x00000171b7e12800 ConcurrentGCThread "G1 Conc#0" [stack: 0x00000022d8700000,0x00000022d8800000] [id=13948]
  0x00000171dd5d8000 ConcurrentGCThread "G1 Refine#0" [stack: 0x00000022d8800000,0x00000022d8900000] [id=9536]
  0x00000171dd5da000 ConcurrentGCThread "G1 Young RemSet Sampling" [stack: 0x00000022d8900000,0x00000022d8a00000] [id=9128]

Threads with active compile tasks:

VM state:not at safepoint (normal execution)

VM Mutex/Monitor currently owned by a thread: None

Heap address: 0x0000000701c00000, size: 4068 MB, Compressed Oops mode: Zero based, Oop shift amount: 3
Narrow klass base: 0x0000000800000000, Narrow klass shift: 0
Compressed class space size: 1073741824 Address: 0x0000000800000000

Heap:
 garbage-first heap   total 262144K, used 22528K [0x0000000701c00000, 0x0000000800000000)
  region size 1024K, 22 young (22528K), 0 survivors (0K)
 Metaspace       used 18462K, capacity 18893K, committed 19072K, reserved 1067008K
  class space    used 1641K, capacity 1844K, committed 1920K, reserved 1048576K
Heap Regions: E=young(eden), S=young(survivor), O=old, HS=humongous(starts), HC=humongous(continues), CS=collection set, F=free, A=archive, TAMS=top-at-mark-start (previous, next)
|   0|0x0000000701c00000, 0x0000000701d00000, 0x0000000701d00000|100%|HS|  |TAMS 0x0000000701c00000, 0x0000000701c00000| Complete 
|   1|0x0000000701d00000, 0x0000000701e00000, 0x0000000701e00000|100%|HC|  |TAMS 0x0000000701d00000, 0x0000000701d00000| Complete 
|   2|0x0000000701e00000, 0x0000000701e00000, 0x0000000701f00000|  0%| F|  |TAMS 0x0000000701e00000, 0x0000000701e00000| Untracked 
|   3|0x0000000701f00000, 0x0000000701f00000, 0x0000000702000000|  0%| F|  |TAMS 0x0000000701f00000, 0x0000000701f00000| Untracked 
|   4|0x0000000702000000, 0x0000000702000000, 0x0000000702100000|  0%| F|  |TAMS 0x0000000702000000, 0x0000000702000000| Untracked 
|   5|0x0000000702100000, 0x0000000702100000, 0x0000000702200000|  0%| F|  |TAMS 0x0000000702100000, 0x0000000702100000| Untracked 
|   6|0x0000000702200000, 0x0000000702200000, 0x0000000702300000|  0%| F|  |TAMS 0x0000000702200000, 0x0000000702200000| Untracked 
|   7|0x0000000702300000, 0x0000000702300000, 0x0000000702400000|  0%| F|  |TAMS 0x0000000702300000, 0x0000000702300000| Untracked 
|   8|0x0000000702400000, 0x0000000702400000, 0x0000000702500000|  0%| F|  |TAMS 0x0000000702400000, 0x0000000702400000| Untracked 
|   9|0x0000000702500000, 0x0000000702500000, 0x0000000702600000|  0%| F|  |TAMS 0x0000000702500000, 0x0000000702500000| Untracked 
|  10|0x0000000702600000, 0x0000000702600000, 0x0000000702700000|  0%| F|  |TAMS 0x0000000702600000, 0x0000000702600000| Untracked 
|  11|0x0000000702700000, 0x0000000702700000, 0x0000000702800000|  0%| F|  |TAMS 0x0000000702700000, 0x0000000702700000| Untracked 
|  12|0x0000000702800000, 0x0000000702800000, 0x0000000702900000|  0%| F|  |TAMS 0x0000000702800000, 0x0000000702800000| Untracked 
|  13|0x0000000702900000, 0x0000000702900000, 0x0000000702a00000|  0%| F|  |TAMS 0x0000000702900000, 0x0000000702900000| Untracked 
|  14|0x0000000702a00000, 0x0000000702a00000, 0x0000000702b00000|  0%| F|  |TAMS 0x0000000702a00000, 0x0000000702a00000| Untracked 
|  15|0x0000000702b00000, 0x0000000702b00000, 0x0000000702c00000|  0%| F|  |TAMS 0x0000000702b00000, 0x0000000702b00000| Untracked 
|  16|0x0000000702c00000, 0x0000000702c00000, 0x0000000702d00000|  0%| F|  |TAMS 0x0000000702c00000, 0x0000000702c00000| Untracked 
|  17|0x0000000702d00000, 0x0000000702d00000, 0x0000000702e00000|  0%| F|  |TAMS 0x0000000702d00000, 0x0000000702d00000| Untracked 
|  18|0x0000000702e00000, 0x0000000702e00000, 0x0000000702f00000|  0%| F|  |TAMS 0x0000000702e00000, 0x0000000702e00000| Untracked 
|  19|0x0000000702f00000, 0x0000000702f00000, 0x0000000703000000|  0%| F|  |TAMS 0x0000000702f00000, 0x0000000702f00000| Untracked 
|  20|0x0000000703000000, 0x0000000703000000, 0x0000000703100000|  0%| F|  |TAMS 0x0000000703000000, 0x0000000703000000| Untracked 
|  21|0x0000000703100000, 0x0000000703100000, 0x0000000703200000|  0%| F|  |TAMS 0x0000000703100000, 0x0000000703100000| Untracked 
|  22|0x0000000703200000, 0x0000000703200000, 0x0000000703300000|  0%| F|  |TAMS 0x0000000703200000, 0x0000000703200000| Untracked 
|  23|0x0000000703300000, 0x0000000703300000, 0x0000000703400000|  0%| F|  |TAMS 0x0000000703300000, 0x0000000703300000| Untracked 
|  24|0x0000000703400000, 0x0000000703400000, 0x0000000703500000|  0%| F|  |TAMS 0x0000000703400000, 0x0000000703400000| Untracked 
|  25|0x0000000703500000, 0x0000000703500000, 0x0000000703600000|  0%| F|  |TAMS 0x0000000703500000, 0x0000000703500000| Untracked 
|  26|0x0000000703600000, 0x0000000703600000, 0x0000000703700000|  0%| F|  |TAMS 0x0000000703600000, 0x0000000703600000| Untracked 
|  27|0x0000000703700000, 0x0000000703700000, 0x0000000703800000|  0%| F|  |TAMS 0x0000000703700000, 0x0000000703700000| Untracked 
|  28|0x0000000703800000, 0x0000000703800000, 0x0000000703900000|  0%| F|  |TAMS 0x0000000703800000, 0x0000000703800000| Untracked 
|  29|0x0000000703900000, 0x0000000703900000, 0x0000000703a00000|  0%| F|  |TAMS 0x0000000703900000, 0x0000000703900000| Untracked 
|  30|0x0000000703a00000, 0x0000000703a00000, 0x0000000703b00000|  0%| F|  |TAMS 0x0000000703a00000, 0x0000000703a00000| Untracked 
|  31|0x0000000703b00000, 0x0000000703b00000, 0x0000000703c00000|  0%| F|  |TAMS 0x0000000703b00000, 0x0000000703b00000| Untracked 
|  32|0x0000000703c00000, 0x0000000703c00000, 0x0000000703d00000|  0%| F|  |TAMS 0x0000000703c00000, 0x0000000703c00000| Untracked 
|  33|0x0000000703d00000, 0x0000000703d00000, 0x0000000703e00000|  0%| F|  |TAMS 0x0000000703d00000, 0x0000000703d00000| Untracked 
|  34|0x0000000703e00000, 0x0000000703e00000, 0x0000000703f00000|  0%| F|  |TAMS 0x0000000703e00000, 0x0000000703e00000| Untracked 
|  35|0x0000000703f00000, 0x0000000703f00000, 0x0000000704000000|  0%| F|  |TAMS 0x0000000703f00000, 0x0000000703f00000| Untracked 
|  36|0x0000000704000000, 0x0000000704000000, 0x0000000704100000|  0%| F|  |TAMS 0x0000000704000000, 0x0000000704000000| Untracked 
|  37|0x0000000704100000, 0x0000000704100000, 0x0000000704200000|  0%| F|  |TAMS 0x0000000704100000, 0x0000000704100000| Untracked 
|  38|0x0000000704200000, 0x0000000704200000, 0x0000000704300000|  0%| F|  |TAMS 0x0000000704200000, 0x0000000704200000| Untracked 
|  39|0x0000000704300000, 0x0000000704300000, 0x0000000704400000|  0%| F|  |TAMS 0x0000000704300000, 0x0000000704300000| Untracked 
|  40|0x0000000704400000, 0x0000000704400000, 0x0000000704500000|  0%| F|  |TAMS 0x0000000704400000, 0x0000000704400000| Untracked 
|  41|0x0000000704500000, 0x0000000704500000, 0x0000000704600000|  0%| F|  |TAMS 0x0000000704500000, 0x0000000704500000| Untracked 
|  42|0x0000000704600000, 0x0000000704600000, 0x0000000704700000|  0%| F|  |TAMS 0x0000000704600000, 0x0000000704600000| Untracked 
|  43|0x0000000704700000, 0x0000000704700000, 0x0000000704800000|  0%| F|  |TAMS 0x0000000704700000, 0x0000000704700000| Untracked 
|  44|0x0000000704800000, 0x0000000704800000, 0x0000000704900000|  0%| F|  |TAMS 0x0000000704800000, 0x0000000704800000| Untracked 
|  45|0x0000000704900000, 0x0000000704900000, 0x0000000704a00000|  0%| F|  |TAMS 0x0000000704900000, 0x0000000704900000| Untracked 
|  46|0x0000000704a00000, 0x0000000704a00000, 0x0000000704b00000|  0%| F|  |TAMS 0x0000000704a00000, 0x0000000704a00000| Untracked 
|  47|0x0000000704b00000, 0x0000000704b00000, 0x0000000704c00000|  0%| F|  |TAMS 0x0000000704b00000, 0x0000000704b00000| Untracked 
|  48|0x0000000704c00000, 0x0000000704c00000, 0x0000000704d00000|  0%| F|  |TAMS 0x0000000704c00000, 0x0000000704c00000| Untracked 
|  49|0x0000000704d00000, 0x0000000704d00000, 0x0000000704e00000|  0%| F|  |TAMS 0x0000000704d00000, 0x0000000704d00000| Untracked 
|  50|0x0000000704e00000, 0x0000000704e00000, 0x0000000704f00000|  0%| F|  |TAMS 0x0000000704e00000, 0x0000000704e00000| Untracked 
|  51|0x0000000704f00000, 0x0000000704f00000, 0x0000000705000000|  0%| F|  |TAMS 0x0000000704f00000, 0x0000000704f00000| Untracked 
|  52|0x0000000705000000, 0x0000000705000000, 0x0000000705100000|  0%| F|  |TAMS 0x0000000705000000, 0x0000000705000000| Untracked 
|  53|0x0000000705100000, 0x0000000705100000, 0x0000000705200000|  0%| F|  |TAMS 0x0000000705100000, 0x0000000705100000| Untracked 
|  54|0x0000000705200000, 0x0000000705200000, 0x0000000705300000|  0%| F|  |TAMS 0x0000000705200000, 0x0000000705200000| Untracked 
|  55|0x0000000705300000, 0x0000000705300000, 0x0000000705400000|  0%| F|  |TAMS 0x0000000705300000, 0x0000000705300000| Untracked 
|  56|0x0000000705400000, 0x0000000705400000, 0x0000000705500000|  0%| F|  |TAMS 0x0000000705400000, 0x0000000705400000| Untracked 
|  57|0x0000000705500000, 0x0000000705500000, 0x0000000705600000|  0%| F|  |TAMS 0x0000000705500000, 0x0000000705500000| Untracked 
|  58|0x0000000705600000, 0x0000000705600000, 0x0000000705700000|  0%| F|  |TAMS 0x0000000705600000, 0x0000000705600000| Untracked 
|  59|0x0000000705700000, 0x0000000705700000, 0x0000000705800000|  0%| F|  |TAMS 0x0000000705700000, 0x0000000705700000| Untracked 
|  60|0x0000000705800000, 0x0000000705800000, 0x0000000705900000|  0%| F|  |TAMS 0x0000000705800000, 0x0000000705800000| Untracked 
|  61|0x0000000705900000, 0x0000000705900000, 0x0000000705a00000|  0%| F|  |TAMS 0x0000000705900000, 0x0000000705900000| Untracked 
|  62|0x0000000705a00000, 0x0000000705a00000, 0x0000000705b00000|  0%| F|  |TAMS 0x0000000705a00000, 0x0000000705a00000| Untracked 
|  63|0x0000000705b00000, 0x0000000705b00000, 0x0000000705c00000|  0%| F|  |TAMS 0x0000000705b00000, 0x0000000705b00000| Untracked 
|  64|0x0000000705c00000, 0x0000000705c00000, 0x0000000705d00000|  0%| F|  |TAMS 0x0000000705c00000, 0x0000000705c00000| Untracked 
|  65|0x0000000705d00000, 0x0000000705d00000, 0x0000000705e00000|  0%| F|  |TAMS 0x0000000705d00000, 0x0000000705d00000| Untracked 
|  66|0x0000000705e00000, 0x0000000705e00000, 0x0000000705f00000|  0%| F|  |TAMS 0x0000000705e00000, 0x0000000705e00000| Untracked 
|  67|0x0000000705f00000, 0x0000000705f00000, 0x0000000706000000|  0%| F|  |TAMS 0x0000000705f00000, 0x0000000705f00000| Untracked 
|  68|0x0000000706000000, 0x0000000706000000, 0x0000000706100000|  0%| F|  |TAMS 0x0000000706000000, 0x0000000706000000| Untracked 
|  69|0x0000000706100000, 0x0000000706100000, 0x0000000706200000|  0%| F|  |TAMS 0x0000000706100000, 0x0000000706100000| Untracked 
|  70|0x0000000706200000, 0x0000000706200000, 0x0000000706300000|  0%| F|  |TAMS 0x0000000706200000, 0x0000000706200000| Untracked 
|  71|0x0000000706300000, 0x0000000706300000, 0x0000000706400000|  0%| F|  |TAMS 0x0000000706300000, 0x0000000706300000| Untracked 
|  72|0x0000000706400000, 0x0000000706400000, 0x0000000706500000|  0%| F|  |TAMS 0x0000000706400000, 0x0000000706400000| Untracked 
|  73|0x0000000706500000, 0x0000000706500000, 0x0000000706600000|  0%| F|  |TAMS 0x0000000706500000, 0x0000000706500000| Untracked 
|  74|0x0000000706600000, 0x0000000706600000, 0x0000000706700000|  0%| F|  |TAMS 0x0000000706600000, 0x0000000706600000| Untracked 
|  75|0x0000000706700000, 0x0000000706700000, 0x0000000706800000|  0%| F|  |TAMS 0x0000000706700000, 0x0000000706700000| Untracked 
|  76|0x0000000706800000, 0x0000000706800000, 0x0000000706900000|  0%| F|  |TAMS 0x0000000706800000, 0x0000000706800000| Untracked 
|  77|0x0000000706900000, 0x0000000706900000, 0x0000000706a00000|  0%| F|  |TAMS 0x0000000706900000, 0x0000000706900000| Untracked 
|  78|0x0000000706a00000, 0x0000000706a00000, 0x0000000706b00000|  0%| F|  |TAMS 0x0000000706a00000, 0x0000000706a00000| Untracked 
|  79|0x0000000706b00000, 0x0000000706b00000, 0x0000000706c00000|  0%| F|  |TAMS 0x0000000706b00000, 0x0000000706b00000| Untracked 
|  80|0x0000000706c00000, 0x0000000706c00000, 0x0000000706d00000|  0%| F|  |TAMS 0x0000000706c00000, 0x0000000706c00000| Untracked 
|  81|0x0000000706d00000, 0x0000000706d00000, 0x0000000706e00000|  0%| F|  |TAMS 0x0000000706d00000, 0x0000000706d00000| Untracked 
|  82|0x0000000706e00000, 0x0000000706e00000, 0x0000000706f00000|  0%| F|  |TAMS 0x0000000706e00000, 0x0000000706e00000| Untracked 
|  83|0x0000000706f00000, 0x0000000706f00000, 0x0000000707000000|  0%| F|  |TAMS 0x0000000706f00000, 0x0000000706f00000| Untracked 
|  84|0x0000000707000000, 0x0000000707000000, 0x0000000707100000|  0%| F|  |TAMS 0x0000000707000000, 0x0000000707000000| Untracked 
|  85|0x0000000707100000, 0x0000000707100000, 0x0000000707200000|  0%| F|  |TAMS 0x0000000707100000, 0x0000000707100000| Untracked 
|  86|0x0000000707200000, 0x0000000707200000, 0x0000000707300000|  0%| F|  |TAMS 0x0000000707200000, 0x0000000707200000| Untracked 
|  87|0x0000000707300000, 0x0000000707300000, 0x0000000707400000|  0%| F|  |TAMS 0x0000000707300000, 0x0000000707300000| Untracked 
|  88|0x0000000707400000, 0x0000000707400000, 0x0000000707500000|  0%| F|  |TAMS 0x0000000707400000, 0x0000000707400000| Untracked 
|  89|0x0000000707500000, 0x0000000707500000, 0x0000000707600000|  0%| F|  |TAMS 0x0000000707500000, 0x0000000707500000| Untracked 
|  90|0x0000000707600000, 0x0000000707600000, 0x0000000707700000|  0%| F|  |TAMS 0x0000000707600000, 0x0000000707600000| Untracked 
|  91|0x0000000707700000, 0x0000000707700000, 0x0000000707800000|  0%| F|  |TAMS 0x0000000707700000, 0x0000000707700000| Untracked 
|  92|0x0000000707800000, 0x0000000707800000, 0x0000000707900000|  0%| F|  |TAMS 0x0000000707800000, 0x0000000707800000| Untracked 
|  93|0x0000000707900000, 0x0000000707900000, 0x0000000707a00000|  0%| F|  |TAMS 0x0000000707900000, 0x0000000707900000| Untracked 
|  94|0x0000000707a00000, 0x0000000707a00000, 0x0000000707b00000|  0%| F|  |TAMS 0x0000000707a00000, 0x0000000707a00000| Untracked 
|  95|0x0000000707b00000, 0x0000000707b00000, 0x0000000707c00000|  0%| F|  |TAMS 0x0000000707b00000, 0x0000000707b00000| Untracked 
|  96|0x0000000707c00000, 0x0000000707c00000, 0x0000000707d00000|  0%| F|  |TAMS 0x0000000707c00000, 0x0000000707c00000| Untracked 
|  97|0x0000000707d00000, 0x0000000707d00000, 0x0000000707e00000|  0%| F|  |TAMS 0x0000000707d00000, 0x0000000707d00000| Untracked 
|  98|0x0000000707e00000, 0x0000000707e00000, 0x0000000707f00000|  0%| F|  |TAMS 0x0000000707e00000, 0x0000000707e00000| Untracked 
|  99|0x0000000707f00000, 0x0000000707f00000, 0x0000000708000000|  0%| F|  |TAMS 0x0000000707f00000, 0x0000000707f00000| Untracked 
| 100|0x0000000708000000, 0x0000000708000000, 0x0000000708100000|  0%| F|  |TAMS 0x0000000708000000, 0x0000000708000000| Untracked 
| 101|0x0000000708100000, 0x0000000708100000, 0x0000000708200000|  0%| F|  |TAMS 0x0000000708100000, 0x0000000708100000| Untracked 
| 102|0x0000000708200000, 0x0000000708200000, 0x0000000708300000|  0%| F|  |TAMS 0x0000000708200000, 0x0000000708200000| Untracked 
| 103|0x0000000708300000, 0x0000000708300000, 0x0000000708400000|  0%| F|  |TAMS 0x0000000708300000, 0x0000000708300000| Untracked 
| 104|0x0000000708400000, 0x0000000708400000, 0x0000000708500000|  0%| F|  |TAMS 0x0000000708400000, 0x0000000708400000| Untracked 
| 105|0x0000000708500000, 0x0000000708500000, 0x0000000708600000|  0%| F|  |TAMS 0x0000000708500000, 0x0000000708500000| Untracked 
| 106|0x0000000708600000, 0x0000000708600000, 0x0000000708700000|  0%| F|  |TAMS 0x0000000708600000, 0x0000000708600000| Untracked 
| 107|0x0000000708700000, 0x0000000708700000, 0x0000000708800000|  0%| F|  |TAMS 0x0000000708700000, 0x0000000708700000| Untracked 
| 108|0x0000000708800000, 0x0000000708800000, 0x0000000708900000|  0%| F|  |TAMS 0x0000000708800000, 0x0000000708800000| Untracked 
| 109|0x0000000708900000, 0x0000000708900000, 0x0000000708a00000|  0%| F|  |TAMS 0x0000000708900000, 0x0000000708900000| Untracked 
| 110|0x0000000708a00000, 0x0000000708a00000, 0x0000000708b00000|  0%| F|  |TAMS 0x0000000708a00000, 0x0000000708a00000| Untracked 
| 111|0x0000000708b00000, 0x0000000708b00000, 0x0000000708c00000|  0%| F|  |TAMS 0x0000000708b00000, 0x0000000708b00000| Untracked 
| 112|0x0000000708c00000, 0x0000000708c00000, 0x0000000708d00000|  0%| F|  |TAMS 0x0000000708c00000, 0x0000000708c00000| Untracked 
| 113|0x0000000708d00000, 0x0000000708d00000, 0x0000000708e00000|  0%| F|  |TAMS 0x0000000708d00000, 0x0000000708d00000| Untracked 
| 114|0x0000000708e00000, 0x0000000708e00000, 0x0000000708f00000|  0%| F|  |TAMS 0x0000000708e00000, 0x0000000708e00000| Untracked 
| 115|0x0000000708f00000, 0x0000000708f00000, 0x0000000709000000|  0%| F|  |TAMS 0x0000000708f00000, 0x0000000708f00000| Untracked 
| 116|0x0000000709000000, 0x0000000709000000, 0x0000000709100000|  0%| F|  |TAMS 0x0000000709000000, 0x0000000709000000| Untracked 
| 117|0x0000000709100000, 0x0000000709100000, 0x0000000709200000|  0%| F|  |TAMS 0x0000000709100000, 0x0000000709100000| Untracked 
| 118|0x0000000709200000, 0x0000000709200000, 0x0000000709300000|  0%| F|  |TAMS 0x0000000709200000, 0x0000000709200000| Untracked 
| 119|0x0000000709300000, 0x0000000709300000, 0x0000000709400000|  0%| F|  |TAMS 0x0000000709300000, 0x0000000709300000| Untracked 
| 120|0x0000000709400000, 0x0000000709400000, 0x0000000709500000|  0%| F|  |TAMS 0x0000000709400000, 0x0000000709400000| Untracked 
| 121|0x0000000709500000, 0x0000000709500000, 0x0000000709600000|  0%| F|  |TAMS 0x0000000709500000, 0x0000000709500000| Untracked 
| 122|0x0000000709600000, 0x0000000709600000, 0x0000000709700000|  0%| F|  |TAMS 0x0000000709600000, 0x0000000709600000| Untracked 
| 123|0x0000000709700000, 0x0000000709700000, 0x0000000709800000|  0%| F|  |TAMS 0x0000000709700000, 0x0000000709700000| Untracked 
| 124|0x0000000709800000, 0x0000000709800000, 0x0000000709900000|  0%| F|  |TAMS 0x0000000709800000, 0x0000000709800000| Untracked 
| 125|0x0000000709900000, 0x0000000709900000, 0x0000000709a00000|  0%| F|  |TAMS 0x0000000709900000, 0x0000000709900000| Untracked 
| 126|0x0000000709a00000, 0x0000000709a00000, 0x0000000709b00000|  0%| F|  |TAMS 0x0000000709a00000, 0x0000000709a00000| Untracked 
| 127|0x0000000709b00000, 0x0000000709b00000, 0x0000000709c00000|  0%| F|  |TAMS 0x0000000709b00000, 0x0000000709b00000| Untracked 
| 128|0x0000000709c00000, 0x0000000709c00000, 0x0000000709d00000|  0%| F|  |TAMS 0x0000000709c00000, 0x0000000709c00000| Untracked 
| 129|0x0000000709d00000, 0x0000000709d00000, 0x0000000709e00000|  0%| F|  |TAMS 0x0000000709d00000, 0x0000000709d00000| Untracked 
| 130|0x0000000709e00000, 0x0000000709e00000, 0x0000000709f00000|  0%| F|  |TAMS 0x0000000709e00000, 0x0000000709e00000| Untracked 
| 131|0x0000000709f00000, 0x0000000709f00000, 0x000000070a000000|  0%| F|  |TAMS 0x0000000709f00000, 0x0000000709f00000| Untracked 
| 132|0x000000070a000000, 0x000000070a000000, 0x000000070a100000|  0%| F|  |TAMS 0x000000070a000000, 0x000000070a000000| Untracked 
| 133|0x000000070a100000, 0x000000070a100000, 0x000000070a200000|  0%| F|  |TAMS 0x000000070a100000, 0x000000070a100000| Untracked 
| 134|0x000000070a200000, 0x000000070a200000, 0x000000070a300000|  0%| F|  |TAMS 0x000000070a200000, 0x000000070a200000| Untracked 
| 135|0x000000070a300000, 0x000000070a300000, 0x000000070a400000|  0%| F|  |TAMS 0x000000070a300000, 0x000000070a300000| Untracked 
| 136|0x000000070a400000, 0x000000070a400000, 0x000000070a500000|  0%| F|  |TAMS 0x000000070a400000, 0x000000070a400000| Untracked 
| 137|0x000000070a500000, 0x000000070a500000, 0x000000070a600000|  0%| F|  |TAMS 0x000000070a500000, 0x000000070a500000| Untracked 
| 138|0x000000070a600000, 0x000000070a600000, 0x000000070a700000|  0%| F|  |TAMS 0x000000070a600000, 0x000000070a600000| Untracked 
| 139|0x000000070a700000, 0x000000070a700000, 0x000000070a800000|  0%| F|  |TAMS 0x000000070a700000, 0x000000070a700000| Untracked 
| 140|0x000000070a800000, 0x000000070a800000, 0x000000070a900000|  0%| F|  |TAMS 0x000000070a800000, 0x000000070a800000| Untracked 
| 141|0x000000070a900000, 0x000000070a900000, 0x000000070aa00000|  0%| F|  |TAMS 0x000000070a900000, 0x000000070a900000| Untracked 
| 142|0x000000070aa00000, 0x000000070aa00000, 0x000000070ab00000|  0%| F|  |TAMS 0x000000070aa00000, 0x000000070aa00000| Untracked 
| 143|0x000000070ab00000, 0x000000070ab00000, 0x000000070ac00000|  0%| F|  |TAMS 0x000000070ab00000, 0x000000070ab00000| Untracked 
| 144|0x000000070ac00000, 0x000000070ac00000, 0x000000070ad00000|  0%| F|  |TAMS 0x000000070ac00000, 0x000000070ac00000| Untracked 
| 145|0x000000070ad00000, 0x000000070ad00000, 0x000000070ae00000|  0%| F|  |TAMS 0x000000070ad00000, 0x000000070ad00000| Untracked 
| 146|0x000000070ae00000, 0x000000070ae00000, 0x000000070af00000|  0%| F|  |TAMS 0x000000070ae00000, 0x000000070ae00000| Untracked 
| 147|0x000000070af00000, 0x000000070af00000, 0x000000070b000000|  0%| F|  |TAMS 0x000000070af00000, 0x000000070af00000| Untracked 
| 148|0x000000070b000000, 0x000000070b000000, 0x000000070b100000|  0%| F|  |TAMS 0x000000070b000000, 0x000000070b000000| Untracked 
| 149|0x000000070b100000, 0x000000070b100000, 0x000000070b200000|  0%| F|  |TAMS 0x000000070b100000, 0x000000070b100000| Untracked 
| 150|0x000000070b200000, 0x000000070b200000, 0x000000070b300000|  0%| F|  |TAMS 0x000000070b200000, 0x000000070b200000| Untracked 
| 151|0x000000070b300000, 0x000000070b300000, 0x000000070b400000|  0%| F|  |TAMS 0x000000070b300000, 0x000000070b300000| Untracked 
| 152|0x000000070b400000, 0x000000070b400000, 0x000000070b500000|  0%| F|  |TAMS 0x000000070b400000, 0x000000070b400000| Untracked 
| 153|0x000000070b500000, 0x000000070b500000, 0x000000070b600000|  0%| F|  |TAMS 0x000000070b500000, 0x000000070b500000| Untracked 
| 154|0x000000070b600000, 0x000000070b600000, 0x000000070b700000|  0%| F|  |TAMS 0x000000070b600000, 0x000000070b600000| Untracked 
| 155|0x000000070b700000, 0x000000070b700000, 0x000000070b800000|  0%| F|  |TAMS 0x000000070b700000, 0x000000070b700000| Untracked 
| 156|0x000000070b800000, 0x000000070b800000, 0x000000070b900000|  0%| F|  |TAMS 0x000000070b800000, 0x000000070b800000| Untracked 
| 157|0x000000070b900000, 0x000000070b900000, 0x000000070ba00000|  0%| F|  |TAMS 0x000000070b900000, 0x000000070b900000| Untracked 
| 158|0x000000070ba00000, 0x000000070ba00000, 0x000000070bb00000|  0%| F|  |TAMS 0x000000070ba00000, 0x000000070ba00000| Untracked 
| 159|0x000000070bb00000, 0x000000070bb00000, 0x000000070bc00000|  0%| F|  |TAMS 0x000000070bb00000, 0x000000070bb00000| Untracked 
| 160|0x000000070bc00000, 0x000000070bc00000, 0x000000070bd00000|  0%| F|  |TAMS 0x000000070bc00000, 0x000000070bc00000| Untracked 
| 161|0x000000070bd00000, 0x000000070bd00000, 0x000000070be00000|  0%| F|  |TAMS 0x000000070bd00000, 0x000000070bd00000| Untracked 
| 162|0x000000070be00000, 0x000000070be00000, 0x000000070bf00000|  0%| F|  |TAMS 0x000000070be00000, 0x000000070be00000| Untracked 
| 163|0x000000070bf00000, 0x000000070bf00000, 0x000000070c000000|  0%| F|  |TAMS 0x000000070bf00000, 0x000000070bf00000| Untracked 
| 164|0x000000070c000000, 0x000000070c000000, 0x000000070c100000|  0%| F|  |TAMS 0x000000070c000000, 0x000000070c000000| Untracked 
| 165|0x000000070c100000, 0x000000070c100000, 0x000000070c200000|  0%| F|  |TAMS 0x000000070c100000, 0x000000070c100000| Untracked 
| 166|0x000000070c200000, 0x000000070c200000, 0x000000070c300000|  0%| F|  |TAMS 0x000000070c200000, 0x000000070c200000| Untracked 
| 167|0x000000070c300000, 0x000000070c300000, 0x000000070c400000|  0%| F|  |TAMS 0x000000070c300000, 0x000000070c300000| Untracked 
| 168|0x000000070c400000, 0x000000070c400000, 0x000000070c500000|  0%| F|  |TAMS 0x000000070c400000, 0x000000070c400000| Untracked 
| 169|0x000000070c500000, 0x000000070c500000, 0x000000070c600000|  0%| F|  |TAMS 0x000000070c500000, 0x000000070c500000| Untracked 
| 170|0x000000070c600000, 0x000000070c600000, 0x000000070c700000|  0%| F|  |TAMS 0x000000070c600000, 0x000000070c600000| Untracked 
| 171|0x000000070c700000, 0x000000070c700000, 0x000000070c800000|  0%| F|  |TAMS 0x000000070c700000, 0x000000070c700000| Untracked 
| 172|0x000000070c800000, 0x000000070c800000, 0x000000070c900000|  0%| F|  |TAMS 0x000000070c800000, 0x000000070c800000| Untracked 
| 173|0x000000070c900000, 0x000000070c900000, 0x000000070ca00000|  0%| F|  |TAMS 0x000000070c900000, 0x000000070c900000| Untracked 
| 174|0x000000070ca00000, 0x000000070ca00000, 0x000000070cb00000|  0%| F|  |TAMS 0x000000070ca00000, 0x000000070ca00000| Untracked 
| 175|0x000000070cb00000, 0x000000070cb00000, 0x000000070cc00000|  0%| F|  |TAMS 0x000000070cb00000, 0x000000070cb00000| Untracked 
| 176|0x000000070cc00000, 0x000000070cc00000, 0x000000070cd00000|  0%| F|  |TAMS 0x000000070cc00000, 0x000000070cc00000| Untracked 
| 177|0x000000070cd00000, 0x000000070cd00000, 0x000000070ce00000|  0%| F|  |TAMS 0x000000070cd00000, 0x000000070cd00000| Untracked 
| 178|0x000000070ce00000, 0x000000070ce00000, 0x000000070cf00000|  0%| F|  |TAMS 0x000000070ce00000, 0x000000070ce00000| Untracked 
| 179|0x000000070cf00000, 0x000000070cf00000, 0x000000070d000000|  0%| F|  |TAMS 0x000000070cf00000, 0x000000070cf00000| Untracked 
| 180|0x000000070d000000, 0x000000070d000000, 0x000000070d100000|  0%| F|  |TAMS 0x000000070d000000, 0x000000070d000000| Untracked 
| 181|0x000000070d100000, 0x000000070d100000, 0x000000070d200000|  0%| F|  |TAMS 0x000000070d100000, 0x000000070d100000| Untracked 
| 182|0x000000070d200000, 0x000000070d200000, 0x000000070d300000|  0%| F|  |TAMS 0x000000070d200000, 0x000000070d200000| Untracked 
| 183|0x000000070d300000, 0x000000070d300000, 0x000000070d400000|  0%| F|  |TAMS 0x000000070d300000, 0x000000070d300000| Untracked 
| 184|0x000000070d400000, 0x000000070d400000, 0x000000070d500000|  0%| F|  |TAMS 0x000000070d400000, 0x000000070d400000| Untracked 
| 185|0x000000070d500000, 0x000000070d500000, 0x000000070d600000|  0%| F|  |TAMS 0x000000070d500000, 0x000000070d500000| Untracked 
| 186|0x000000070d600000, 0x000000070d600000, 0x000000070d700000|  0%| F|  |TAMS 0x000000070d600000, 0x000000070d600000| Untracked 
| 187|0x000000070d700000, 0x000000070d700000, 0x000000070d800000|  0%| F|  |TAMS 0x000000070d700000, 0x000000070d700000| Untracked 
| 188|0x000000070d800000, 0x000000070d800000, 0x000000070d900000|  0%| F|  |TAMS 0x000000070d800000, 0x000000070d800000| Untracked 
| 189|0x000000070d900000, 0x000000070d900000, 0x000000070da00000|  0%| F|  |TAMS 0x000000070d900000, 0x000000070d900000| Untracked 
| 190|0x000000070da00000, 0x000000070da00000, 0x000000070db00000|  0%| F|  |TAMS 0x000000070da00000, 0x000000070da00000| Untracked 
| 191|0x000000070db00000, 0x000000070db00000, 0x000000070dc00000|  0%| F|  |TAMS 0x000000070db00000, 0x000000070db00000| Untracked 
| 192|0x000000070dc00000, 0x000000070dc00000, 0x000000070dd00000|  0%| F|  |TAMS 0x000000070dc00000, 0x000000070dc00000| Untracked 
| 193|0x000000070dd00000, 0x000000070dd00000, 0x000000070de00000|  0%| F|  |TAMS 0x000000070dd00000, 0x000000070dd00000| Untracked 
| 194|0x000000070de00000, 0x000000070de00000, 0x000000070df00000|  0%| F|  |TAMS 0x000000070de00000, 0x000000070de00000| Untracked 
| 195|0x000000070df00000, 0x000000070df00000, 0x000000070e000000|  0%| F|  |TAMS 0x000000070df00000, 0x000000070df00000| Untracked 
| 196|0x000000070e000000, 0x000000070e000000, 0x000000070e100000|  0%| F|  |TAMS 0x000000070e000000, 0x000000070e000000| Untracked 
| 197|0x000000070e100000, 0x000000070e100000, 0x000000070e200000|  0%| F|  |TAMS 0x000000070e100000, 0x000000070e100000| Untracked 
| 198|0x000000070e200000, 0x000000070e200000, 0x000000070e300000|  0%| F|  |TAMS 0x000000070e200000, 0x000000070e200000| Untracked 
| 199|0x000000070e300000, 0x000000070e300000, 0x000000070e400000|  0%| F|  |TAMS 0x000000070e300000, 0x000000070e300000| Untracked 
| 200|0x000000070e400000, 0x000000070e400000, 0x000000070e500000|  0%| F|  |TAMS 0x000000070e400000, 0x000000070e400000| Untracked 
| 201|0x000000070e500000, 0x000000070e500000, 0x000000070e600000|  0%| F|  |TAMS 0x000000070e500000, 0x000000070e500000| Untracked 
| 202|0x000000070e600000, 0x000000070e600000, 0x000000070e700000|  0%| F|  |TAMS 0x000000070e600000, 0x000000070e600000| Untracked 
| 203|0x000000070e700000, 0x000000070e700000, 0x000000070e800000|  0%| F|  |TAMS 0x000000070e700000, 0x000000070e700000| Untracked 
| 204|0x000000070e800000, 0x000000070e800000, 0x000000070e900000|  0%| F|  |TAMS 0x000000070e800000, 0x000000070e800000| Untracked 
| 205|0x000000070e900000, 0x000000070e900000, 0x000000070ea00000|  0%| F|  |TAMS 0x000000070e900000, 0x000000070e900000| Untracked 
| 206|0x000000070ea00000, 0x000000070ea00000, 0x000000070eb00000|  0%| F|  |TAMS 0x000000070ea00000, 0x000000070ea00000| Untracked 
| 207|0x000000070eb00000, 0x000000070eb00000, 0x000000070ec00000|  0%| F|  |TAMS 0x000000070eb00000, 0x000000070eb00000| Untracked 
| 208|0x000000070ec00000, 0x000000070ec00000, 0x000000070ed00000|  0%| F|  |TAMS 0x000000070ec00000, 0x000000070ec00000| Untracked 
| 209|0x000000070ed00000, 0x000000070ed00000, 0x000000070ee00000|  0%| F|  |TAMS 0x000000070ed00000, 0x000000070ed00000| Untracked 
| 210|0x000000070ee00000, 0x000000070ee00000, 0x000000070ef00000|  0%| F|  |TAMS 0x000000070ee00000, 0x000000070ee00000| Untracked 
| 211|0x000000070ef00000, 0x000000070ef00000, 0x000000070f000000|  0%| F|  |TAMS 0x000000070ef00000, 0x000000070ef00000| Untracked 
| 212|0x000000070f000000, 0x000000070f000000, 0x000000070f100000|  0%| F|  |TAMS 0x000000070f000000, 0x000000070f000000| Untracked 
| 213|0x000000070f100000, 0x000000070f100000, 0x000000070f200000|  0%| F|  |TAMS 0x000000070f100000, 0x000000070f100000| Untracked 
| 214|0x000000070f200000, 0x000000070f200000, 0x000000070f300000|  0%| F|  |TAMS 0x000000070f200000, 0x000000070f200000| Untracked 
| 215|0x000000070f300000, 0x000000070f300000, 0x000000070f400000|  0%| F|  |TAMS 0x000000070f300000, 0x000000070f300000| Untracked 
| 216|0x000000070f400000, 0x000000070f400000, 0x000000070f500000|  0%| F|  |TAMS 0x000000070f400000, 0x000000070f400000| Untracked 
| 217|0x000000070f500000, 0x000000070f500000, 0x000000070f600000|  0%| F|  |TAMS 0x000000070f500000, 0x000000070f500000| Untracked 
| 218|0x000000070f600000, 0x000000070f600000, 0x000000070f700000|  0%| F|  |TAMS 0x000000070f600000, 0x000000070f600000| Untracked 
| 219|0x000000070f700000, 0x000000070f700000, 0x000000070f800000|  0%| F|  |TAMS 0x000000070f700000, 0x000000070f700000| Untracked 
| 220|0x000000070f800000, 0x000000070f800000, 0x000000070f900000|  0%| F|  |TAMS 0x000000070f800000, 0x000000070f800000| Untracked 
| 221|0x000000070f900000, 0x000000070f900000, 0x000000070fa00000|  0%| F|  |TAMS 0x000000070f900000, 0x000000070f900000| Untracked 
| 222|0x000000070fa00000, 0x000000070fa00000, 0x000000070fb00000|  0%| F|  |TAMS 0x000000070fa00000, 0x000000070fa00000| Untracked 
| 223|0x000000070fb00000, 0x000000070fb00000, 0x000000070fc00000|  0%| F|  |TAMS 0x000000070fb00000, 0x000000070fb00000| Untracked 
| 224|0x000000070fc00000, 0x000000070fc00000, 0x000000070fd00000|  0%| F|  |TAMS 0x000000070fc00000, 0x000000070fc00000| Untracked 
| 225|0x000000070fd00000, 0x000000070fd00000, 0x000000070fe00000|  0%| F|  |TAMS 0x000000070fd00000, 0x000000070fd00000| Untracked 
| 226|0x000000070fe00000, 0x000000070fe00000, 0x000000070ff00000|  0%| F|  |TAMS 0x000000070fe00000, 0x000000070fe00000| Untracked 
| 227|0x000000070ff00000, 0x000000070ff00000, 0x0000000710000000|  0%| F|  |TAMS 0x000000070ff00000, 0x000000070ff00000| Untracked 
| 228|0x0000000710000000, 0x0000000710000000, 0x0000000710100000|  0%| F|  |TAMS 0x0000000710000000, 0x0000000710000000| Untracked 
| 229|0x0000000710100000, 0x0000000710100000, 0x0000000710200000|  0%| F|  |TAMS 0x0000000710100000, 0x0000000710100000| Untracked 
| 230|0x0000000710200000, 0x0000000710200000, 0x0000000710300000|  0%| F|  |TAMS 0x0000000710200000, 0x0000000710200000| Untracked 
| 231|0x0000000710300000, 0x0000000710300000, 0x0000000710400000|  0%| F|  |TAMS 0x0000000710300000, 0x0000000710300000| Untracked 
| 232|0x0000000710400000, 0x0000000710400000, 0x0000000710500000|  0%| F|  |TAMS 0x0000000710400000, 0x0000000710400000| Untracked 
| 233|0x0000000710500000, 0x0000000710500000, 0x0000000710600000|  0%| F|  |TAMS 0x0000000710500000, 0x0000000710500000| Untracked 
| 234|0x0000000710600000, 0x000000071067ba58, 0x0000000710700000| 48%| E|  |TAMS 0x0000000710600000, 0x0000000710600000| Complete 
| 235|0x0000000710700000, 0x0000000710800000, 0x0000000710800000|100%| E|CS|TAMS 0x0000000710700000, 0x0000000710700000| Complete 
| 236|0x0000000710800000, 0x0000000710900000, 0x0000000710900000|100%| E|CS|TAMS 0x0000000710800000, 0x0000000710800000| Complete 
| 237|0x0000000710900000, 0x0000000710a00000, 0x0000000710a00000|100%| E|CS|TAMS 0x0000000710900000, 0x0000000710900000| Complete 
| 238|0x0000000710a00000, 0x0000000710b00000, 0x0000000710b00000|100%| E|CS|TAMS 0x0000000710a00000, 0x0000000710a00000| Complete 
| 239|0x0000000710b00000, 0x0000000710c00000, 0x0000000710c00000|100%| E|CS|TAMS 0x0000000710b00000, 0x0000000710b00000| Complete 
| 240|0x0000000710c00000, 0x0000000710d00000, 0x0000000710d00000|100%| E|CS|TAMS 0x0000000710c00000, 0x0000000710c00000| Complete 
| 241|0x0000000710d00000, 0x0000000710e00000, 0x0000000710e00000|100%| E|CS|TAMS 0x0000000710d00000, 0x0000000710d00000| Complete 
| 242|0x0000000710e00000, 0x0000000710f00000, 0x0000000710f00000|100%| E|CS|TAMS 0x0000000710e00000, 0x0000000710e00000| Complete 
| 243|0x0000000710f00000, 0x0000000711000000, 0x0000000711000000|100%| E|CS|TAMS 0x0000000710f00000, 0x0000000710f00000| Complete 
| 244|0x0000000711000000, 0x0000000711100000, 0x0000000711100000|100%| E|CS|TAMS 0x0000000711000000, 0x0000000711000000| Complete 
| 245|0x0000000711100000, 0x0000000711200000, 0x0000000711200000|100%| E|CS|TAMS 0x0000000711100000, 0x0000000711100000| Complete 
| 246|0x0000000711200000, 0x0000000711300000, 0x0000000711300000|100%| E|  |TAMS 0x0000000711200000, 0x0000000711200000| Complete 
| 247|0x0000000711300000, 0x0000000711400000, 0x0000000711400000|100%| E|CS|TAMS 0x0000000711300000, 0x0000000711300000| Complete 
| 248|0x0000000711400000, 0x0000000711500000, 0x0000000711500000|100%| E|CS|TAMS 0x0000000711400000, 0x0000000711400000| Complete 
| 249|0x0000000711500000, 0x0000000711600000, 0x0000000711600000|100%| E|CS|TAMS 0x0000000711500000, 0x0000000711500000| Complete 
| 250|0x0000000711600000, 0x0000000711700000, 0x0000000711700000|100%| E|CS|TAMS 0x0000000711600000, 0x0000000711600000| Complete 
| 251|0x0000000711700000, 0x0000000711800000, 0x0000000711800000|100%| E|CS|TAMS 0x0000000711700000, 0x0000000711700000| Complete 
| 252|0x0000000711800000, 0x0000000711900000, 0x0000000711900000|100%| E|CS|TAMS 0x0000000711800000, 0x0000000711800000| Complete 
| 253|0x0000000711900000, 0x0000000711a00000, 0x0000000711a00000|100%| E|CS|TAMS 0x0000000711900000, 0x0000000711900000| Complete 
| 254|0x0000000711a00000, 0x0000000711b00000, 0x0000000711b00000|100%| E|CS|TAMS 0x0000000711a00000, 0x0000000711a00000| Complete 
| 255|0x0000000711b00000, 0x0000000711c00000, 0x0000000711c00000|100%| E|CS|TAMS 0x0000000711b00000, 0x0000000711b00000| Complete 

Card table byte_map: [0x00000171d1c50000,0x00000171d2450000] _byte_map_base: 0x00000171ce442000

Marking Bits (Prev, Next): (CMBitMap*) 0x00000171b7dfea68, (CMBitMap*) 0x00000171b7dfeaa0
 Prev Bits: [0x00000171d2c50000, 0x00000171d6be0000)
 Next Bits: [0x00000171d6be0000, 0x00000171dab70000)

Polling page: 0x00000171b7b10000

Metaspace:

Usage:
  Non-class:     16.65 MB capacity,    16.43 MB ( 99%) used,   178.97 KB (  1%) free+waste,    48.56 KB ( <1%) overhead. 
      Class:      1.80 MB capacity,     1.60 MB ( 89%) used,   177.60 KB ( 10%) free+waste,    25.00 KB (  1%) overhead. 
       Both:     18.45 MB capacity,    18.03 MB ( 98%) used,   356.57 KB (  2%) free+waste,    73.56 KB ( <1%) overhead. 

Virtual space:
  Non-class space:       18.00 MB reserved,      16.75 MB ( 93%) committed 
      Class space:        1.00 GB reserved,       1.88 MB ( <1%) committed 
             Both:        1.02 GB reserved,      18.63 MB (  2%) committed 

Chunk freelists:
   Non-Class:  12.88 KB
       Class:  1.50 KB
        Both:  14.38 KB

CodeHeap 'non-profiled nmethods': size=120000Kb used=438Kb max_used=438Kb free=119561Kb
 bounds [0x00000171c94a0000, 0x00000171c9710000, 0x00000171d09d0000]
CodeHeap 'profiled nmethods': size=120000Kb used=2847Kb max_used=2847Kb free=117152Kb
 bounds [0x00000171c1f70000, 0x00000171c2240000, 0x00000171c94a0000]
CodeHeap 'non-nmethods': size=5760Kb used=1557Kb max_used=1570Kb free=4202Kb
 bounds [0x00000171c19d0000, 0x00000171c1c40000, 0x00000171c1f70000]
 total_blobs=2493 nmethods=1396 adapters=1009
 compilation: enabled
              stopped_count=0, restarted_count=0
 full_count=0

Compilation events (10 events):
Event: 5.032 Thread 0x00000171ddfc3800 1391       3       java.util.LinkedList$ListItr::hasPrevious (13 bytes)
Event: 5.033 Thread 0x00000171ddfc3800 nmethod 1391 0x00000171c2237390 code [0x00000171c2237540, 0x00000171c22376f8]
Event: 5.033 Thread 0x00000171ddfc3800 1392       1       java.awt.Component::isVisible_NoClientCode (5 bytes)
Event: 5.033 Thread 0x00000171ddfc3800 nmethod 1392 0x00000171c950d190 code [0x00000171c950d320, 0x00000171c950d438]
Event: 5.034 Thread 0x00000171ddfc3800 1394       1       java.beans.PropertyChangeEvent::getNewValue (5 bytes)
Event: 5.034 Thread 0x00000171ddfc3800 nmethod 1394 0x00000171c950d490 code [0x00000171c950d620, 0x00000171c950d738]
Event: 5.034 Thread 0x00000171ddfc3800 1395       3       java.util.concurrent.ConcurrentHashMap::sumCount (60 bytes)
Event: 5.034 Thread 0x00000171ddfc3800 nmethod 1395 0x00000171c2237790 code [0x00000171c2237940, 0x00000171c2237bf8]
Event: 5.039 Thread 0x00000171ddfc3800 1396       1       java.beans.PropertyChangeEvent::getOldValue (5 bytes)
Event: 5.039 Thread 0x00000171ddfc3800 nmethod 1396 0x00000171c950d790 code [0x00000171c950d920, 0x00000171c950da38]

GC Heap History (0 events):
No events

Deoptimization events (9 events):
Event: 0.074 Thread 0x00000171b7da0000 Uncommon trap: reason=unstable_if action=reinterpret pc=0x00000171c94a478c method=java.lang.String.hashCode()I @ 14 c2
Event: 0.309 Thread 0x00000171b7da0000 Uncommon trap: reason=unstable_if action=reinterpret pc=0x00000171c94ce63c method=jdk.internal.org.objectweb.asm.Type.getArgumentsAndReturnSizes(Ljava/lang/String;)I @ 88 c2
Event: 0.325 Thread 0x00000171b7da0000 Uncommon trap: reason=unstable_if action=reinterpret pc=0x00000171c94c33b8 method=java.lang.invoke.LambdaForm$Name.replaceNames([Ljava/lang/invoke/LambdaForm$Name;[Ljava/lang/invoke/LambdaForm$Name;II)Ljava/lang/invoke/LambdaForm$Name; @ 3 c2
Event: 0.428 Thread 0x00000171b7da0000 Uncommon trap: reason=unstable_if action=reinterpret pc=0x00000171c94a26f8 method=java.lang.String.isLatin1()Z @ 10 c2
Event: 0.599 Thread 0x00000171dfa4c800 Uncommon trap: reason=unstable_if action=reinterpret pc=0x00000171c94dcf14 method=jdk.internal.org.objectweb.asm.Frame.execute(IILjdk/internal/org/objectweb/asm/ClassWriter;Ljdk/internal/org/objectweb/asm/Item;)V @ 1 c2
Event: 2.047 Thread 0x00000171deab6800 Uncommon trap: reason=class_check action=maybe_recompile pc=0x00000171c94ffe84 method=java.util.HashMap.getNode(ILjava/lang/Object;)Ljava/util/HashMap$Node; @ 126 c2
Event: 2.048 Thread 0x00000171deab6800 Uncommon trap: reason=class_check action=maybe_recompile pc=0x00000171c94ffe84 method=java.util.HashMap.getNode(ILjava/lang/Object;)Ljava/util/HashMap$Node; @ 126 c2
Event: 2.146 Thread 0x00000171deab6800 Uncommon trap: reason=class_check action=maybe_recompile pc=0x00000171c94ffe84 method=java.util.HashMap.getNode(ILjava/lang/Object;)Ljava/util/HashMap$Node; @ 126 c2
Event: 2.146 Thread 0x00000171deab6800 Uncommon trap: reason=class_check action=maybe_recompile pc=0x00000171c94ffe84 method=java.util.HashMap.getNode(ILjava/lang/Object;)Ljava/util/HashMap$Node; @ 126 c2

Classes redefined (0 events):
No events

Internal exceptions (10 events):
Event: 0.448 Thread 0x00000171b7da0000 Exception <a 'java/lang/NoSuchMethodError'{0x0000000710f8a278}: java.lang.invoke.Invokers$Holder.linkToTargetMethod(Ljava/lang/Object;ILjava/lang/Object;)Ljava/lang/Object;> (0x0000000710f8a278) thrown at [./open/src/hotspot/share/interpreter/linkResolver
Event: 0.509 Thread 0x00000171dfa4c800 Exception <a 'sun/nio/fs/WindowsException'{0x0000000710e7d210}> (0x0000000710e7d210) thrown at [./open/src/hotspot/share/prims/jni.cpp, line 611]
Event: 0.510 Thread 0x00000171dfa4c800 Exception <a 'sun/nio/fs/WindowsException'{0x0000000710e7d500}> (0x0000000710e7d500) thrown at [./open/src/hotspot/share/prims/jni.cpp, line 611]
Event: 0.517 Thread 0x00000171dfa4c800 Exception <a 'sun/nio/fs/WindowsException'{0x0000000710eafcb0}> (0x0000000710eafcb0) thrown at [./open/src/hotspot/share/prims/jni.cpp, line 611]
Event: 0.517 Thread 0x00000171dfa4c800 Exception <a 'sun/nio/fs/WindowsException'{0x0000000710eaff80}> (0x0000000710eaff80) thrown at [./open/src/hotspot/share/prims/jni.cpp, line 611]
Event: 0.536 Thread 0x00000171dfa4c800 Exception <a 'sun/nio/fs/WindowsException'{0x0000000710ef9228}> (0x0000000710ef9228) thrown at [./open/src/hotspot/share/prims/jni.cpp, line 611]
Event: 0.537 Thread 0x00000171dfa4c800 Exception <a 'sun/nio/fs/WindowsException'{0x0000000710ef95d8}> (0x0000000710ef95d8) thrown at [./open/src/hotspot/share/prims/jni.cpp, line 611]
Event: 0.539 Thread 0x00000171dfa4c800 Exception <a 'sun/nio/fs/WindowsException'{0x0000000710d107a8}> (0x0000000710d107a8) thrown at [./open/src/hotspot/share/prims/jni.cpp, line 611]
Event: 0.539 Thread 0x00000171dfa4c800 Exception <a 'sun/nio/fs/WindowsException'{0x0000000710d10a90}> (0x0000000710d10a90) thrown at [./open/src/hotspot/share/prims/jni.cpp, line 611]
Event: 0.599 Thread 0x00000171dfa4c800 Exception <a 'java/lang/NoSuchMethodError'{0x0000000710c60920}: java.lang.invoke.DirectMethodHandle$Holder.invokeSpecialIFC(Ljava/lang/Object;Ljava/lang/Object;I)I> (0x0000000710c60920) thrown at [./open/src/hotspot/share/interpreter/linkResolver.cpp, lin

Events (10 events):
Event: 5.033 Executing VM operation: RevokeBias done
Event: 5.033 Thread 0x00000171dfa4c800 Thread exited: 0x00000171dfa4c800
Event: 5.034 Executing VM operation: RevokeBias
Event: 5.034 Executing VM operation: RevokeBias done
Event: 5.034 loading class java/awt/KeyboardFocusManager$2
Event: 5.034 loading class java/awt/KeyboardFocusManager$2 done
Event: 5.034 loading class sun/awt/SunToolkit$1
Event: 5.034 loading class sun/awt/SunToolkit$1 done
Event: 5.039 Executing VM operation: RevokeBias
Event: 5.039 Executing VM operation: RevokeBias done


Dynamic libraries:
0x00007ff7664d0000 - 0x00007ff7664df000 	C:\Program Files\Java\jdk-11.0.9\bin\javaw.exe
0x00007fff9e2c0000 - 0x00007fff9e4b0000 	C:\WINDOWS\SYSTEM32\ntdll.dll
0x00007fff9c530000 - 0x00007fff9c5e2000 	C:\WINDOWS\System32\KERNEL32.DLL
0x00007fff9ba80000 - 0x00007fff9bd25000 	C:\WINDOWS\System32\KERNELBASE.dll
0x00007fff9c1a0000 - 0x00007fff9c29a000 	C:\WINDOWS\System32\ucrtbase.dll
0x00007fff977e0000 - 0x00007fff977f5000 	C:\Program Files\Java\jdk-11.0.9\bin\VCRUNTIME140.dll
0x00007fff97800000 - 0x00007fff97818000 	C:\Program Files\Java\jdk-11.0.9\bin\jli.dll
0x00007fff9d970000 - 0x00007fff9da13000 	C:\WINDOWS\System32\ADVAPI32.dll
0x00007fff9cf80000 - 0x00007fff9d01e000 	C:\WINDOWS\System32\msvcrt.dll
0x00007fff9ce10000 - 0x00007fff9cea7000 	C:\WINDOWS\System32\sechost.dll
0x00007fff9ca60000 - 0x00007fff9cb80000 	C:\WINDOWS\System32\RPCRT4.dll
0x00007fff9c370000 - 0x00007fff9c504000 	C:\WINDOWS\System32\USER32.dll
0x00007fff9b230000 - 0x00007fff9b251000 	C:\WINDOWS\System32\win32u.dll
0x00007fff9db40000 - 0x00007fff9db66000 	C:\WINDOWS\System32\GDI32.dll
0x00007fff80ad0000 - 0x00007fff80d54000 	C:\WINDOWS\WinSxS\amd64_microsoft.windows.common-controls_6595b64144ccf1df_6.0.18362.1256_none_9e7e379be45e40e2\COMCTL32.dll
0x00007fff9be80000 - 0x00007fff9c016000 	C:\WINDOWS\System32\gdi32full.dll
0x00007fff9bde0000 - 0x00007fff9be7e000 	C:\WINDOWS\System32\msvcp_win.dll
0x00007fff9c720000 - 0x00007fff9ca56000 	C:\WINDOWS\System32\combase.dll
0x00007fff9b9f0000 - 0x00007fff9ba71000 	C:\WINDOWS\System32\bcryptPrimitives.dll
0x00007fff95990000 - 0x00007fff9599a000 	C:\WINDOWS\SYSTEM32\VERSION.dll
0x00007fff9e1d0000 - 0x00007fff9e1fe000 	C:\WINDOWS\System32\IMM32.DLL
0x00007fff71790000 - 0x00007fff7182b000 	C:\Program Files\Java\jdk-11.0.9\bin\msvcp140.dll
0x00007fff34cc0000 - 0x00007fff357b7000 	C:\Program Files\Java\jdk-11.0.9\bin\server\jvm.dll
0x00007fff9db70000 - 0x00007fff9db78000 	C:\WINDOWS\System32\PSAPI.DLL
0x00007fff87370000 - 0x00007fff87379000 	C:\WINDOWS\SYSTEM32\WSOCK32.dll
0x00007fff97920000 - 0x00007fff97944000 	C:\WINDOWS\SYSTEM32\WINMM.dll
0x00007fff9d710000 - 0x00007fff9d77f000 	C:\WINDOWS\System32\WS2_32.dll
0x00007fff978f0000 - 0x00007fff9791d000 	C:\WINDOWS\SYSTEM32\WINMMBASE.dll
0x00007fff9bd90000 - 0x00007fff9bdda000 	C:\WINDOWS\System32\cfgmgr32.dll
0x00007fff9b190000 - 0x00007fff9b1a1000 	C:\WINDOWS\System32\kernel.appcore.dll
0x00007fff95780000 - 0x00007fff95790000 	C:\Program Files\Java\jdk-11.0.9\bin\verify.dll
0x00007fff99930000 - 0x00007fff99b24000 	C:\WINDOWS\SYSTEM32\DBGHELP.DLL
0x00007fff88f70000 - 0x00007fff88f9a000 	C:\WINDOWS\SYSTEM32\dbgcore.DLL
0x00007fff895b0000 - 0x00007fff895d8000 	C:\Program Files\Java\jdk-11.0.9\bin\java.dll
0x00007fff92e20000 - 0x00007fff92e2a000 	C:\Program Files\Java\jdk-11.0.9\bin\jimage.dll
0x00007fff87380000 - 0x00007fff87396000 	C:\Program Files\Java\jdk-11.0.9\bin\zip.dll
0x00007fff9d020000 - 0x00007fff9d707000 	C:\WINDOWS\System32\SHELL32.dll
0x00007fff9d780000 - 0x00007fff9d829000 	C:\WINDOWS\System32\shcore.dll
0x00007fff9b260000 - 0x00007fff9b9e1000 	C:\WINDOWS\System32\windows.storage.dll
0x00007fff9b200000 - 0x00007fff9b223000 	C:\WINDOWS\System32\profapi.dll
0x00007fff9b1b0000 - 0x00007fff9b1fa000 	C:\WINDOWS\System32\powrprof.dll
0x00007fff9b160000 - 0x00007fff9b170000 	C:\WINDOWS\System32\UMPDC.dll
0x00007fff9db80000 - 0x00007fff9dbd2000 	C:\WINDOWS\System32\shlwapi.dll
0x00007fff9c2a0000 - 0x00007fff9c2b7000 	C:\WINDOWS\System32\cryptsp.dll
0x00007fff7c6a0000 - 0x00007fff7c6b9000 	C:\Program Files\Java\jdk-11.0.9\bin\net.dll
0x00007fff93b10000 - 0x00007fff93c00000 	C:\WINDOWS\SYSTEM32\WINHTTP.dll
0x00007fff9a910000 - 0x00007fff9a977000 	C:\WINDOWS\system32\mswsock.dll
0x00007fff7c200000 - 0x00007fff7c212000 	C:\Program Files\Java\jdk-11.0.9\bin\nio.dll
0x00007fff715f0000 - 0x00007fff7178a000 	C:\Program Files\Java\jdk-11.0.9\bin\awt.dll
0x00007fff9ceb0000 - 0x00007fff9cf75000 	C:\WINDOWS\System32\OLEAUT32.dll
0x00007fff98ee0000 - 0x00007fff98f6f000 	C:\WINDOWS\SYSTEM32\apphelp.dll
0x00007fff99520000 - 0x00007fff9954d000 	C:\WINDOWS\system32\DWMAPI.DLL
0x00007fff98fe0000 - 0x00007fff99079000 	C:\WINDOWS\system32\uxtheme.dll
0x00007fff76110000 - 0x00007fff76266000 	C:\WINDOWS\system32\opengl32.dll
0x00007fff760a0000 - 0x00007fff760cc000 	C:\WINDOWS\SYSTEM32\GLU32.dll
0x00007fff99db0000 - 0x00007fff99dd0000 	C:\WINDOWS\SYSTEM32\dxcore.dll
0x00007fff9d830000 - 0x00007fff9d965000 	C:\WINDOWS\System32\MSCTF.dll
0x00007fff9dbe0000 - 0x00007fff9dd37000 	C:\WINDOWS\System32\ole32.dll
0x00007fff709e0000 - 0x00007fff70a44000 	C:\Users\tomsh\AppData\Local\Temp\lwjgltomsh\3.2.3-build-13\lwjgl.dll
0x00007fff4fbc0000 - 0x00007fff4fe13000 	C:\Users\tomsh\AppData\Local\Temp\lwjgltomsh\3.2.3-build-13\jemalloc.dll
0x00007fff979c0000 - 0x00007fff979c7000 	C:\Program Files\Java\jdk-11.0.9\bin\jawt.dll
0x00007fff71560000 - 0x00007fff715e2000 	C:\Program Files\Java\jdk-11.0.9\bin\freetype.dll
0x00007fff714b0000 - 0x00007fff71556000 	C:\Program Files\Java\jdk-11.0.9\bin\fontmanager.dll
0x00007fff858a0000 - 0x00007fff8593e000 	C:\WINDOWS\System32\TextInputFramework.dll
0x00007fff94fe0000 - 0x00007fff9530a000 	C:\WINDOWS\System32\CoreUIComponents.dll
0x00007fff98c80000 - 0x00007fff98d54000 	C:\WINDOWS\System32\CoreMessaging.dll
0x00007fff9a140000 - 0x00007fff9a171000 	C:\WINDOWS\SYSTEM32\ntmarta.dll
0x00007fff96770000 - 0x00007fff968c3000 	C:\WINDOWS\SYSTEM32\wintypes.dll
0x00007fff8a620000 - 0x00007fff8a8c7000 	C:\WINDOWS\System32\iertutil.dll
0x00007fff2fff0000 - 0x00007fff30ff5000 	C:\WINDOWS\System32\DriverStore\FileRepository\iigd_dch.inf_amd64_f48be35b3d221b44\ig9icd64.dll
0x00007fff99ea0000 - 0x00007fff99f8b000 	C:\WINDOWS\system32\dxgi.dll
0x00007fff70d50000 - 0x00007fff7116a000 	C:\WINDOWS\System32\DriverStore\FileRepository\iigd_dch.inf_amd64_f48be35b3d221b44\igdml64.dll
0x00007fff8f090000 - 0x00007fff8f312000 	C:\WINDOWS\System32\DriverStore\FileRepository\iigd_dch.inf_amd64_f48be35b3d221b44\igdgmm64.dll
0x00007fff6fc50000 - 0x00007fff6fca9000 	C:\Users\tomsh\AppData\Local\Temp\lwjgltomsh\3.2.3-build-13\lwjgl_opengl.dll
0x00007fff8c4b0000 - 0x00007fff8f08e000 	C:\WINDOWS\System32\DriverStore\FileRepository\iigd_dch.inf_amd64_f48be35b3d221b44\igc64.dll

dbghelp: loaded successfully - version: 4.0.5 - missing functions: none
symbol engine: initialized successfully - sym options: 0x614 - pdb path: .;C:\Program Files\Java\jdk-11.0.9\bin;C:\WINDOWS\SYSTEM32;C:\WINDOWS\WinSxS\amd64_microsoft.windows.common-controls_6595b64144ccf1df_6.0.18362.1256_none_9e7e379be45e40e2;C:\Program Files\Java\jdk-11.0.9\bin\server;C:\Users\tomsh\AppData\Local\Temp\lwjgltomsh\3.2.3-build-13;C:\WINDOWS\System32\DriverStore\FileRepository\iigd_dch.inf_amd64_f48be35b3d221b44

VM Arguments:
jvm_args: -Dfile.encoding=Cp1252 
java_command: editor.lwlgltest
java_class_path (initial): D:\My-Programs\Java\Cy4Engine\Cy4Engine\target\classes;C:\Users\tomsh\.m2\repository\org\lwjgl\lwjgl\3.2.3\lwjgl-3.2.3.jar;C:\Users\tomsh\.m2\repository\org\lwjgl\lwjgl-assimp\3.2.3\lwjgl-assimp-3.2.3.jar;C:\Users\tomsh\.m2\repository\org\lwjgl\lwjgl-glfw\3.2.3\lwjgl-glfw-3.2.3.jar;C:\Users\tomsh\.m2\repository\org\lwjgl\lwjgl-jemalloc\3.2.3\lwjgl-jemalloc-3.2.3.jar;C:\Users\tomsh\.m2\repository\org\lwjgl\lwjgl-openal\3.2.3\lwjgl-openal-3.2.3.jar;C:\Users\tomsh\.m2\repository\org\lwjgl\lwjgl-opengl\3.2.3\lwjgl-opengl-3.2.3.jar;C:\Users\tomsh\.m2\repository\org\lwjgl\lwjgl-stb\3.2.3\lwjgl-stb-3.2.3.jar;C:\Users\tomsh\.m2\repository\org\lwjgl\lwjgl\3.2.3\lwjgl-3.2.3-natives-windows.jar;C:\Users\tomsh\.m2\repository\org\lwjgl\lwjgl-assimp\3.2.3\lwjgl-assimp-3.2.3-natives-windows.jar;C:\Users\tomsh\.m2\repository\org\lwjgl\lwjgl-glfw\3.2.3\lwjgl-glfw-3.2.3-natives-windows.jar;C:\Users\tomsh\.m2\repository\org\lwjgl\lwjgl-jemalloc\3.2.3\lwjgl-jemalloc-3.2.3-natives-windows.jar;C:\Users\tomsh\.m2\repository\org\lwjgl\lwjgl-openal\3.2.3\lwjgl-openal-3.2.3-natives-windows.jar;C:\Users\tomsh\.m2\repository\org\lwjgl\lwjgl-opengl\3.2.3\lwjgl-opengl-3.2.3-natives-windows.jar;C:\Users\tomsh\.m2\repository\org\lwjgl\lwjgl-stb\3.2.3\lwjgl-stb-3.2.3-natives-windows.jar;C:\Users\tomsh\.m2\repository\org\lwjglx\lwjgl3-awt\0.1.7\lwjgl3-awt-0.1.7.jar;C:\Users\tomsh\.m2\repository\org\lwjgl\lwjgl-jawt\3.2.3\lwjgl-jawt-3.2.3.jar;C:\Users\tomsh\.m2\repository\org\lwjgl\lwjgl-vulkan\3.2.3\lwjgl-vulkan-3.2.3.jar;C:\Users\tomsh\.m2\repository\org\json\json\20201115\json-20201115.jar
Launcher Type: SUN_STANDARD

[Global flags]
     intx CICompilerCount                          = 4                                         {product} {ergonomic}
     uint ConcGCThreads                            = 2                                         {product} {ergonomic}
     uint G1ConcRefinementThreads                  = 8                                         {product} {ergonomic}
   size_t G1HeapRegionSize                         = 1048576                                   {product} {ergonomic}
    uintx GCDrainStackTargetSize                   = 64                                        {product} {ergonomic}
   size_t InitialHeapSize                          = 268435456                                 {product} {ergonomic}
   size_t MarkStackSize                            = 4194304                                   {product} {ergonomic}
   size_t MaxHeapSize                              = 4265607168                                {product} {ergonomic}
   size_t MaxNewSize                               = 2558525440                                {product} {ergonomic}
   size_t MinHeapDeltaBytes                        = 1048576                                   {product} {ergonomic}
    uintx NonNMethodCodeHeapSize                   = 5836300                                {pd product} {ergonomic}
    uintx NonProfiledCodeHeapSize                  = 122910970                              {pd product} {ergonomic}
    uintx ProfiledCodeHeapSize                     = 122910970                              {pd product} {ergonomic}
    uintx ReservedCodeCacheSize                    = 251658240                              {pd product} {ergonomic}
     bool SegmentedCodeCache                       = true                                      {product} {ergonomic}
     bool UseCompressedClassPointers               = true                                 {lp64_product} {ergonomic}
     bool UseCompressedOops                        = true                                 {lp64_product} {ergonomic}
     bool UseG1GC                                  = true                                      {product} {ergonomic}
     bool UseLargePagesIndividualAllocation        = false                                  {pd product} {ergonomic}

Logging:
Log output configuration:
 #0: stdout all=warning uptime,level,tags
 #1: stderr all=off uptime,level,tags

Environment Variables:
JAVA_HOME=C:\Users\tomsh\AppData\Local\Programs\AdoptOpenJDK\jdk-11.0.8.10-hotspot
PATH=C:/Program Files/Java/jdk-11.0.9/bin/server;C:/Program Files/Java/jdk-11.0.9/bin;C:\Program Files\Common Files\Oracle\Java\javapath;C:\Program Files (x86)\Common Files\Oracle\Java\javapath;C:\Program Files\NVIDIA GPU Computing Toolkit\CUDA\v10.2\bin;C:\Program Files\NVIDIA GPU Computing Toolkit\CUDA\v10.2\libnvvp;C:\Python38\Scripts\;C:\Python38\;C:\ProgramData\Oracle\Java\javapath;C:\Program Files (x86)\Common Files\Intel\Shared Libraries\redist\intel64\compiler;C:\Program Files (x86)\Intel\iCLS Client\;C:\Program Files\Intel\iCLS Client\;C:\WINDOWS\system32;C:\WINDOWS;C:\WINDOWS\System32\Wbem;C:\WINDOWS\System32\WindowsPowerShell\v1.0\;C:\WINDOWS\System32\OpenSSH\;C:\Program Files (x86)\Intel\Intel(R) Management Engine Components\DAL;C:\Program Files\Intel\Intel(R) Management Engine Components\DAL;C:\Program Files (x86)\Intel\Intel(R) Management Engine Components\IPT;C:\Program Files\Intel\Intel(R) Management Engine Components\IPT;C:\Program Files\Intel\WiFi\bin\;C:\Program Files\Common Files\Intel\WirelessCommon\;C:\Android;C:\Windows\System32;C:\ffmpeg-20190826-0821bc4-win64-static\bin;C:\Program Files\Java\jdk1.8.0_231\bin;C:\webdrivers;C:\ProgramData\chocolatey\bin;C:\Program Files\Microsoft VS Code\bin;C:\Program Files\Microsoft SQL Server\130\Tools\Binn\;C:\Program Files\nodejs\;C:\Program Files\Git\cmd;C:\Program Files\mingw-w64\x86_64-8.1.0-posix-seh-rt_v6-rev0\mingw64\bin;C:\Program Files (x86)\dotnet\;C:\Program Files\dotnet\;C:\Users\tomsh\AppData\Local\Programs\AdoptOpenJDK\jdk-11.0.8.10-hotspot\bin;C:\Users\tomsh\AppData\Roaming\.minecraft\ffmpeg\bin;C:\Program Files\NVIDIA GPU Computing Toolkit\CUDA\v10.2\bin;C:\Program Files\NVIDIA GPU Computing Toolkit\CUDA\v10.2\libnvvp;C:\Program Files (x86)\Common Files\Oracle\Java\javapath;C:\Python38\Scripts\;C:\Python38\;C:\ProgramData\Oracle\Java\javapath;C:\Program Files (x86)\Common Files\Intel\Shared Libraries\redist\intel64\compiler;C:\Program Files (x86)\Intel\iCLS Client\;C:\Program Files\Intel\iCLS 
USERNAME=tomsh
OS=Windows_NT
PROCESSOR_IDENTIFIER=Intel64 Family 6 Model 142 Stepping 10, GenuineIntel



---------------  S Y S T E M  ---------------

OS: Windows 10 , 64 bit Build 18362 (10.0.18362.1110)
HyperV virtualization detected

CPU:total 8 (initial active 8) (4 cores per cpu, 2 threads per core) family 6 model 142 stepping 10, cmov, cx8, fxsr, mmx, sse, sse2, sse3, ssse3, sse4.1, sse4.2, popcnt, avx, avx2, aes, clmul, erms, 3dnowpref, lzcnt, ht, tsc, tscinvbit, bmi1, bmi2, adx, fma

Memory: 4k page, system-wide physical 16270M (8788M free)
TotalPageFile size 18702M (AvailPageFile size 9660M)
current process WorkingSet (physical memory assigned to process): 130M, peak: 149M
current process commit charge ("private bytes"): 392M, peak: 392M

vm_info: Java HotSpot(TM) 64-Bit Server VM (11.0.9+7-LTS) for windows-amd64 JRE (11.0.9+7-LTS), built on Sep 15 2020 16:47:03 by "mach5one" with MS VC++ 15.9 (VS2017)

END.
