#
# A fatal error has been detected by the Java Runtime Environment:
#
#  EXCEPTION_ACCESS_VIOLATION (0xc0000005) at pc=0x00007fff34df270a, pid=624, tid=9772
#
# JRE version: Java(TM) SE Runtime Environment 18.9 (11.0.9+7) (build 11.0.9+7-LTS)
# Java VM: Java HotSpot(TM) 64-Bit Server VM 18.9 (11.0.9+7-LTS, mixed mode, tiered, compressed oops, g1 gc, windows-amd64)
# Problematic frame:
# V  [jvm.dll+0x13270a]
#
# No core dump will be written. Minidumps are not enabled by default on client versions of Windows
#
# If you would like to submit a bug report, please visit:
#   https://bugreport.java.com/bugreport/crash.jsp
# The crash happened outside the Java Virtual Machine in native code.
# See problematic frame for where to report the bug.
#

---------------  S U M M A R Y ------------

Command Line: -Dfile.encoding=Cp1252 editor.lwlgltest

Host: Intel(R) Core(TM) i5-8250U CPU @ 1.60GHz, 8 cores, 15G,  Windows 10 , 64 bit Build 18362 (10.0.18362.1110)
Time: Thu Dec 17 10:10:16 2020 GMT Standard Time elapsed time: 2.168469 seconds (0d 0h 0m 2s)

---------------  T H R E A D  ---------------

Current thread (0x0000026e88e63000):  JavaThread "AWT-EventQueue-0" [_thread_in_native, id=9772, stack(0x000000b223100000,0x000000b223200000)]

Stack: [0x000000b223100000,0x000000b223200000],  sp=0x000000b2231fae30,  free space=1003k
Native frames: (J=compiled Java code, j=interpreted, Vv=VM code, C=native code)
V  [jvm.dll+0x13270a]
V  [jvm.dll+0x3a6c74]
C  [awt.dll+0xa4dcb]

Java frames: (J=compiled Java code, j=interpreted, Vv=VM code)
j  org.lwjgl.system.JNI.callPV(JJ)V+0
j  org.lwjgl.system.jawt.JAWTFunctions.nJAWT_FreeDrawingSurface(JJ)V+13
j  org.lwjgl.system.jawt.JAWTFunctions.JAWT_FreeDrawingSurface(Lorg/lwjgl/system/jawt/JAWTDrawingSurface;J)V+5
j  org.lwjgl.opengl.awt.PlatformWin32GLCanvas.dispose()V+10
j  org.lwjgl.opengl.awt.AWTGLCanvas.removeNotify()V+8
j  java.awt.Container.removeNotify()V+47 java.desktop@11.0.9
j  javax.swing.JComponent.removeNotify()V+1 java.desktop@11.0.9
j  java.awt.Container.removeNotify()V+47 java.desktop@11.0.9
j  javax.swing.JComponent.removeNotify()V+1 java.desktop@11.0.9
j  java.awt.Container.removeNotify()V+47 java.desktop@11.0.9
j  javax.swing.JComponent.removeNotify()V+1 java.desktop@11.0.9
j  javax.swing.JRootPane.removeNotify()V+1 java.desktop@11.0.9
j  java.awt.Container.removeNotify()V+47 java.desktop@11.0.9
j  java.awt.Window.removeNotify()V+32 java.desktop@11.0.9
j  java.awt.Frame.removeNotify()V+51 java.desktop@11.0.9
j  java.awt.Window$1DisposeAction.run()V+139 java.desktop@11.0.9
j  java.awt.Window.doDispose()V+21 java.desktop@11.0.9
j  java.awt.Window.dispose()V+1 java.desktop@11.0.9
j  editor.lwlgltest$1.dispose()V+19
j  javax.swing.JFrame.processWindowEvent(Ljava/awt/event/WindowEvent;)V+57 java.desktop@11.0.9
j  java.awt.Window.processEvent(Ljava/awt/AWTEvent;)V+69 java.desktop@11.0.9
j  java.awt.Component.dispatchEventImpl(Ljava/awt/AWTEvent;)V+496 java.desktop@11.0.9
j  java.awt.Container.dispatchEventImpl(Ljava/awt/AWTEvent;)V+42 java.desktop@11.0.9
j  java.awt.Window.dispatchEventImpl(Ljava/awt/AWTEvent;)V+19 java.desktop@11.0.9
J 1341 c1 java.awt.EventQueue.dispatchEventImpl(Ljava/awt/AWTEvent;Ljava/lang/Object;)V java.desktop@11.0.9 (136 bytes) @ 0x0000026eebaaf08c [0x0000026eebaaeba0+0x00000000000004ec]
J 1340 c1 java.awt.EventQueue$4.run()Ljava/lang/Void; java.desktop@11.0.9 (60 bytes) @ 0x0000026eebaae444 [0x0000026eebaae300+0x0000000000000144]
J 1307 c1 java.awt.EventQueue$4.run()Ljava/lang/Object; java.desktop@11.0.9 (5 bytes) @ 0x0000026eeba9cec4 [0x0000026eeba9ce40+0x0000000000000084]
v  ~StubRoutines::call_stub
J 1254  java.security.AccessController.doPrivileged(Ljava/security/PrivilegedAction;Ljava/security/AccessControlContext;)Ljava/lang/Object; java.base@11.0.9 (0 bytes) @ 0x0000026ef2dd6936 [0x0000026ef2dd68c0+0x0000000000000076]
J 1342 c1 java.awt.EventQueue$5.run()Ljava/lang/Object; java.desktop@11.0.9 (5 bytes) @ 0x0000026eebab2a1c [0x0000026eebab26c0+0x000000000000035c]
v  ~StubRoutines::call_stub
J 1254  java.security.AccessController.doPrivileged(Ljava/security/PrivilegedAction;Ljava/security/AccessControlContext;)Ljava/lang/Object; java.base@11.0.9 (0 bytes) @ 0x0000026ef2dd6936 [0x0000026ef2dd68c0+0x0000000000000076]
J 1303 c1 java.awt.EventQueue.dispatchEvent(Ljava/awt/AWTEvent;)V java.desktop@11.0.9 (80 bytes) @ 0x0000026eeba9a77c [0x0000026eeba99c20+0x0000000000000b5c]
J 1310 c1 java.awt.EventDispatchThread.pumpOneEventForFilters(I)V java.desktop@11.0.9 (113 bytes) @ 0x0000026eeba9fa84 [0x0000026eeba9f320+0x0000000000000764]
j  java.awt.EventDispatchThread.pumpEventsForFilter(ILjava/awt/Conditional;Ljava/awt/EventFilter;)V+35 java.desktop@11.0.9
j  java.awt.EventDispatchThread.pumpEventsForHierarchy(ILjava/awt/Conditional;Ljava/awt/Component;)V+11 java.desktop@11.0.9
j  java.awt.EventDispatchThread.pumpEvents(ILjava/awt/Conditional;)V+4 java.desktop@11.0.9
j  java.awt.EventDispatchThread.pumpEvents(Ljava/awt/Conditional;)V+3 java.desktop@11.0.9
j  java.awt.EventDispatchThread.run()V+9 java.desktop@11.0.9
v  ~StubRoutines::call_stub

siginfo: EXCEPTION_ACCESS_VIOLATION (0xc0000005), writing address 0x00000000000003b8


Register to memory mapping:

RIP=0x00007fff34df270a jvm.dll
RAX=0x000000000000dead is an unknown value
RBX=0x0 is NULL
RCX=0x0 is NULL
RDX=0x0000000000000006 is an unknown value
RSP=0x000000b2231fae30 is pointing into the stack for thread: 0x0000026e88e63000
RBP=0x0000026e88c79cb8 is a global jni handle
RSI=0x0000000000000101 is an unknown value
RDI=0x0000026e88d5c000 points into unknown readable memory: 00 00 00 00 00 00 00 00
R8 =0x0000000000000004 is an unknown value
R9 =0x00007fff979c109a jawt.dll
R10=0x0000026eeb2af0a8 is at code_begin+1000 in an Interpreter codelet
method entry point (kind = native)  [0x0000026eeb2aecc0, 0x0000026eeb2af820]  2912 bytes
R11=0x000000b2231fae28 is pointing into the stack for thread: 0x0000026e88e63000
R12=0x0 is NULL
R13={method} {0x0000026e89c6a2c8} 'callPV' '(JJ)V' in 'org/lwjgl/system/JNI'
R14=0x000000b2231fb008 is pointing into the stack for thread: 0x0000026e88e63000
R15=0x0000026e88e63000 is a thread


Registers:
RAX=0x000000000000dead, RBX=0x0000000000000000, RCX=0x0000000000000000, RDX=0x0000000000000006
RSP=0x000000b2231fae30, RBP=0x0000026e88c79cb8, RSI=0x0000000000000101, RDI=0x0000026e88d5c000
R8 =0x0000000000000004, R9 =0x00007fff979c109a, R10=0x0000026eeb2af0a8, R11=0x000000b2231fae28
R12=0x0000000000000000, R13=0x0000026e89c6a2c0, R14=0x000000b2231fb008, R15=0x0000026e88e63000
RIP=0x00007fff34df270a, EFLAGS=0x0000000000010206

Top of Stack: (sp=0x000000b2231fae30)
0x000000b2231fae30:   0000026e88e63000 000000b2231fb008
0x000000b2231fae40:   0000026e8795c210 0000000000000000
0x000000b2231fae50:   0000026e88d5c000 00007fff35066c74
0x000000b2231fae60:   0000000000000000 0000026e8795c210
0x000000b2231fae70:   0000789a99d09b20 0000026e8685b9e8
0x000000b2231fae80:   0000026e8795c210 00007fff71694dcb
0x000000b2231fae90:   0000026e8795c210 000000b2231fafd0
0x000000b2231faea0:   0000000000000148 000000b2231fb008
0x000000b2231faeb0:   fffffffffffffffe 00007fff35022b38
0x000000b2231faec0:   0000000000000001 00007fff71694de8
0x000000b2231faed0:   0000026e8795c218 0000026e8795c218
0x000000b2231faee0:   000000b200000003 0000026e88e63000
0x000000b2231faef0:   0000000000000755 00007fff716950a4
0x000000b2231faf00:   fffffd91786a3de8 00007fff352a5490
0x000000b2231faf10:   000000b2231fb150 0000026eeb2be0d2
0x000000b2231faf20:   fffffffffffffffe 0000026e00000000 

Instructions: (pc=0x00007fff34df270a)
0x00007fff34df26ea:   00 89 bb b8 03 00 00 48 8b 5c 24 30 48 83 c4 20
0x00007fff34df26fa:   5f c3 cc cc cc cc 48 89 5c 24 08 57 48 83 ec 20
0x00007fff34df270a:   c7 81 b8 03 00 00 05 00 00 00 8b fa 80 3d 53 02
0x00007fff34df271a:   89 00 00 48 8b d9 75 09 83 3d 17 8c 90 00 01 74 


Stack slot to memory mapping:
stack at sp + 0 slots: 0x0000026e88e63000 is a thread
stack at sp + 1 slots: 0x000000b2231fb008 is pointing into the stack for thread: 0x0000026e88e63000
stack at sp + 2 slots: 0x0000026e8795c210 points into unknown readable memory: 60 a6 6f 71 ff 7f 00 00
stack at sp + 3 slots: 0x0 is NULL
stack at sp + 4 slots: 0x0000026e88d5c000 points into unknown readable memory: 00 00 00 00 00 00 00 00
stack at sp + 5 slots: 0x00007fff35066c74 jvm.dll
stack at sp + 6 slots: 0x0 is NULL
stack at sp + 7 slots: 0x0000026e8795c210 points into unknown readable memory: 60 a6 6f 71 ff 7f 00 00


---------------  P R O C E S S  ---------------

Threads class SMR info:
_java_thread_list=0x0000026e88f0ed60, length=14, elements={
0x0000026e868f9800, 0x0000026e86903000, 0x0000026e8720a000, 0x0000026e8720c800,
0x0000026e8720f800, 0x0000026e871c2800, 0x0000026e87214000, 0x0000026e87383800,
0x0000026e873ad800, 0x0000026e8789e000, 0x0000026e8788d000, 0x0000026e8790b800,
0x0000026e88e63000, 0x0000026ee2e2e000
}

Java Threads: ( => current thread )
  0x0000026e868f9800 JavaThread "Reference Handler" daemon [_thread_blocked, id=14456, stack(0x000000b222300000,0x000000b222400000)]
  0x0000026e86903000 JavaThread "Finalizer" daemon [_thread_blocked, id=3384, stack(0x000000b222400000,0x000000b222500000)]
  0x0000026e8720a000 JavaThread "Signal Dispatcher" daemon [_thread_blocked, id=8736, stack(0x000000b222500000,0x000000b222600000)]
  0x0000026e8720c800 JavaThread "Attach Listener" daemon [_thread_blocked, id=5620, stack(0x000000b222600000,0x000000b222700000)]
  0x0000026e8720f800 JavaThread "C2 CompilerThread0" daemon [_thread_blocked, id=14272, stack(0x000000b222700000,0x000000b222800000)]
  0x0000026e871c2800 JavaThread "C1 CompilerThread0" daemon [_thread_blocked, id=11928, stack(0x000000b222800000,0x000000b222900000)]
  0x0000026e87214000 JavaThread "Sweeper thread" daemon [_thread_blocked, id=11892, stack(0x000000b222900000,0x000000b222a00000)]
  0x0000026e87383800 JavaThread "Service Thread" daemon [_thread_blocked, id=2972, stack(0x000000b222a00000,0x000000b222b00000)]
  0x0000026e873ad800 JavaThread "Common-Cleaner" daemon [_thread_blocked, id=4968, stack(0x000000b222c00000,0x000000b222d00000)]
  0x0000026e8789e000 JavaThread "Java2D Disposer" daemon [_thread_blocked, id=2140, stack(0x000000b222d00000,0x000000b222e00000)]
  0x0000026e8788d000 JavaThread "AWT-Shutdown" [_thread_blocked, id=1384, stack(0x000000b222e00000,0x000000b222f00000)]
  0x0000026e8790b800 JavaThread "AWT-Windows" daemon [_thread_in_native, id=6728, stack(0x000000b222f00000,0x000000b223000000)]
=>0x0000026e88e63000 JavaThread "AWT-EventQueue-0" [_thread_in_native, id=9772, stack(0x000000b223100000,0x000000b223200000)]
  0x0000026ee2e2e000 JavaThread "DestroyJavaVM" [_thread_blocked, id=3424, stack(0x000000b221c00000,0x000000b221d00000)]

Other Threads:
  0x0000026e868f4800 VMThread "VM Thread" [stack: 0x000000b222200000,0x000000b222300000] [id=9828]
  0x0000026e873ad000 WatcherThread [stack: 0x000000b222b00000,0x000000b222c00000] [id=14288]
  0x0000026ee2e42800 GCTaskThread "GC Thread#0" [stack: 0x000000b221d00000,0x000000b221e00000] [id=14280]
  0x0000026ee2ea3000 ConcurrentGCThread "G1 Main Marker" [stack: 0x000000b221e00000,0x000000b221f00000] [id=17304]
  0x0000026ee2ea5800 ConcurrentGCThread "G1 Conc#0" [stack: 0x000000b221f00000,0x000000b222000000] [id=5140]
  0x0000026e867e1000 ConcurrentGCThread "G1 Refine#0" [stack: 0x000000b222000000,0x000000b222100000] [id=6372]
  0x0000026e867e2000 ConcurrentGCThread "G1 Young RemSet Sampling" [stack: 0x000000b222100000,0x000000b222200000] [id=6600]

Threads with active compile tasks:

VM state:not at safepoint (normal execution)

VM Mutex/Monitor currently owned by a thread: None

Heap address: 0x0000000701c00000, size: 4068 MB, Compressed Oops mode: Zero based, Oop shift amount: 3
Narrow klass base: 0x0000000800000000, Narrow klass shift: 0
Compressed class space size: 1073741824 Address: 0x0000000800000000

Heap:
 garbage-first heap   total 262144K, used 22528K [0x0000000701c00000, 0x0000000800000000)
  region size 1024K, 22 young (22528K), 0 survivors (0K)
 Metaspace       used 18272K, capacity 18765K, committed 19072K, reserved 1067008K
  class space    used 1617K, capacity 1844K, committed 1920K, reserved 1048576K
Heap Regions: E=young(eden), S=young(survivor), O=old, HS=humongous(starts), HC=humongous(continues), CS=collection set, F=free, A=archive, TAMS=top-at-mark-start (previous, next)
|   0|0x0000000701c00000, 0x0000000701d00000, 0x0000000701d00000|100%|HS|  |TAMS 0x0000000701c00000, 0x0000000701c00000| Complete 
|   1|0x0000000701d00000, 0x0000000701e00000, 0x0000000701e00000|100%|HC|  |TAMS 0x0000000701d00000, 0x0000000701d00000| Complete 
|   2|0x0000000701e00000, 0x0000000701e00000, 0x0000000701f00000|  0%| F|  |TAMS 0x0000000701e00000, 0x0000000701e00000| Untracked 
|   3|0x0000000701f00000, 0x0000000701f00000, 0x0000000702000000|  0%| F|  |TAMS 0x0000000701f00000, 0x0000000701f00000| Untracked 
|   4|0x0000000702000000, 0x0000000702000000, 0x0000000702100000|  0%| F|  |TAMS 0x0000000702000000, 0x0000000702000000| Untracked 
|   5|0x0000000702100000, 0x0000000702100000, 0x0000000702200000|  0%| F|  |TAMS 0x0000000702100000, 0x0000000702100000| Untracked 
|   6|0x0000000702200000, 0x0000000702200000, 0x0000000702300000|  0%| F|  |TAMS 0x0000000702200000, 0x0000000702200000| Untracked 
|   7|0x0000000702300000, 0x0000000702300000, 0x0000000702400000|  0%| F|  |TAMS 0x0000000702300000, 0x0000000702300000| Untracked 
|   8|0x0000000702400000, 0x0000000702400000, 0x0000000702500000|  0%| F|  |TAMS 0x0000000702400000, 0x0000000702400000| Untracked 
|   9|0x0000000702500000, 0x0000000702500000, 0x0000000702600000|  0%| F|  |TAMS 0x0000000702500000, 0x0000000702500000| Untracked 
|  10|0x0000000702600000, 0x0000000702600000, 0x0000000702700000|  0%| F|  |TAMS 0x0000000702600000, 0x0000000702600000| Untracked 
|  11|0x0000000702700000, 0x0000000702700000, 0x0000000702800000|  0%| F|  |TAMS 0x0000000702700000, 0x0000000702700000| Untracked 
|  12|0x0000000702800000, 0x0000000702800000, 0x0000000702900000|  0%| F|  |TAMS 0x0000000702800000, 0x0000000702800000| Untracked 
|  13|0x0000000702900000, 0x0000000702900000, 0x0000000702a00000|  0%| F|  |TAMS 0x0000000702900000, 0x0000000702900000| Untracked 
|  14|0x0000000702a00000, 0x0000000702a00000, 0x0000000702b00000|  0%| F|  |TAMS 0x0000000702a00000, 0x0000000702a00000| Untracked 
|  15|0x0000000702b00000, 0x0000000702b00000, 0x0000000702c00000|  0%| F|  |TAMS 0x0000000702b00000, 0x0000000702b00000| Untracked 
|  16|0x0000000702c00000, 0x0000000702c00000, 0x0000000702d00000|  0%| F|  |TAMS 0x0000000702c00000, 0x0000000702c00000| Untracked 
|  17|0x0000000702d00000, 0x0000000702d00000, 0x0000000702e00000|  0%| F|  |TAMS 0x0000000702d00000, 0x0000000702d00000| Untracked 
|  18|0x0000000702e00000, 0x0000000702e00000, 0x0000000702f00000|  0%| F|  |TAMS 0x0000000702e00000, 0x0000000702e00000| Untracked 
|  19|0x0000000702f00000, 0x0000000702f00000, 0x0000000703000000|  0%| F|  |TAMS 0x0000000702f00000, 0x0000000702f00000| Untracked 
|  20|0x0000000703000000, 0x0000000703000000, 0x0000000703100000|  0%| F|  |TAMS 0x0000000703000000, 0x0000000703000000| Untracked 
|  21|0x0000000703100000, 0x0000000703100000, 0x0000000703200000|  0%| F|  |TAMS 0x0000000703100000, 0x0000000703100000| Untracked 
|  22|0x0000000703200000, 0x0000000703200000, 0x0000000703300000|  0%| F|  |TAMS 0x0000000703200000, 0x0000000703200000| Untracked 
|  23|0x0000000703300000, 0x0000000703300000, 0x0000000703400000|  0%| F|  |TAMS 0x0000000703300000, 0x0000000703300000| Untracked 
|  24|0x0000000703400000, 0x0000000703400000, 0x0000000703500000|  0%| F|  |TAMS 0x0000000703400000, 0x0000000703400000| Untracked 
|  25|0x0000000703500000, 0x0000000703500000, 0x0000000703600000|  0%| F|  |TAMS 0x0000000703500000, 0x0000000703500000| Untracked 
|  26|0x0000000703600000, 0x0000000703600000, 0x0000000703700000|  0%| F|  |TAMS 0x0000000703600000, 0x0000000703600000| Untracked 
|  27|0x0000000703700000, 0x0000000703700000, 0x0000000703800000|  0%| F|  |TAMS 0x0000000703700000, 0x0000000703700000| Untracked 
|  28|0x0000000703800000, 0x0000000703800000, 0x0000000703900000|  0%| F|  |TAMS 0x0000000703800000, 0x0000000703800000| Untracked 
|  29|0x0000000703900000, 0x0000000703900000, 0x0000000703a00000|  0%| F|  |TAMS 0x0000000703900000, 0x0000000703900000| Untracked 
|  30|0x0000000703a00000, 0x0000000703a00000, 0x0000000703b00000|  0%| F|  |TAMS 0x0000000703a00000, 0x0000000703a00000| Untracked 
|  31|0x0000000703b00000, 0x0000000703b00000, 0x0000000703c00000|  0%| F|  |TAMS 0x0000000703b00000, 0x0000000703b00000| Untracked 
|  32|0x0000000703c00000, 0x0000000703c00000, 0x0000000703d00000|  0%| F|  |TAMS 0x0000000703c00000, 0x0000000703c00000| Untracked 
|  33|0x0000000703d00000, 0x0000000703d00000, 0x0000000703e00000|  0%| F|  |TAMS 0x0000000703d00000, 0x0000000703d00000| Untracked 
|  34|0x0000000703e00000, 0x0000000703e00000, 0x0000000703f00000|  0%| F|  |TAMS 0x0000000703e00000, 0x0000000703e00000| Untracked 
|  35|0x0000000703f00000, 0x0000000703f00000, 0x0000000704000000|  0%| F|  |TAMS 0x0000000703f00000, 0x0000000703f00000| Untracked 
|  36|0x0000000704000000, 0x0000000704000000, 0x0000000704100000|  0%| F|  |TAMS 0x0000000704000000, 0x0000000704000000| Untracked 
|  37|0x0000000704100000, 0x0000000704100000, 0x0000000704200000|  0%| F|  |TAMS 0x0000000704100000, 0x0000000704100000| Untracked 
|  38|0x0000000704200000, 0x0000000704200000, 0x0000000704300000|  0%| F|  |TAMS 0x0000000704200000, 0x0000000704200000| Untracked 
|  39|0x0000000704300000, 0x0000000704300000, 0x0000000704400000|  0%| F|  |TAMS 0x0000000704300000, 0x0000000704300000| Untracked 
|  40|0x0000000704400000, 0x0000000704400000, 0x0000000704500000|  0%| F|  |TAMS 0x0000000704400000, 0x0000000704400000| Untracked 
|  41|0x0000000704500000, 0x0000000704500000, 0x0000000704600000|  0%| F|  |TAMS 0x0000000704500000, 0x0000000704500000| Untracked 
|  42|0x0000000704600000, 0x0000000704600000, 0x0000000704700000|  0%| F|  |TAMS 0x0000000704600000, 0x0000000704600000| Untracked 
|  43|0x0000000704700000, 0x0000000704700000, 0x0000000704800000|  0%| F|  |TAMS 0x0000000704700000, 0x0000000704700000| Untracked 
|  44|0x0000000704800000, 0x0000000704800000, 0x0000000704900000|  0%| F|  |TAMS 0x0000000704800000, 0x0000000704800000| Untracked 
|  45|0x0000000704900000, 0x0000000704900000, 0x0000000704a00000|  0%| F|  |TAMS 0x0000000704900000, 0x0000000704900000| Untracked 
|  46|0x0000000704a00000, 0x0000000704a00000, 0x0000000704b00000|  0%| F|  |TAMS 0x0000000704a00000, 0x0000000704a00000| Untracked 
|  47|0x0000000704b00000, 0x0000000704b00000, 0x0000000704c00000|  0%| F|  |TAMS 0x0000000704b00000, 0x0000000704b00000| Untracked 
|  48|0x0000000704c00000, 0x0000000704c00000, 0x0000000704d00000|  0%| F|  |TAMS 0x0000000704c00000, 0x0000000704c00000| Untracked 
|  49|0x0000000704d00000, 0x0000000704d00000, 0x0000000704e00000|  0%| F|  |TAMS 0x0000000704d00000, 0x0000000704d00000| Untracked 
|  50|0x0000000704e00000, 0x0000000704e00000, 0x0000000704f00000|  0%| F|  |TAMS 0x0000000704e00000, 0x0000000704e00000| Untracked 
|  51|0x0000000704f00000, 0x0000000704f00000, 0x0000000705000000|  0%| F|  |TAMS 0x0000000704f00000, 0x0000000704f00000| Untracked 
|  52|0x0000000705000000, 0x0000000705000000, 0x0000000705100000|  0%| F|  |TAMS 0x0000000705000000, 0x0000000705000000| Untracked 
|  53|0x0000000705100000, 0x0000000705100000, 0x0000000705200000|  0%| F|  |TAMS 0x0000000705100000, 0x0000000705100000| Untracked 
|  54|0x0000000705200000, 0x0000000705200000, 0x0000000705300000|  0%| F|  |TAMS 0x0000000705200000, 0x0000000705200000| Untracked 
|  55|0x0000000705300000, 0x0000000705300000, 0x0000000705400000|  0%| F|  |TAMS 0x0000000705300000, 0x0000000705300000| Untracked 
|  56|0x0000000705400000, 0x0000000705400000, 0x0000000705500000|  0%| F|  |TAMS 0x0000000705400000, 0x0000000705400000| Untracked 
|  57|0x0000000705500000, 0x0000000705500000, 0x0000000705600000|  0%| F|  |TAMS 0x0000000705500000, 0x0000000705500000| Untracked 
|  58|0x0000000705600000, 0x0000000705600000, 0x0000000705700000|  0%| F|  |TAMS 0x0000000705600000, 0x0000000705600000| Untracked 
|  59|0x0000000705700000, 0x0000000705700000, 0x0000000705800000|  0%| F|  |TAMS 0x0000000705700000, 0x0000000705700000| Untracked 
|  60|0x0000000705800000, 0x0000000705800000, 0x0000000705900000|  0%| F|  |TAMS 0x0000000705800000, 0x0000000705800000| Untracked 
|  61|0x0000000705900000, 0x0000000705900000, 0x0000000705a00000|  0%| F|  |TAMS 0x0000000705900000, 0x0000000705900000| Untracked 
|  62|0x0000000705a00000, 0x0000000705a00000, 0x0000000705b00000|  0%| F|  |TAMS 0x0000000705a00000, 0x0000000705a00000| Untracked 
|  63|0x0000000705b00000, 0x0000000705b00000, 0x0000000705c00000|  0%| F|  |TAMS 0x0000000705b00000, 0x0000000705b00000| Untracked 
|  64|0x0000000705c00000, 0x0000000705c00000, 0x0000000705d00000|  0%| F|  |TAMS 0x0000000705c00000, 0x0000000705c00000| Untracked 
|  65|0x0000000705d00000, 0x0000000705d00000, 0x0000000705e00000|  0%| F|  |TAMS 0x0000000705d00000, 0x0000000705d00000| Untracked 
|  66|0x0000000705e00000, 0x0000000705e00000, 0x0000000705f00000|  0%| F|  |TAMS 0x0000000705e00000, 0x0000000705e00000| Untracked 
|  67|0x0000000705f00000, 0x0000000705f00000, 0x0000000706000000|  0%| F|  |TAMS 0x0000000705f00000, 0x0000000705f00000| Untracked 
|  68|0x0000000706000000, 0x0000000706000000, 0x0000000706100000|  0%| F|  |TAMS 0x0000000706000000, 0x0000000706000000| Untracked 
|  69|0x0000000706100000, 0x0000000706100000, 0x0000000706200000|  0%| F|  |TAMS 0x0000000706100000, 0x0000000706100000| Untracked 
|  70|0x0000000706200000, 0x0000000706200000, 0x0000000706300000|  0%| F|  |TAMS 0x0000000706200000, 0x0000000706200000| Untracked 
|  71|0x0000000706300000, 0x0000000706300000, 0x0000000706400000|  0%| F|  |TAMS 0x0000000706300000, 0x0000000706300000| Untracked 
|  72|0x0000000706400000, 0x0000000706400000, 0x0000000706500000|  0%| F|  |TAMS 0x0000000706400000, 0x0000000706400000| Untracked 
|  73|0x0000000706500000, 0x0000000706500000, 0x0000000706600000|  0%| F|  |TAMS 0x0000000706500000, 0x0000000706500000| Untracked 
|  74|0x0000000706600000, 0x0000000706600000, 0x0000000706700000|  0%| F|  |TAMS 0x0000000706600000, 0x0000000706600000| Untracked 
|  75|0x0000000706700000, 0x0000000706700000, 0x0000000706800000|  0%| F|  |TAMS 0x0000000706700000, 0x0000000706700000| Untracked 
|  76|0x0000000706800000, 0x0000000706800000, 0x0000000706900000|  0%| F|  |TAMS 0x0000000706800000, 0x0000000706800000| Untracked 
|  77|0x0000000706900000, 0x0000000706900000, 0x0000000706a00000|  0%| F|  |TAMS 0x0000000706900000, 0x0000000706900000| Untracked 
|  78|0x0000000706a00000, 0x0000000706a00000, 0x0000000706b00000|  0%| F|  |TAMS 0x0000000706a00000, 0x0000000706a00000| Untracked 
|  79|0x0000000706b00000, 0x0000000706b00000, 0x0000000706c00000|  0%| F|  |TAMS 0x0000000706b00000, 0x0000000706b00000| Untracked 
|  80|0x0000000706c00000, 0x0000000706c00000, 0x0000000706d00000|  0%| F|  |TAMS 0x0000000706c00000, 0x0000000706c00000| Untracked 
|  81|0x0000000706d00000, 0x0000000706d00000, 0x0000000706e00000|  0%| F|  |TAMS 0x0000000706d00000, 0x0000000706d00000| Untracked 
|  82|0x0000000706e00000, 0x0000000706e00000, 0x0000000706f00000|  0%| F|  |TAMS 0x0000000706e00000, 0x0000000706e00000| Untracked 
|  83|0x0000000706f00000, 0x0000000706f00000, 0x0000000707000000|  0%| F|  |TAMS 0x0000000706f00000, 0x0000000706f00000| Untracked 
|  84|0x0000000707000000, 0x0000000707000000, 0x0000000707100000|  0%| F|  |TAMS 0x0000000707000000, 0x0000000707000000| Untracked 
|  85|0x0000000707100000, 0x0000000707100000, 0x0000000707200000|  0%| F|  |TAMS 0x0000000707100000, 0x0000000707100000| Untracked 
|  86|0x0000000707200000, 0x0000000707200000, 0x0000000707300000|  0%| F|  |TAMS 0x0000000707200000, 0x0000000707200000| Untracked 
|  87|0x0000000707300000, 0x0000000707300000, 0x0000000707400000|  0%| F|  |TAMS 0x0000000707300000, 0x0000000707300000| Untracked 
|  88|0x0000000707400000, 0x0000000707400000, 0x0000000707500000|  0%| F|  |TAMS 0x0000000707400000, 0x0000000707400000| Untracked 
|  89|0x0000000707500000, 0x0000000707500000, 0x0000000707600000|  0%| F|  |TAMS 0x0000000707500000, 0x0000000707500000| Untracked 
|  90|0x0000000707600000, 0x0000000707600000, 0x0000000707700000|  0%| F|  |TAMS 0x0000000707600000, 0x0000000707600000| Untracked 
|  91|0x0000000707700000, 0x0000000707700000, 0x0000000707800000|  0%| F|  |TAMS 0x0000000707700000, 0x0000000707700000| Untracked 
|  92|0x0000000707800000, 0x0000000707800000, 0x0000000707900000|  0%| F|  |TAMS 0x0000000707800000, 0x0000000707800000| Untracked 
|  93|0x0000000707900000, 0x0000000707900000, 0x0000000707a00000|  0%| F|  |TAMS 0x0000000707900000, 0x0000000707900000| Untracked 
|  94|0x0000000707a00000, 0x0000000707a00000, 0x0000000707b00000|  0%| F|  |TAMS 0x0000000707a00000, 0x0000000707a00000| Untracked 
|  95|0x0000000707b00000, 0x0000000707b00000, 0x0000000707c00000|  0%| F|  |TAMS 0x0000000707b00000, 0x0000000707b00000| Untracked 
|  96|0x0000000707c00000, 0x0000000707c00000, 0x0000000707d00000|  0%| F|  |TAMS 0x0000000707c00000, 0x0000000707c00000| Untracked 
|  97|0x0000000707d00000, 0x0000000707d00000, 0x0000000707e00000|  0%| F|  |TAMS 0x0000000707d00000, 0x0000000707d00000| Untracked 
|  98|0x0000000707e00000, 0x0000000707e00000, 0x0000000707f00000|  0%| F|  |TAMS 0x0000000707e00000, 0x0000000707e00000| Untracked 
|  99|0x0000000707f00000, 0x0000000707f00000, 0x0000000708000000|  0%| F|  |TAMS 0x0000000707f00000, 0x0000000707f00000| Untracked 
| 100|0x0000000708000000, 0x0000000708000000, 0x0000000708100000|  0%| F|  |TAMS 0x0000000708000000, 0x0000000708000000| Untracked 
| 101|0x0000000708100000, 0x0000000708100000, 0x0000000708200000|  0%| F|  |TAMS 0x0000000708100000, 0x0000000708100000| Untracked 
| 102|0x0000000708200000, 0x0000000708200000, 0x0000000708300000|  0%| F|  |TAMS 0x0000000708200000, 0x0000000708200000| Untracked 
| 103|0x0000000708300000, 0x0000000708300000, 0x0000000708400000|  0%| F|  |TAMS 0x0000000708300000, 0x0000000708300000| Untracked 
| 104|0x0000000708400000, 0x0000000708400000, 0x0000000708500000|  0%| F|  |TAMS 0x0000000708400000, 0x0000000708400000| Untracked 
| 105|0x0000000708500000, 0x0000000708500000, 0x0000000708600000|  0%| F|  |TAMS 0x0000000708500000, 0x0000000708500000| Untracked 
| 106|0x0000000708600000, 0x0000000708600000, 0x0000000708700000|  0%| F|  |TAMS 0x0000000708600000, 0x0000000708600000| Untracked 
| 107|0x0000000708700000, 0x0000000708700000, 0x0000000708800000|  0%| F|  |TAMS 0x0000000708700000, 0x0000000708700000| Untracked 
| 108|0x0000000708800000, 0x0000000708800000, 0x0000000708900000|  0%| F|  |TAMS 0x0000000708800000, 0x0000000708800000| Untracked 
| 109|0x0000000708900000, 0x0000000708900000, 0x0000000708a00000|  0%| F|  |TAMS 0x0000000708900000, 0x0000000708900000| Untracked 
| 110|0x0000000708a00000, 0x0000000708a00000, 0x0000000708b00000|  0%| F|  |TAMS 0x0000000708a00000, 0x0000000708a00000| Untracked 
| 111|0x0000000708b00000, 0x0000000708b00000, 0x0000000708c00000|  0%| F|  |TAMS 0x0000000708b00000, 0x0000000708b00000| Untracked 
| 112|0x0000000708c00000, 0x0000000708c00000, 0x0000000708d00000|  0%| F|  |TAMS 0x0000000708c00000, 0x0000000708c00000| Untracked 
| 113|0x0000000708d00000, 0x0000000708d00000, 0x0000000708e00000|  0%| F|  |TAMS 0x0000000708d00000, 0x0000000708d00000| Untracked 
| 114|0x0000000708e00000, 0x0000000708e00000, 0x0000000708f00000|  0%| F|  |TAMS 0x0000000708e00000, 0x0000000708e00000| Untracked 
| 115|0x0000000708f00000, 0x0000000708f00000, 0x0000000709000000|  0%| F|  |TAMS 0x0000000708f00000, 0x0000000708f00000| Untracked 
| 116|0x0000000709000000, 0x0000000709000000, 0x0000000709100000|  0%| F|  |TAMS 0x0000000709000000, 0x0000000709000000| Untracked 
| 117|0x0000000709100000, 0x0000000709100000, 0x0000000709200000|  0%| F|  |TAMS 0x0000000709100000, 0x0000000709100000| Untracked 
| 118|0x0000000709200000, 0x0000000709200000, 0x0000000709300000|  0%| F|  |TAMS 0x0000000709200000, 0x0000000709200000| Untracked 
| 119|0x0000000709300000, 0x0000000709300000, 0x0000000709400000|  0%| F|  |TAMS 0x0000000709300000, 0x0000000709300000| Untracked 
| 120|0x0000000709400000, 0x0000000709400000, 0x0000000709500000|  0%| F|  |TAMS 0x0000000709400000, 0x0000000709400000| Untracked 
| 121|0x0000000709500000, 0x0000000709500000, 0x0000000709600000|  0%| F|  |TAMS 0x0000000709500000, 0x0000000709500000| Untracked 
| 122|0x0000000709600000, 0x0000000709600000, 0x0000000709700000|  0%| F|  |TAMS 0x0000000709600000, 0x0000000709600000| Untracked 
| 123|0x0000000709700000, 0x0000000709700000, 0x0000000709800000|  0%| F|  |TAMS 0x0000000709700000, 0x0000000709700000| Untracked 
| 124|0x0000000709800000, 0x0000000709800000, 0x0000000709900000|  0%| F|  |TAMS 0x0000000709800000, 0x0000000709800000| Untracked 
| 125|0x0000000709900000, 0x0000000709900000, 0x0000000709a00000|  0%| F|  |TAMS 0x0000000709900000, 0x0000000709900000| Untracked 
| 126|0x0000000709a00000, 0x0000000709a00000, 0x0000000709b00000|  0%| F|  |TAMS 0x0000000709a00000, 0x0000000709a00000| Untracked 
| 127|0x0000000709b00000, 0x0000000709b00000, 0x0000000709c00000|  0%| F|  |TAMS 0x0000000709b00000, 0x0000000709b00000| Untracked 
| 128|0x0000000709c00000, 0x0000000709c00000, 0x0000000709d00000|  0%| F|  |TAMS 0x0000000709c00000, 0x0000000709c00000| Untracked 
| 129|0x0000000709d00000, 0x0000000709d00000, 0x0000000709e00000|  0%| F|  |TAMS 0x0000000709d00000, 0x0000000709d00000| Untracked 
| 130|0x0000000709e00000, 0x0000000709e00000, 0x0000000709f00000|  0%| F|  |TAMS 0x0000000709e00000, 0x0000000709e00000| Untracked 
| 131|0x0000000709f00000, 0x0000000709f00000, 0x000000070a000000|  0%| F|  |TAMS 0x0000000709f00000, 0x0000000709f00000| Untracked 
| 132|0x000000070a000000, 0x000000070a000000, 0x000000070a100000|  0%| F|  |TAMS 0x000000070a000000, 0x000000070a000000| Untracked 
| 133|0x000000070a100000, 0x000000070a100000, 0x000000070a200000|  0%| F|  |TAMS 0x000000070a100000, 0x000000070a100000| Untracked 
| 134|0x000000070a200000, 0x000000070a200000, 0x000000070a300000|  0%| F|  |TAMS 0x000000070a200000, 0x000000070a200000| Untracked 
| 135|0x000000070a300000, 0x000000070a300000, 0x000000070a400000|  0%| F|  |TAMS 0x000000070a300000, 0x000000070a300000| Untracked 
| 136|0x000000070a400000, 0x000000070a400000, 0x000000070a500000|  0%| F|  |TAMS 0x000000070a400000, 0x000000070a400000| Untracked 
| 137|0x000000070a500000, 0x000000070a500000, 0x000000070a600000|  0%| F|  |TAMS 0x000000070a500000, 0x000000070a500000| Untracked 
| 138|0x000000070a600000, 0x000000070a600000, 0x000000070a700000|  0%| F|  |TAMS 0x000000070a600000, 0x000000070a600000| Untracked 
| 139|0x000000070a700000, 0x000000070a700000, 0x000000070a800000|  0%| F|  |TAMS 0x000000070a700000, 0x000000070a700000| Untracked 
| 140|0x000000070a800000, 0x000000070a800000, 0x000000070a900000|  0%| F|  |TAMS 0x000000070a800000, 0x000000070a800000| Untracked 
| 141|0x000000070a900000, 0x000000070a900000, 0x000000070aa00000|  0%| F|  |TAMS 0x000000070a900000, 0x000000070a900000| Untracked 
| 142|0x000000070aa00000, 0x000000070aa00000, 0x000000070ab00000|  0%| F|  |TAMS 0x000000070aa00000, 0x000000070aa00000| Untracked 
| 143|0x000000070ab00000, 0x000000070ab00000, 0x000000070ac00000|  0%| F|  |TAMS 0x000000070ab00000, 0x000000070ab00000| Untracked 
| 144|0x000000070ac00000, 0x000000070ac00000, 0x000000070ad00000|  0%| F|  |TAMS 0x000000070ac00000, 0x000000070ac00000| Untracked 
| 145|0x000000070ad00000, 0x000000070ad00000, 0x000000070ae00000|  0%| F|  |TAMS 0x000000070ad00000, 0x000000070ad00000| Untracked 
| 146|0x000000070ae00000, 0x000000070ae00000, 0x000000070af00000|  0%| F|  |TAMS 0x000000070ae00000, 0x000000070ae00000| Untracked 
| 147|0x000000070af00000, 0x000000070af00000, 0x000000070b000000|  0%| F|  |TAMS 0x000000070af00000, 0x000000070af00000| Untracked 
| 148|0x000000070b000000, 0x000000070b000000, 0x000000070b100000|  0%| F|  |TAMS 0x000000070b000000, 0x000000070b000000| Untracked 
| 149|0x000000070b100000, 0x000000070b100000, 0x000000070b200000|  0%| F|  |TAMS 0x000000070b100000, 0x000000070b100000| Untracked 
| 150|0x000000070b200000, 0x000000070b200000, 0x000000070b300000|  0%| F|  |TAMS 0x000000070b200000, 0x000000070b200000| Untracked 
| 151|0x000000070b300000, 0x000000070b300000, 0x000000070b400000|  0%| F|  |TAMS 0x000000070b300000, 0x000000070b300000| Untracked 
| 152|0x000000070b400000, 0x000000070b400000, 0x000000070b500000|  0%| F|  |TAMS 0x000000070b400000, 0x000000070b400000| Untracked 
| 153|0x000000070b500000, 0x000000070b500000, 0x000000070b600000|  0%| F|  |TAMS 0x000000070b500000, 0x000000070b500000| Untracked 
| 154|0x000000070b600000, 0x000000070b600000, 0x000000070b700000|  0%| F|  |TAMS 0x000000070b600000, 0x000000070b600000| Untracked 
| 155|0x000000070b700000, 0x000000070b700000, 0x000000070b800000|  0%| F|  |TAMS 0x000000070b700000, 0x000000070b700000| Untracked 
| 156|0x000000070b800000, 0x000000070b800000, 0x000000070b900000|  0%| F|  |TAMS 0x000000070b800000, 0x000000070b800000| Untracked 
| 157|0x000000070b900000, 0x000000070b900000, 0x000000070ba00000|  0%| F|  |TAMS 0x000000070b900000, 0x000000070b900000| Untracked 
| 158|0x000000070ba00000, 0x000000070ba00000, 0x000000070bb00000|  0%| F|  |TAMS 0x000000070ba00000, 0x000000070ba00000| Untracked 
| 159|0x000000070bb00000, 0x000000070bb00000, 0x000000070bc00000|  0%| F|  |TAMS 0x000000070bb00000, 0x000000070bb00000| Untracked 
| 160|0x000000070bc00000, 0x000000070bc00000, 0x000000070bd00000|  0%| F|  |TAMS 0x000000070bc00000, 0x000000070bc00000| Untracked 
| 161|0x000000070bd00000, 0x000000070bd00000, 0x000000070be00000|  0%| F|  |TAMS 0x000000070bd00000, 0x000000070bd00000| Untracked 
| 162|0x000000070be00000, 0x000000070be00000, 0x000000070bf00000|  0%| F|  |TAMS 0x000000070be00000, 0x000000070be00000| Untracked 
| 163|0x000000070bf00000, 0x000000070bf00000, 0x000000070c000000|  0%| F|  |TAMS 0x000000070bf00000, 0x000000070bf00000| Untracked 
| 164|0x000000070c000000, 0x000000070c000000, 0x000000070c100000|  0%| F|  |TAMS 0x000000070c000000, 0x000000070c000000| Untracked 
| 165|0x000000070c100000, 0x000000070c100000, 0x000000070c200000|  0%| F|  |TAMS 0x000000070c100000, 0x000000070c100000| Untracked 
| 166|0x000000070c200000, 0x000000070c200000, 0x000000070c300000|  0%| F|  |TAMS 0x000000070c200000, 0x000000070c200000| Untracked 
| 167|0x000000070c300000, 0x000000070c300000, 0x000000070c400000|  0%| F|  |TAMS 0x000000070c300000, 0x000000070c300000| Untracked 
| 168|0x000000070c400000, 0x000000070c400000, 0x000000070c500000|  0%| F|  |TAMS 0x000000070c400000, 0x000000070c400000| Untracked 
| 169|0x000000070c500000, 0x000000070c500000, 0x000000070c600000|  0%| F|  |TAMS 0x000000070c500000, 0x000000070c500000| Untracked 
| 170|0x000000070c600000, 0x000000070c600000, 0x000000070c700000|  0%| F|  |TAMS 0x000000070c600000, 0x000000070c600000| Untracked 
| 171|0x000000070c700000, 0x000000070c700000, 0x000000070c800000|  0%| F|  |TAMS 0x000000070c700000, 0x000000070c700000| Untracked 
| 172|0x000000070c800000, 0x000000070c800000, 0x000000070c900000|  0%| F|  |TAMS 0x000000070c800000, 0x000000070c800000| Untracked 
| 173|0x000000070c900000, 0x000000070c900000, 0x000000070ca00000|  0%| F|  |TAMS 0x000000070c900000, 0x000000070c900000| Untracked 
| 174|0x000000070ca00000, 0x000000070ca00000, 0x000000070cb00000|  0%| F|  |TAMS 0x000000070ca00000, 0x000000070ca00000| Untracked 
| 175|0x000000070cb00000, 0x000000070cb00000, 0x000000070cc00000|  0%| F|  |TAMS 0x000000070cb00000, 0x000000070cb00000| Untracked 
| 176|0x000000070cc00000, 0x000000070cc00000, 0x000000070cd00000|  0%| F|  |TAMS 0x000000070cc00000, 0x000000070cc00000| Untracked 
| 177|0x000000070cd00000, 0x000000070cd00000, 0x000000070ce00000|  0%| F|  |TAMS 0x000000070cd00000, 0x000000070cd00000| Untracked 
| 178|0x000000070ce00000, 0x000000070ce00000, 0x000000070cf00000|  0%| F|  |TAMS 0x000000070ce00000, 0x000000070ce00000| Untracked 
| 179|0x000000070cf00000, 0x000000070cf00000, 0x000000070d000000|  0%| F|  |TAMS 0x000000070cf00000, 0x000000070cf00000| Untracked 
| 180|0x000000070d000000, 0x000000070d000000, 0x000000070d100000|  0%| F|  |TAMS 0x000000070d000000, 0x000000070d000000| Untracked 
| 181|0x000000070d100000, 0x000000070d100000, 0x000000070d200000|  0%| F|  |TAMS 0x000000070d100000, 0x000000070d100000| Untracked 
| 182|0x000000070d200000, 0x000000070d200000, 0x000000070d300000|  0%| F|  |TAMS 0x000000070d200000, 0x000000070d200000| Untracked 
| 183|0x000000070d300000, 0x000000070d300000, 0x000000070d400000|  0%| F|  |TAMS 0x000000070d300000, 0x000000070d300000| Untracked 
| 184|0x000000070d400000, 0x000000070d400000, 0x000000070d500000|  0%| F|  |TAMS 0x000000070d400000, 0x000000070d400000| Untracked 
| 185|0x000000070d500000, 0x000000070d500000, 0x000000070d600000|  0%| F|  |TAMS 0x000000070d500000, 0x000000070d500000| Untracked 
| 186|0x000000070d600000, 0x000000070d600000, 0x000000070d700000|  0%| F|  |TAMS 0x000000070d600000, 0x000000070d600000| Untracked 
| 187|0x000000070d700000, 0x000000070d700000, 0x000000070d800000|  0%| F|  |TAMS 0x000000070d700000, 0x000000070d700000| Untracked 
| 188|0x000000070d800000, 0x000000070d800000, 0x000000070d900000|  0%| F|  |TAMS 0x000000070d800000, 0x000000070d800000| Untracked 
| 189|0x000000070d900000, 0x000000070d900000, 0x000000070da00000|  0%| F|  |TAMS 0x000000070d900000, 0x000000070d900000| Untracked 
| 190|0x000000070da00000, 0x000000070da00000, 0x000000070db00000|  0%| F|  |TAMS 0x000000070da00000, 0x000000070da00000| Untracked 
| 191|0x000000070db00000, 0x000000070db00000, 0x000000070dc00000|  0%| F|  |TAMS 0x000000070db00000, 0x000000070db00000| Untracked 
| 192|0x000000070dc00000, 0x000000070dc00000, 0x000000070dd00000|  0%| F|  |TAMS 0x000000070dc00000, 0x000000070dc00000| Untracked 
| 193|0x000000070dd00000, 0x000000070dd00000, 0x000000070de00000|  0%| F|  |TAMS 0x000000070dd00000, 0x000000070dd00000| Untracked 
| 194|0x000000070de00000, 0x000000070de00000, 0x000000070df00000|  0%| F|  |TAMS 0x000000070de00000, 0x000000070de00000| Untracked 
| 195|0x000000070df00000, 0x000000070df00000, 0x000000070e000000|  0%| F|  |TAMS 0x000000070df00000, 0x000000070df00000| Untracked 
| 196|0x000000070e000000, 0x000000070e000000, 0x000000070e100000|  0%| F|  |TAMS 0x000000070e000000, 0x000000070e000000| Untracked 
| 197|0x000000070e100000, 0x000000070e100000, 0x000000070e200000|  0%| F|  |TAMS 0x000000070e100000, 0x000000070e100000| Untracked 
| 198|0x000000070e200000, 0x000000070e200000, 0x000000070e300000|  0%| F|  |TAMS 0x000000070e200000, 0x000000070e200000| Untracked 
| 199|0x000000070e300000, 0x000000070e300000, 0x000000070e400000|  0%| F|  |TAMS 0x000000070e300000, 0x000000070e300000| Untracked 
| 200|0x000000070e400000, 0x000000070e400000, 0x000000070e500000|  0%| F|  |TAMS 0x000000070e400000, 0x000000070e400000| Untracked 
| 201|0x000000070e500000, 0x000000070e500000, 0x000000070e600000|  0%| F|  |TAMS 0x000000070e500000, 0x000000070e500000| Untracked 
| 202|0x000000070e600000, 0x000000070e600000, 0x000000070e700000|  0%| F|  |TAMS 0x000000070e600000, 0x000000070e600000| Untracked 
| 203|0x000000070e700000, 0x000000070e700000, 0x000000070e800000|  0%| F|  |TAMS 0x000000070e700000, 0x000000070e700000| Untracked 
| 204|0x000000070e800000, 0x000000070e800000, 0x000000070e900000|  0%| F|  |TAMS 0x000000070e800000, 0x000000070e800000| Untracked 
| 205|0x000000070e900000, 0x000000070e900000, 0x000000070ea00000|  0%| F|  |TAMS 0x000000070e900000, 0x000000070e900000| Untracked 
| 206|0x000000070ea00000, 0x000000070ea00000, 0x000000070eb00000|  0%| F|  |TAMS 0x000000070ea00000, 0x000000070ea00000| Untracked 
| 207|0x000000070eb00000, 0x000000070eb00000, 0x000000070ec00000|  0%| F|  |TAMS 0x000000070eb00000, 0x000000070eb00000| Untracked 
| 208|0x000000070ec00000, 0x000000070ec00000, 0x000000070ed00000|  0%| F|  |TAMS 0x000000070ec00000, 0x000000070ec00000| Untracked 
| 209|0x000000070ed00000, 0x000000070ed00000, 0x000000070ee00000|  0%| F|  |TAMS 0x000000070ed00000, 0x000000070ed00000| Untracked 
| 210|0x000000070ee00000, 0x000000070ee00000, 0x000000070ef00000|  0%| F|  |TAMS 0x000000070ee00000, 0x000000070ee00000| Untracked 
| 211|0x000000070ef00000, 0x000000070ef00000, 0x000000070f000000|  0%| F|  |TAMS 0x000000070ef00000, 0x000000070ef00000| Untracked 
| 212|0x000000070f000000, 0x000000070f000000, 0x000000070f100000|  0%| F|  |TAMS 0x000000070f000000, 0x000000070f000000| Untracked 
| 213|0x000000070f100000, 0x000000070f100000, 0x000000070f200000|  0%| F|  |TAMS 0x000000070f100000, 0x000000070f100000| Untracked 
| 214|0x000000070f200000, 0x000000070f200000, 0x000000070f300000|  0%| F|  |TAMS 0x000000070f200000, 0x000000070f200000| Untracked 
| 215|0x000000070f300000, 0x000000070f300000, 0x000000070f400000|  0%| F|  |TAMS 0x000000070f300000, 0x000000070f300000| Untracked 
| 216|0x000000070f400000, 0x000000070f400000, 0x000000070f500000|  0%| F|  |TAMS 0x000000070f400000, 0x000000070f400000| Untracked 
| 217|0x000000070f500000, 0x000000070f500000, 0x000000070f600000|  0%| F|  |TAMS 0x000000070f500000, 0x000000070f500000| Untracked 
| 218|0x000000070f600000, 0x000000070f600000, 0x000000070f700000|  0%| F|  |TAMS 0x000000070f600000, 0x000000070f600000| Untracked 
| 219|0x000000070f700000, 0x000000070f700000, 0x000000070f800000|  0%| F|  |TAMS 0x000000070f700000, 0x000000070f700000| Untracked 
| 220|0x000000070f800000, 0x000000070f800000, 0x000000070f900000|  0%| F|  |TAMS 0x000000070f800000, 0x000000070f800000| Untracked 
| 221|0x000000070f900000, 0x000000070f900000, 0x000000070fa00000|  0%| F|  |TAMS 0x000000070f900000, 0x000000070f900000| Untracked 
| 222|0x000000070fa00000, 0x000000070fa00000, 0x000000070fb00000|  0%| F|  |TAMS 0x000000070fa00000, 0x000000070fa00000| Untracked 
| 223|0x000000070fb00000, 0x000000070fb00000, 0x000000070fc00000|  0%| F|  |TAMS 0x000000070fb00000, 0x000000070fb00000| Untracked 
| 224|0x000000070fc00000, 0x000000070fc00000, 0x000000070fd00000|  0%| F|  |TAMS 0x000000070fc00000, 0x000000070fc00000| Untracked 
| 225|0x000000070fd00000, 0x000000070fd00000, 0x000000070fe00000|  0%| F|  |TAMS 0x000000070fd00000, 0x000000070fd00000| Untracked 
| 226|0x000000070fe00000, 0x000000070fe00000, 0x000000070ff00000|  0%| F|  |TAMS 0x000000070fe00000, 0x000000070fe00000| Untracked 
| 227|0x000000070ff00000, 0x000000070ff00000, 0x0000000710000000|  0%| F|  |TAMS 0x000000070ff00000, 0x000000070ff00000| Untracked 
| 228|0x0000000710000000, 0x0000000710000000, 0x0000000710100000|  0%| F|  |TAMS 0x0000000710000000, 0x0000000710000000| Untracked 
| 229|0x0000000710100000, 0x0000000710100000, 0x0000000710200000|  0%| F|  |TAMS 0x0000000710100000, 0x0000000710100000| Untracked 
| 230|0x0000000710200000, 0x0000000710200000, 0x0000000710300000|  0%| F|  |TAMS 0x0000000710200000, 0x0000000710200000| Untracked 
| 231|0x0000000710300000, 0x0000000710300000, 0x0000000710400000|  0%| F|  |TAMS 0x0000000710300000, 0x0000000710300000| Untracked 
| 232|0x0000000710400000, 0x0000000710400000, 0x0000000710500000|  0%| F|  |TAMS 0x0000000710400000, 0x0000000710400000| Untracked 
| 233|0x0000000710500000, 0x0000000710500000, 0x0000000710600000|  0%| F|  |TAMS 0x0000000710500000, 0x0000000710500000| Untracked 
| 234|0x0000000710600000, 0x000000071067ba58, 0x0000000710700000| 48%| E|  |TAMS 0x0000000710600000, 0x0000000710600000| Complete 
| 235|0x0000000710700000, 0x0000000710800000, 0x0000000710800000|100%| E|CS|TAMS 0x0000000710700000, 0x0000000710700000| Complete 
| 236|0x0000000710800000, 0x0000000710900000, 0x0000000710900000|100%| E|CS|TAMS 0x0000000710800000, 0x0000000710800000| Complete 
| 237|0x0000000710900000, 0x0000000710a00000, 0x0000000710a00000|100%| E|CS|TAMS 0x0000000710900000, 0x0000000710900000| Complete 
| 238|0x0000000710a00000, 0x0000000710b00000, 0x0000000710b00000|100%| E|CS|TAMS 0x0000000710a00000, 0x0000000710a00000| Complete 
| 239|0x0000000710b00000, 0x0000000710c00000, 0x0000000710c00000|100%| E|CS|TAMS 0x0000000710b00000, 0x0000000710b00000| Complete 
| 240|0x0000000710c00000, 0x0000000710d00000, 0x0000000710d00000|100%| E|CS|TAMS 0x0000000710c00000, 0x0000000710c00000| Complete 
| 241|0x0000000710d00000, 0x0000000710e00000, 0x0000000710e00000|100%| E|CS|TAMS 0x0000000710d00000, 0x0000000710d00000| Complete 
| 242|0x0000000710e00000, 0x0000000710f00000, 0x0000000710f00000|100%| E|CS|TAMS 0x0000000710e00000, 0x0000000710e00000| Complete 
| 243|0x0000000710f00000, 0x0000000711000000, 0x0000000711000000|100%| E|CS|TAMS 0x0000000710f00000, 0x0000000710f00000| Complete 
| 244|0x0000000711000000, 0x0000000711100000, 0x0000000711100000|100%| E|CS|TAMS 0x0000000711000000, 0x0000000711000000| Complete 
| 245|0x0000000711100000, 0x0000000711200000, 0x0000000711200000|100%| E|CS|TAMS 0x0000000711100000, 0x0000000711100000| Complete 
| 246|0x0000000711200000, 0x0000000711300000, 0x0000000711300000|100%| E|  |TAMS 0x0000000711200000, 0x0000000711200000| Complete 
| 247|0x0000000711300000, 0x0000000711400000, 0x0000000711400000|100%| E|CS|TAMS 0x0000000711300000, 0x0000000711300000| Complete 
| 248|0x0000000711400000, 0x0000000711500000, 0x0000000711500000|100%| E|CS|TAMS 0x0000000711400000, 0x0000000711400000| Complete 
| 249|0x0000000711500000, 0x0000000711600000, 0x0000000711600000|100%| E|CS|TAMS 0x0000000711500000, 0x0000000711500000| Complete 
| 250|0x0000000711600000, 0x0000000711700000, 0x0000000711700000|100%| E|CS|TAMS 0x0000000711600000, 0x0000000711600000| Complete 
| 251|0x0000000711700000, 0x0000000711800000, 0x0000000711800000|100%| E|CS|TAMS 0x0000000711700000, 0x0000000711700000| Complete 
| 252|0x0000000711800000, 0x0000000711900000, 0x0000000711900000|100%| E|CS|TAMS 0x0000000711800000, 0x0000000711800000| Complete 
| 253|0x0000000711900000, 0x0000000711a00000, 0x0000000711a00000|100%| E|CS|TAMS 0x0000000711900000, 0x0000000711900000| Complete 
| 254|0x0000000711a00000, 0x0000000711b00000, 0x0000000711b00000|100%| E|CS|TAMS 0x0000000711a00000, 0x0000000711a00000| Complete 
| 255|0x0000000711b00000, 0x0000000711c00000, 0x0000000711c00000|100%| E|CS|TAMS 0x0000000711b00000, 0x0000000711b00000| Complete 

Card table byte_map: [0x0000026efadd0000,0x0000026efb5d0000] _byte_map_base: 0x0000026ef75c2000

Marking Bits (Prev, Next): (CMBitMap*) 0x0000026ee2e914d8, (CMBitMap*) 0x0000026ee2e91510
 Prev Bits: [0x0000026efbdd0000, 0x0000026effd60000)
 Next Bits: [0x0000026e80000000, 0x0000026e83f90000)

Polling page: 0x0000026ee0d70000

Metaspace:

Usage:
  Non-class:     16.52 MB capacity,    16.26 MB ( 98%) used,   217.37 KB (  1%) free+waste,    48.44 KB ( <1%) overhead. 
      Class:      1.80 MB capacity,     1.58 MB ( 88%) used,   201.73 KB ( 11%) free+waste,    25.00 KB (  1%) overhead. 
       Both:     18.33 MB capacity,    17.84 MB ( 97%) used,   419.10 KB (  2%) free+waste,    73.44 KB ( <1%) overhead. 

Virtual space:
  Non-class space:       18.00 MB reserved,      16.75 MB ( 93%) committed 
      Class space:        1.00 GB reserved,       1.88 MB ( <1%) committed 
             Both:        1.02 GB reserved,      18.63 MB (  2%) committed 

Chunk freelists:
   Non-Class:  12.88 KB
       Class:  1.50 KB
        Both:  14.38 KB

CodeHeap 'non-profiled nmethods': size=120000Kb used=432Kb max_used=432Kb free=119567Kb
 bounds [0x0000026ef2d70000, 0x0000026ef2fe0000, 0x0000026efa2a0000]
CodeHeap 'profiled nmethods': size=120000Kb used=2589Kb max_used=2589Kb free=117410Kb
 bounds [0x0000026eeb840000, 0x0000026eebad0000, 0x0000026ef2d70000]
CodeHeap 'non-nmethods': size=5760Kb used=1556Kb max_used=1569Kb free=4203Kb
 bounds [0x0000026eeb2a0000, 0x0000026eeb510000, 0x0000026eeb840000]
 total_blobs=2456 nmethods=1359 adapters=1009
 compilation: enabled
              stopped_count=0, restarted_count=0
 full_count=0

Compilation events (10 events):
Event: 2.087 Thread 0x0000026e871c2800 1355       3       org.lwjgl.system.MemoryUtil::memGetAddress (31 bytes)
Event: 2.088 Thread 0x0000026e871c2800 nmethod 1355 0x0000026eebac5790 code [0x0000026eebac5940, 0x0000026eebac5b18]
Event: 2.097 Thread 0x0000026e871c2800 1356       3       java.util.concurrent.locks.LockSupport::parkNanos (29 bytes)
Event: 2.098 Thread 0x0000026e871c2800 nmethod 1356 0x0000026eebac5c10 code [0x0000026eebac5de0, 0x0000026eebac6170]
Event: 2.154 Thread 0x0000026e871c2800 1357       3       java.util.concurrent.locks.AbstractQueuedSynchronizer::compareAndSetState (10 bytes)
Event: 2.154 Thread 0x0000026e871c2800 nmethod 1357 0x0000026eebac6290 code [0x0000026eebac64a0, 0x0000026eebac6a80]
Event: 2.154 Thread 0x0000026e871c2800 1358       3       java.util.concurrent.locks.LockSupport::unpark (12 bytes)
Event: 2.154 Thread 0x0000026e871c2800 nmethod 1358 0x0000026eebac6c90 code [0x0000026eebac6e40, 0x0000026eebac7010]
Event: 2.163 Thread 0x0000026e871c2800 1359       3       java.awt.Component::getParent (5 bytes)
Event: 2.163 Thread 0x0000026e871c2800 nmethod 1359 0x0000026eebac7090 code [0x0000026eebac7240, 0x0000026eebac73b8]

GC Heap History (0 events):
No events

Deoptimization events (6 events):
Event: 0.097 Thread 0x0000026ee2e2e000 Uncommon trap: reason=unstable_if action=reinterpret pc=0x0000026ef2d7448c method=java.lang.String.hashCode()I @ 14 c2
Event: 0.357 Thread 0x0000026ee2e2e000 Uncommon trap: reason=unstable_if action=reinterpret pc=0x0000026ef2d9c59c method=java.lang.StringLatin1.replace([BCC)Ljava/lang/String; @ 19 c2
Event: 0.357 Thread 0x0000026ee2e2e000 Uncommon trap: reason=unstable_if action=reinterpret pc=0x0000026ef2d98210 method=jdk.internal.org.objectweb.asm.Type.getArgumentsAndReturnSizes(Ljava/lang/String;)I @ 88 c2
Event: 0.373 Thread 0x0000026ee2e2e000 Uncommon trap: reason=unstable_if action=reinterpret pc=0x0000026ef2d931b8 method=java.lang.invoke.LambdaForm$Name.replaceNames([Ljava/lang/invoke/LambdaForm$Name;[Ljava/lang/invoke/LambdaForm$Name;II)Ljava/lang/invoke/LambdaForm$Name; @ 3 c2
Event: 0.468 Thread 0x0000026ee2e2e000 Uncommon trap: reason=unstable_if action=reinterpret pc=0x0000026ef2d71df8 method=java.lang.String.isLatin1()Z @ 10 c2
Event: 0.627 Thread 0x0000026e88d5c000 Uncommon trap: reason=unstable_if action=reinterpret pc=0x0000026ef2da6dd4 method=jdk.internal.org.objectweb.asm.Frame.execute(IILjdk/internal/org/objectweb/asm/ClassWriter;Ljdk/internal/org/objectweb/asm/Item;)V @ 1 c2

Classes redefined (0 events):
No events

Internal exceptions (10 events):
Event: 0.485 Thread 0x0000026ee2e2e000 Exception <a 'java/lang/NoSuchMethodError'{0x0000000710f8a278}: java.lang.invoke.Invokers$Holder.linkToTargetMethod(Ljava/lang/Object;ILjava/lang/Object;)Ljava/lang/Object;> (0x0000000710f8a278) thrown at [./open/src/hotspot/share/interpreter/linkResolver
Event: 0.540 Thread 0x0000026e88d5c000 Exception <a 'sun/nio/fs/WindowsException'{0x0000000710e7d210}> (0x0000000710e7d210) thrown at [./open/src/hotspot/share/prims/jni.cpp, line 611]
Event: 0.540 Thread 0x0000026e88d5c000 Exception <a 'sun/nio/fs/WindowsException'{0x0000000710e7d500}> (0x0000000710e7d500) thrown at [./open/src/hotspot/share/prims/jni.cpp, line 611]
Event: 0.550 Thread 0x0000026e88d5c000 Exception <a 'sun/nio/fs/WindowsException'{0x0000000710eafcb0}> (0x0000000710eafcb0) thrown at [./open/src/hotspot/share/prims/jni.cpp, line 611]
Event: 0.550 Thread 0x0000026e88d5c000 Exception <a 'sun/nio/fs/WindowsException'{0x0000000710eaff80}> (0x0000000710eaff80) thrown at [./open/src/hotspot/share/prims/jni.cpp, line 611]
Event: 0.567 Thread 0x0000026e88d5c000 Exception <a 'sun/nio/fs/WindowsException'{0x0000000710ef9228}> (0x0000000710ef9228) thrown at [./open/src/hotspot/share/prims/jni.cpp, line 611]
Event: 0.567 Thread 0x0000026e88d5c000 Exception <a 'sun/nio/fs/WindowsException'{0x0000000710ef95d8}> (0x0000000710ef95d8) thrown at [./open/src/hotspot/share/prims/jni.cpp, line 611]
Event: 0.569 Thread 0x0000026e88d5c000 Exception <a 'sun/nio/fs/WindowsException'{0x0000000710d108a8}> (0x0000000710d108a8) thrown at [./open/src/hotspot/share/prims/jni.cpp, line 611]
Event: 0.569 Thread 0x0000026e88d5c000 Exception <a 'sun/nio/fs/WindowsException'{0x0000000710d10b90}> (0x0000000710d10b90) thrown at [./open/src/hotspot/share/prims/jni.cpp, line 611]
Event: 0.627 Thread 0x0000026e88d5c000 Exception <a 'java/lang/NoSuchMethodError'{0x0000000710c60c90}: java.lang.invoke.DirectMethodHandle$Holder.invokeSpecialIFC(Ljava/lang/Object;Ljava/lang/Object;I)I> (0x0000000710c60c90) thrown at [./open/src/hotspot/share/interpreter/linkResolver.cpp, lin

Events (10 events):
Event: 2.155 Executing VM operation: RevokeBias done
Event: 2.155 Thread 0x0000026e88d5c000 Thread exited: 0x0000026e88d5c000
Event: 2.155 Executing VM operation: RevokeBias
Event: 2.155 Executing VM operation: RevokeBias done
Event: 2.155 loading class java/awt/KeyboardFocusManager$2
Event: 2.155 loading class java/awt/KeyboardFocusManager$2 done
Event: 2.155 loading class sun/awt/SunToolkit$1
Event: 2.155 loading class sun/awt/SunToolkit$1 done
Event: 2.162 Executing VM operation: RevokeBias
Event: 2.162 Executing VM operation: RevokeBias done


Dynamic libraries:
0x00007ff7664d0000 - 0x00007ff7664df000 	C:\Program Files\Java\jdk-11.0.9\bin\javaw.exe
0x00007fff9e2c0000 - 0x00007fff9e4b0000 	C:\WINDOWS\SYSTEM32\ntdll.dll
0x00007fff9c530000 - 0x00007fff9c5e2000 	C:\WINDOWS\System32\KERNEL32.DLL
0x00007fff9ba80000 - 0x00007fff9bd25000 	C:\WINDOWS\System32\KERNELBASE.dll
0x00007fff9c1a0000 - 0x00007fff9c29a000 	C:\WINDOWS\System32\ucrtbase.dll
0x00007fff97800000 - 0x00007fff97818000 	C:\Program Files\Java\jdk-11.0.9\bin\jli.dll
0x00007fff977e0000 - 0x00007fff977f5000 	C:\Program Files\Java\jdk-11.0.9\bin\VCRUNTIME140.dll
0x00007fff9d970000 - 0x00007fff9da13000 	C:\WINDOWS\System32\ADVAPI32.dll
0x00007fff9cf80000 - 0x00007fff9d01e000 	C:\WINDOWS\System32\msvcrt.dll
0x00007fff9ce10000 - 0x00007fff9cea7000 	C:\WINDOWS\System32\sechost.dll
0x00007fff9ca60000 - 0x00007fff9cb80000 	C:\WINDOWS\System32\RPCRT4.dll
0x00007fff9c370000 - 0x00007fff9c504000 	C:\WINDOWS\System32\USER32.dll
0x00007fff9b230000 - 0x00007fff9b251000 	C:\WINDOWS\System32\win32u.dll
0x00007fff9db40000 - 0x00007fff9db66000 	C:\WINDOWS\System32\GDI32.dll
0x00007fff80ad0000 - 0x00007fff80d54000 	C:\WINDOWS\WinSxS\amd64_microsoft.windows.common-controls_6595b64144ccf1df_6.0.18362.1256_none_9e7e379be45e40e2\COMCTL32.dll
0x00007fff9be80000 - 0x00007fff9c016000 	C:\WINDOWS\System32\gdi32full.dll
0x00007fff9c720000 - 0x00007fff9ca56000 	C:\WINDOWS\System32\combase.dll
0x00007fff9bde0000 - 0x00007fff9be7e000 	C:\WINDOWS\System32\msvcp_win.dll
0x00007fff9b9f0000 - 0x00007fff9ba71000 	C:\WINDOWS\System32\bcryptPrimitives.dll
0x00007fff95990000 - 0x00007fff9599a000 	C:\WINDOWS\SYSTEM32\VERSION.dll
0x00007fff9e1d0000 - 0x00007fff9e1fe000 	C:\WINDOWS\System32\IMM32.DLL
0x00007fff71790000 - 0x00007fff7182b000 	C:\Program Files\Java\jdk-11.0.9\bin\msvcp140.dll
0x00007fff34cc0000 - 0x00007fff357b7000 	C:\Program Files\Java\jdk-11.0.9\bin\server\jvm.dll
0x00007fff9db70000 - 0x00007fff9db78000 	C:\WINDOWS\System32\PSAPI.DLL
0x00007fff97920000 - 0x00007fff97944000 	C:\WINDOWS\SYSTEM32\WINMM.dll
0x00007fff87370000 - 0x00007fff87379000 	C:\WINDOWS\SYSTEM32\WSOCK32.dll
0x00007fff9d710000 - 0x00007fff9d77f000 	C:\WINDOWS\System32\WS2_32.dll
0x00007fff978f0000 - 0x00007fff9791d000 	C:\WINDOWS\SYSTEM32\WINMMBASE.dll
0x00007fff9bd90000 - 0x00007fff9bdda000 	C:\WINDOWS\System32\cfgmgr32.dll
0x00007fff9b190000 - 0x00007fff9b1a1000 	C:\WINDOWS\System32\kernel.appcore.dll
0x00007fff95780000 - 0x00007fff95790000 	C:\Program Files\Java\jdk-11.0.9\bin\verify.dll
0x00007fff99930000 - 0x00007fff99b24000 	C:\WINDOWS\SYSTEM32\DBGHELP.DLL
0x00007fff88f70000 - 0x00007fff88f9a000 	C:\WINDOWS\SYSTEM32\dbgcore.DLL
0x00007fff895b0000 - 0x00007fff895d8000 	C:\Program Files\Java\jdk-11.0.9\bin\java.dll
0x00007fff92e20000 - 0x00007fff92e2a000 	C:\Program Files\Java\jdk-11.0.9\bin\jimage.dll
0x00007fff87380000 - 0x00007fff87396000 	C:\Program Files\Java\jdk-11.0.9\bin\zip.dll
0x00007fff9d020000 - 0x00007fff9d707000 	C:\WINDOWS\System32\SHELL32.dll
0x00007fff9d780000 - 0x00007fff9d829000 	C:\WINDOWS\System32\shcore.dll
0x00007fff9b260000 - 0x00007fff9b9e1000 	C:\WINDOWS\System32\windows.storage.dll
0x00007fff9b200000 - 0x00007fff9b223000 	C:\WINDOWS\System32\profapi.dll
0x00007fff9b1b0000 - 0x00007fff9b1fa000 	C:\WINDOWS\System32\powrprof.dll
0x00007fff9b160000 - 0x00007fff9b170000 	C:\WINDOWS\System32\UMPDC.dll
0x00007fff9db80000 - 0x00007fff9dbd2000 	C:\WINDOWS\System32\shlwapi.dll
0x00007fff9c2a0000 - 0x00007fff9c2b7000 	C:\WINDOWS\System32\cryptsp.dll
0x00007fff7c6a0000 - 0x00007fff7c6b9000 	C:\Program Files\Java\jdk-11.0.9\bin\net.dll
0x00007fff93b10000 - 0x00007fff93c00000 	C:\WINDOWS\SYSTEM32\WINHTTP.dll
0x00007fff9a910000 - 0x00007fff9a977000 	C:\WINDOWS\system32\mswsock.dll
0x00007fff7c200000 - 0x00007fff7c212000 	C:\Program Files\Java\jdk-11.0.9\bin\nio.dll
0x00007fff715f0000 - 0x00007fff7178a000 	C:\Program Files\Java\jdk-11.0.9\bin\awt.dll
0x00007fff9ceb0000 - 0x00007fff9cf75000 	C:\WINDOWS\System32\OLEAUT32.dll
0x00007fff98ee0000 - 0x00007fff98f6f000 	C:\WINDOWS\SYSTEM32\apphelp.dll
0x00007fff99520000 - 0x00007fff9954d000 	C:\WINDOWS\system32\DWMAPI.DLL
0x00007fff98fe0000 - 0x00007fff99079000 	C:\WINDOWS\system32\uxtheme.dll
0x00007fff76110000 - 0x00007fff76266000 	C:\WINDOWS\system32\opengl32.dll
0x00007fff760a0000 - 0x00007fff760cc000 	C:\WINDOWS\SYSTEM32\GLU32.dll
0x00007fff99db0000 - 0x00007fff99dd0000 	C:\WINDOWS\SYSTEM32\dxcore.dll
0x00007fff9d830000 - 0x00007fff9d965000 	C:\WINDOWS\System32\MSCTF.dll
0x00007fff9dbe0000 - 0x00007fff9dd37000 	C:\WINDOWS\System32\ole32.dll
0x00007fff709e0000 - 0x00007fff70a44000 	C:\Users\tomsh\AppData\Local\Temp\lwjgltomsh\3.2.3-build-13\lwjgl.dll
0x00007fff4fbc0000 - 0x00007fff4fe13000 	C:\Users\tomsh\AppData\Local\Temp\lwjgltomsh\3.2.3-build-13\jemalloc.dll
0x00007fff979c0000 - 0x00007fff979c7000 	C:\Program Files\Java\jdk-11.0.9\bin\jawt.dll
0x00007fff71560000 - 0x00007fff715e2000 	C:\Program Files\Java\jdk-11.0.9\bin\freetype.dll
0x00007fff714b0000 - 0x00007fff71556000 	C:\Program Files\Java\jdk-11.0.9\bin\fontmanager.dll
0x00007fff858a0000 - 0x00007fff8593e000 	C:\WINDOWS\System32\TextInputFramework.dll
0x00007fff98c80000 - 0x00007fff98d54000 	C:\WINDOWS\System32\CoreMessaging.dll
0x00007fff94fe0000 - 0x00007fff9530a000 	C:\WINDOWS\System32\CoreUIComponents.dll
0x00007fff9a140000 - 0x00007fff9a171000 	C:\WINDOWS\SYSTEM32\ntmarta.dll
0x00007fff96770000 - 0x00007fff968c3000 	C:\WINDOWS\SYSTEM32\wintypes.dll
0x00007fff8a620000 - 0x00007fff8a8c7000 	C:\WINDOWS\System32\iertutil.dll
0x00007fff2fff0000 - 0x00007fff30ff5000 	C:\WINDOWS\System32\DriverStore\FileRepository\iigd_dch.inf_amd64_f48be35b3d221b44\ig9icd64.dll
0x00007fff99ea0000 - 0x00007fff99f8b000 	C:\WINDOWS\system32\dxgi.dll
0x00007fff70d50000 - 0x00007fff7116a000 	C:\WINDOWS\System32\DriverStore\FileRepository\iigd_dch.inf_amd64_f48be35b3d221b44\igdml64.dll
0x00007fff8f090000 - 0x00007fff8f312000 	C:\WINDOWS\System32\DriverStore\FileRepository\iigd_dch.inf_amd64_f48be35b3d221b44\igdgmm64.dll
0x00007fff6fc50000 - 0x00007fff6fca9000 	C:\Users\tomsh\AppData\Local\Temp\lwjgltomsh\3.2.3-build-13\lwjgl_opengl.dll
0x00007fff8c4b0000 - 0x00007fff8f08e000 	C:\WINDOWS\System32\DriverStore\FileRepository\iigd_dch.inf_amd64_f48be35b3d221b44\igc64.dll

dbghelp: loaded successfully - version: 4.0.5 - missing functions: none
symbol engine: initialized successfully - sym options: 0x614 - pdb path: .;C:\Program Files\Java\jdk-11.0.9\bin;C:\WINDOWS\SYSTEM32;C:\WINDOWS\WinSxS\amd64_microsoft.windows.common-controls_6595b64144ccf1df_6.0.18362.1256_none_9e7e379be45e40e2;C:\Program Files\Java\jdk-11.0.9\bin\server;C:\Users\tomsh\AppData\Local\Temp\lwjgltomsh\3.2.3-build-13;C:\WINDOWS\System32\DriverStore\FileRepository\iigd_dch.inf_amd64_f48be35b3d221b44

VM Arguments:
jvm_args: -Dfile.encoding=Cp1252 
java_command: editor.lwlgltest
java_class_path (initial): D:\My-Programs\Java\Cy4Engine\Cy4Engine\target\classes;C:\Users\tomsh\.m2\repository\org\lwjgl\lwjgl\3.2.3\lwjgl-3.2.3.jar;C:\Users\tomsh\.m2\repository\org\lwjgl\lwjgl-assimp\3.2.3\lwjgl-assimp-3.2.3.jar;C:\Users\tomsh\.m2\repository\org\lwjgl\lwjgl-glfw\3.2.3\lwjgl-glfw-3.2.3.jar;C:\Users\tomsh\.m2\repository\org\lwjgl\lwjgl-jemalloc\3.2.3\lwjgl-jemalloc-3.2.3.jar;C:\Users\tomsh\.m2\repository\org\lwjgl\lwjgl-openal\3.2.3\lwjgl-openal-3.2.3.jar;C:\Users\tomsh\.m2\repository\org\lwjgl\lwjgl-opengl\3.2.3\lwjgl-opengl-3.2.3.jar;C:\Users\tomsh\.m2\repository\org\lwjgl\lwjgl-stb\3.2.3\lwjgl-stb-3.2.3.jar;C:\Users\tomsh\.m2\repository\org\lwjgl\lwjgl\3.2.3\lwjgl-3.2.3-natives-windows.jar;C:\Users\tomsh\.m2\repository\org\lwjgl\lwjgl-assimp\3.2.3\lwjgl-assimp-3.2.3-natives-windows.jar;C:\Users\tomsh\.m2\repository\org\lwjgl\lwjgl-glfw\3.2.3\lwjgl-glfw-3.2.3-natives-windows.jar;C:\Users\tomsh\.m2\repository\org\lwjgl\lwjgl-jemalloc\3.2.3\lwjgl-jemalloc-3.2.3-natives-windows.jar;C:\Users\tomsh\.m2\repository\org\lwjgl\lwjgl-openal\3.2.3\lwjgl-openal-3.2.3-natives-windows.jar;C:\Users\tomsh\.m2\repository\org\lwjgl\lwjgl-opengl\3.2.3\lwjgl-opengl-3.2.3-natives-windows.jar;C:\Users\tomsh\.m2\repository\org\lwjgl\lwjgl-stb\3.2.3\lwjgl-stb-3.2.3-natives-windows.jar;C:\Users\tomsh\.m2\repository\org\lwjglx\lwjgl3-awt\0.1.7\lwjgl3-awt-0.1.7.jar;C:\Users\tomsh\.m2\repository\org\lwjgl\lwjgl-jawt\3.2.3\lwjgl-jawt-3.2.3.jar;C:\Users\tomsh\.m2\repository\org\lwjgl\lwjgl-vulkan\3.2.3\lwjgl-vulkan-3.2.3.jar;C:\Users\tomsh\.m2\repository\org\json\json\20201115\json-20201115.jar
Launcher Type: SUN_STANDARD

[Global flags]
     intx CICompilerCount                          = 4                                         {product} {ergonomic}
     uint ConcGCThreads                            = 2                                         {product} {ergonomic}
     uint G1ConcRefinementThreads                  = 8                                         {product} {ergonomic}
   size_t G1HeapRegionSize                         = 1048576                                   {product} {ergonomic}
    uintx GCDrainStackTargetSize                   = 64                                        {product} {ergonomic}
   size_t InitialHeapSize                          = 268435456                                 {product} {ergonomic}
   size_t MarkStackSize                            = 4194304                                   {product} {ergonomic}
   size_t MaxHeapSize                              = 4265607168                                {product} {ergonomic}
   size_t MaxNewSize                               = 2558525440                                {product} {ergonomic}
   size_t MinHeapDeltaBytes                        = 1048576                                   {product} {ergonomic}
    uintx NonNMethodCodeHeapSize                   = 5836300                                {pd product} {ergonomic}
    uintx NonProfiledCodeHeapSize                  = 122910970                              {pd product} {ergonomic}
    uintx ProfiledCodeHeapSize                     = 122910970                              {pd product} {ergonomic}
    uintx ReservedCodeCacheSize                    = 251658240                              {pd product} {ergonomic}
     bool SegmentedCodeCache                       = true                                      {product} {ergonomic}
     bool UseCompressedClassPointers               = true                                 {lp64_product} {ergonomic}
     bool UseCompressedOops                        = true                                 {lp64_product} {ergonomic}
     bool UseG1GC                                  = true                                      {product} {ergonomic}
     bool UseLargePagesIndividualAllocation        = false                                  {pd product} {ergonomic}

Logging:
Log output configuration:
 #0: stdout all=warning uptime,level,tags
 #1: stderr all=off uptime,level,tags

Environment Variables:
JAVA_HOME=C:\Users\tomsh\AppData\Local\Programs\AdoptOpenJDK\jdk-11.0.8.10-hotspot
PATH=C:/Program Files/Java/jdk-11.0.9/bin/server;C:/Program Files/Java/jdk-11.0.9/bin;C:\Program Files\Common Files\Oracle\Java\javapath;C:\Program Files (x86)\Common Files\Oracle\Java\javapath;C:\Program Files\NVIDIA GPU Computing Toolkit\CUDA\v10.2\bin;C:\Program Files\NVIDIA GPU Computing Toolkit\CUDA\v10.2\libnvvp;C:\Python38\Scripts\;C:\Python38\;C:\ProgramData\Oracle\Java\javapath;C:\Program Files (x86)\Common Files\Intel\Shared Libraries\redist\intel64\compiler;C:\Program Files (x86)\Intel\iCLS Client\;C:\Program Files\Intel\iCLS Client\;C:\WINDOWS\system32;C:\WINDOWS;C:\WINDOWS\System32\Wbem;C:\WINDOWS\System32\WindowsPowerShell\v1.0\;C:\WINDOWS\System32\OpenSSH\;C:\Program Files (x86)\Intel\Intel(R) Management Engine Components\DAL;C:\Program Files\Intel\Intel(R) Management Engine Components\DAL;C:\Program Files (x86)\Intel\Intel(R) Management Engine Components\IPT;C:\Program Files\Intel\Intel(R) Management Engine Components\IPT;C:\Program Files\Intel\WiFi\bin\;C:\Program Files\Common Files\Intel\WirelessCommon\;C:\Android;C:\Windows\System32;C:\ffmpeg-20190826-0821bc4-win64-static\bin;C:\Program Files\Java\jdk1.8.0_231\bin;C:\webdrivers;C:\ProgramData\chocolatey\bin;C:\Program Files\Microsoft VS Code\bin;C:\Program Files\Microsoft SQL Server\130\Tools\Binn\;C:\Program Files\nodejs\;C:\Program Files\Git\cmd;C:\Program Files\mingw-w64\x86_64-8.1.0-posix-seh-rt_v6-rev0\mingw64\bin;C:\Program Files (x86)\dotnet\;C:\Program Files\dotnet\;C:\Users\tomsh\AppData\Local\Programs\AdoptOpenJDK\jdk-11.0.8.10-hotspot\bin;C:\Users\tomsh\AppData\Roaming\.minecraft\ffmpeg\bin;C:\Program Files\NVIDIA GPU Computing Toolkit\CUDA\v10.2\bin;C:\Program Files\NVIDIA GPU Computing Toolkit\CUDA\v10.2\libnvvp;C:\Program Files (x86)\Common Files\Oracle\Java\javapath;C:\Python38\Scripts\;C:\Python38\;C:\ProgramData\Oracle\Java\javapath;C:\Program Files (x86)\Common Files\Intel\Shared Libraries\redist\intel64\compiler;C:\Program Files (x86)\Intel\iCLS Client\;C:\Program Files\Intel\iCLS 
USERNAME=tomsh
OS=Windows_NT
PROCESSOR_IDENTIFIER=Intel64 Family 6 Model 142 Stepping 10, GenuineIntel



---------------  S Y S T E M  ---------------

OS: Windows 10 , 64 bit Build 18362 (10.0.18362.1110)
HyperV virtualization detected

CPU:total 8 (initial active 8) (4 cores per cpu, 2 threads per core) family 6 model 142 stepping 10, cmov, cx8, fxsr, mmx, sse, sse2, sse3, ssse3, sse4.1, sse4.2, popcnt, avx, avx2, aes, clmul, erms, 3dnowpref, lzcnt, ht, tsc, tscinvbit, bmi1, bmi2, adx, fma

Memory: 4k page, system-wide physical 16270M (8667M free)
TotalPageFile size 18702M (AvailPageFile size 9542M)
current process WorkingSet (physical memory assigned to process): 129M, peak: 148M
current process commit charge ("private bytes"): 392M, peak: 392M

vm_info: Java HotSpot(TM) 64-Bit Server VM (11.0.9+7-LTS) for windows-amd64 JRE (11.0.9+7-LTS), built on Sep 15 2020 16:47:03 by "mach5one" with MS VC++ 15.9 (VS2017)

END.
